
*** Chat Log Opened: Sat Mar 13 14:41:54 2010

[14:41:54]  To stop logging, type /chatlog again.
[14:41:59] <Begin Info: Exquisite Avernal Malison Great Sword>
[14:41:59]  
[14:41:59] Magical Bonuses:
[14:41:59] - Two Handed: 5 pts
[14:41:59] - Constitution: 15 pts
[14:41:59] - Dexterity: 15 pts
[14:41:59]  
[14:41:59] Level Requirement: 49 Level
[14:41:59]  
[14:41:59]  
[14:41:59] Magical Ability:
[14:41:59] Function: direct damage
[14:41:59]  
[14:41:59] Damages the target.
[14:41:59]  
[14:41:59] Damage: 71
[14:41:59] Target: Point-Blank Area
[14:41:59] Casting time: instant
[14:41:59] Radius: 350
[14:41:59] Damage: Heat
[14:41:59]  
[14:41:59] - Spell has a chance of casting when this weapon strikes an enemy.
[14:41:59]  
[14:41:59] Damage Modifiers:
[14:41:59] - 16.2 Base DPS (16.2 Clamped DPS)
[14:41:59] - 5.1 Weapon Speed
[14:41:59] - 100% Quality / 100% Condition
[14:41:59] - Damage Type: Slash
[14:41:59]  
[14:41:59] - Effective Damage: 16.2 DPS
[14:41:59]  
[14:41:59]  
[14:41:59] Bonus Level: 30
[14:41:59] <End Info>
[14:42:22] @@You say, "STR 100, slash 50, two handed 50 + 5"
[14:42:25] You enter combat mode and target [Acetestcleric]
[14:42:25] You attack Acetestcleric with your sword and hit for 108 (-3) damage!
[14:42:30] You miss!
[14:42:35] You attack Acetestcleric with your sword and hit for 142 (-4) damage!
[14:42:35] You hit Acetestcleric for 73 (-6) damage!
[14:42:40] You attack Acetestcleric with your sword and hit for 143 (-4) damage!
[14:42:45] You attack Acetestcleric with your sword and hit for 108 (-3) damage!
[14:42:50] You attack Acetestcleric with your sword and hit for 130 (-4) damage!
[14:42:50] You hit Acetestcleric for 78 (-7) damage!
[14:42:55] You attack Acetestcleric with your sword and hit for 112 (-3) damage!
[14:43:00] You attack Acetestcleric with your sword and hit for 135 (-4) damage!
[14:43:05] You attack Acetestcleric with your sword and hit for 129 (-4) damage!
[14:43:10] You attack Acetestcleric with your sword and hit for 127 (-4) damage!
[14:43:15] You attack Acetestcleric with your sword and hit for 122 (-4) damage!
[14:43:20] You attack Acetestcleric with your sword and hit for 145 (-4) damage!
[14:43:20] Your duel ends!
[14:43:20] You just killed Acetestcleric!
[14:43:20] Acetestcleric's enhanced vigor fades.
[14:43:20] Acetestcleric just died.  His corpse lies on the ground.
[14:43:20] Tolapallytest wins the duel!
[14:43:23] You can't attack a member of your realm!
[14:43:49] You target [Acetestcleric]
[14:43:49] You examine Acetestcleric.  He is a member of the Cleric class in your realm.
[14:43:57] You challenge Acetestcleric to a duel!
[14:44:01] Acetestcleric accepts the duel.  Begin fighting!
[14:46:50]  You auto-stick Acetestcleric.
[14:46:53]  You are no longer sticking your target.
[14:46:58] You enter combat mode and target [Acetestcleric]
[14:46:58] You attack Acetestcleric with your sword and hit for 110 (-3) damage!
[14:47:03] You attack Acetestcleric with your sword and hit for 146 (-5) damage!
[14:47:08] You attack Acetestcleric with your sword and hit for 145 (-4) damage!
[14:47:18] Acetestcleric looks healthier!
[14:47:21] You enter combat mode and target [Acetestcleric]
[14:47:21] You miss!
[14:47:26] You attack Acetestcleric with your sword and hit for 129 (-4) damage!
[14:47:31] You miss!
[14:47:36] You attack Acetestcleric with your sword and hit for 143 (-4) damage!
[14:47:42] You attack Acetestcleric with your sword and hit for 128 (-4) damage!
[14:47:47] You attack Acetestcleric with your sword and hit for 108 (-3) damage!
[14:47:52] You attack Acetestcleric with your sword and hit for 124 (-4) damage!
[14:47:57] You attack Acetestcleric with your sword and hit for 122 (-4) damage!
[14:48:02] You miss!
[14:48:07] You attack Acetestcleric with your sword and hit for 135 (-4) damage!
[14:48:12] You attack Acetestcleric with your sword and hit for 130 (-4) damage!
[14:48:17] You attack Acetestcleric with your sword and hit for 130 (-4) damage!
[14:48:22] You attack Acetestcleric with your sword and hit for 142 (-4) damage!
[14:48:27] You attack Acetestcleric with your sword and hit for 110 (-3) damage!
[14:48:32] You attack Acetestcleric with your sword and hit for 133 (-4) damage!
[14:48:32] You hit Acetestcleric for 61 (-5) damage!
[14:48:37] You attack Acetestcleric with your sword and hit for 133 (-4) damage!
[14:48:37] You critical hit for an additional 51 damage!
[14:48:42] You miss!
[14:48:44] Your character has been saved.
[14:48:46] You attack Acetestcleric with your sword and hit for 145 (-4) damage!
[14:48:52] You attack Acetestcleric with your sword and hit for 138 (-4) damage!
[14:48:56] You attack Acetestcleric with your sword and hit for 123 (-4) damage!
[14:49:02] You attack Acetestcleric with your sword and hit for 115 (-4) damage!
[14:49:06] You attack Acetestcleric with your sword and hit for 130 (-4) damage!
[14:49:12] You miss!
[14:49:17] You attack Acetestcleric with your sword and hit for 128 (-4) damage!
[14:49:22] You attack Acetestcleric with your sword and hit for 117 (-4) damage!
[14:49:27] You attack Acetestcleric with your sword and hit for 148 (-5) damage!
[14:49:32] You attack Acetestcleric with your sword and hit for 132 (-4) damage!
[14:49:37] You attack Acetestcleric with your sword and hit for 120 (-4) damage!
[14:49:42] You miss!
[14:49:47] You attack Acetestcleric with your sword and hit for 140 (-4) damage!
[14:49:52] You attack Acetestcleric with your sword and hit for 136 (-4) damage!
[14:49:57] You miss!
[14:50:02] You attack Acetestcleric with your sword and hit for 124 (-4) damage!
[14:50:15] @@You say, "40"
[14:50:23] You enter combat mode and target [Acetestcleric]
[14:50:23] You miss!
[14:50:28] You attack Acetestcleric with your sword and hit for 140 (-4) damage!
[14:50:33] You attack Acetestcleric with your sword and hit for 134 (-4) damage!
[14:50:38] You attack Acetestcleric with your sword and hit for 141 (-4) damage!
[14:50:43] You attack Acetestcleric with your sword and hit for 110 (-3) damage!
[14:50:48] You attack Acetestcleric with your sword and hit for 118 (-4) damage!
[14:50:48] You critical hit for an additional 47 damage!
[14:50:53] You attack Acetestcleric with your sword and hit for 108 (-3) damage!
[14:50:59] You attack Acetestcleric with your sword and hit for 111 (-3) damage!
[14:51:03] You attack Acetestcleric with your sword and hit for 131 (-4) damage!
[14:51:08] You attack Acetestcleric with your sword and hit for 119 (-4) damage!
[14:51:08] You critical hit for an additional 15 damage!
[14:51:13] You attack Acetestcleric with your sword and hit for 135 (-4) damage!
[14:51:19] @@You say, "50"
[14:51:35] You enter combat mode and target [Acetestcleric]
[14:51:35] You attack Acetestcleric with your sword and hit for 109 (-3) damage!
[14:51:40] You attack Acetestcleric with your sword and hit for 130 (-4) damage!
[14:51:45] You miss!
[14:51:50] You attack Acetestcleric with your sword and hit for 136 (-4) damage!
[14:51:55] You attack Acetestcleric with your sword and hit for 134 (-4) damage!
[14:52:00] You attack Acetestcleric with your sword and hit for 120 (-4) damage!
[14:52:05] You attack Acetestcleric with your sword and hit for 139 (-4) damage!
[14:52:05] You critical hit for an additional 19 damage!
[14:52:10] You attack Acetestcleric with your sword and hit for 130 (-4) damage!
[14:52:15] You attack Acetestcleric with your sword and hit for 125 (-4) damage!
[14:52:20] You attack Acetestcleric with your sword and hit for 133 (-4) damage!
[14:52:25] You attack Acetestcleric with your sword and hit for 114 (-4) damage!
[14:52:30] You attack Acetestcleric with your sword and hit for 141 (-4) damage!
[14:52:30] You critical hit for an additional 56 damage!
[14:52:38] @@You say, "61"
[14:52:53] You enter combat mode and target [Acetestcleric]
[14:52:53] You attack Acetestcleric with your sword and hit for 143 (-4) damage!
[14:52:58] You attack Acetestcleric with your sword and hit for 127 (-4) damage!
[14:53:03] You attack Acetestcleric with your sword and hit for 140 (-4) damage!
[14:53:08] You attack Acetestcleric with your sword and hit for 139 (-4) damage!
[14:53:13] You attack Acetestcleric with your sword and hit for 112 (-3) damage!
[14:53:18] You attack Acetestcleric with your sword and hit for 115 (-4) damage!
[14:53:23] You attack Acetestcleric with your sword and hit for 108 (-3) damage!
[14:53:28] You attack Acetestcleric with your sword and hit for 138 (-4) damage!
[14:53:33] You miss!
[14:53:38] You attack Acetestcleric with your sword and hit for 115 (-4) damage!
[14:53:43] You attack Acetestcleric with your sword and hit for 144 (-4) damage!
[14:53:48] You attack Acetestcleric with your sword and hit for 118 (-4) damage!
[14:53:48] You critical hit for an additional 44 damage!
[14:53:53] You miss!
[14:53:58] You attack Acetestcleric with your sword and hit for 116 (-4) damage!
[14:54:04] @@You say, "73"
[14:54:16] You enter combat mode and target [Acetestcleric]
[14:54:17] You miss!
[14:54:22] You attack Acetestcleric with your sword and hit for 124 (-4) damage!
[14:54:27] You attack Acetestcleric with your sword and hit for 147 (-5) damage!
[14:54:32] You attack Acetestcleric with your sword and hit for 136 (-4) damage!
[14:54:37] You attack Acetestcleric with your sword and hit for 128 (-4) damage!
[14:54:42] You miss!
[14:54:47] You attack Acetestcleric with your sword and hit for 143 (-4) damage!
[14:54:51] You attack Acetestcleric with your sword and hit for 143 (-4) damage!
[14:54:57] You attack Acetestcleric with your sword and hit for 141 (-4) damage!
[14:55:02] You attack Acetestcleric with your sword and hit for 116 (-4) damage!
[14:55:02] You hit Acetestcleric for 78 (-7) damage!
[14:55:07] You miss!
[14:55:12] You attack Acetestcleric with your sword and hit for 119 (-4) damage!
[14:55:17] You attack Acetestcleric with your sword and hit for 123 (-4) damage!
[14:55:24] @@You say, "83"
[14:55:38] You enter combat mode and target [Acetestcleric]
[14:55:38] You attack Acetestcleric with your sword and hit for 121 (-4) damage!
[14:55:43] You attack Acetestcleric with your sword and hit for 108 (-3) damage!
[14:55:48] You attack Acetestcleric with your sword and hit for 144 (-4) damage!
[14:55:48] You critical hit for an additional 60 damage!
[14:55:53] You attack Acetestcleric with your sword and hit for 140 (-4) damage!
[14:55:58] You attack Acetestcleric with your sword and hit for 132 (-4) damage!
[14:56:03] You attack Acetestcleric with your sword and hit for 144 (-4) damage!
[14:56:08] You attack Acetestcleric with your sword and hit for 118 (-4) damage!
[14:56:08] You hit Acetestcleric for 65 (-6) damage!
[14:56:13] You attack Acetestcleric with your sword and hit for 114 (-4) damage!
[14:56:18] You attack Acetestcleric with your sword and hit for 148 (-5) damage!
[14:56:23] You attack Acetestcleric with your sword and hit for 122 (-4) damage!
[14:56:28] @@You say, "93"
[14:56:42] You enter combat mode and target [Acetestcleric]
[14:56:42] You attack Acetestcleric with your sword and hit for 136 (-4) damage!
[14:56:47] You attack Acetestcleric with your sword and hit for 132 (-4) damage!
[14:56:52] You attack Acetestcleric with your sword and hit for 121 (-4) damage!
[14:56:57] You attack Acetestcleric with your sword and hit for 138 (-4) damage!
[14:57:02] You attack Acetestcleric with your sword and hit for 147 (-5) damage!
[14:57:07] You attack Acetestcleric with your sword and hit for 126 (-4) damage!
[14:57:12] You attack Acetestcleric with your sword and hit for 138 (-4) damage!
[14:57:17] You attack Acetestcleric with your sword and hit for 127 (-4) damage!
[14:57:22] You attack Acetestcleric with your sword and hit for 114 (-4) damage!
[14:57:27] You attack Acetestcleric with your sword and hit for 140 (-4) damage!
[14:57:32] You attack Acetestcleric with your sword and hit for 144 (-4) damage!

*** Chat Log Closed: Sat Mar 13 14:57:40 2010


