
*** Chat Log Opened: Sat Mar 13 13:27:22 2010

[13:27:22]  To stop logging, type /chatlog again.
[13:27:27] <Begin Info: Exquisite Avernal Malison Longsword>
[13:27:27]  
[13:27:27] Magical Bonuses:
[13:27:27] - Slash: 5 pts
[13:27:27] - Strength: 15 pts
[13:27:27] - Quickness: 15 pts
[13:27:27]  
[13:27:27] Level Requirement: 49 Level
[13:27:27]  
[13:27:27]  
[13:27:27] Magical Ability:
[13:27:27] Function: direct damage
[13:27:27]  
[13:27:27] Damages the target.
[13:27:27]  
[13:27:27] Damage: 71
[13:27:27] Target: Point-Blank Area
[13:27:27] Casting time: instant
[13:27:27] Radius: 350
[13:27:27] Damage: Heat
[13:27:27]  
[13:27:27] - Spell has a chance of casting when this weapon strikes an enemy.
[13:27:27]  
[13:27:27] Damage Modifiers:
[13:27:27] - 16.2 Base DPS (16.2 Clamped DPS)
[13:27:27] - 3.6 Weapon Speed
[13:27:27] - 100% Quality / 100% Condition
[13:27:27] - Damage Type: Slash
[13:27:27]  
[13:27:27] - Effective Damage: 16.2 DPS
[13:27:27]  
[13:27:27]  
[13:27:27] Bonus Level: 30
[13:27:27] <End Info>
[13:28:12] @@You say, "STR 100, Slash 50 + 5"
[13:28:16] You target [Acetestcleric]
[13:28:16] You examine Acetestcleric.  He is a member of the Cleric class in your realm.
[13:28:20] You challenge Acetestcleric to a duel!
[13:28:23] Acetestcleric accepts the duel.  Begin fighting!
[13:28:27] You enter combat mode and target [Acetestcleric]
[13:28:27] You attack Acetestcleric with your sword and hit for 67 (-2) damage!
[13:28:27] You hit Acetestcleric for 74 (-6) damage!
[13:28:28] Your character has been saved.
[13:28:30] You attack Acetestcleric with your sword and hit for 70 (-2) damage!
[13:28:34] You attack Acetestcleric with your sword and hit for 57 (-2) damage!
[13:28:34] You hit Acetestcleric for 77 (-7) damage!
[13:28:37] You attack Acetestcleric with your sword and hit for 62 (-2) damage!
[13:28:41] You attack Acetestcleric with your sword and hit for 52 (-2) damage!
[13:28:44] You miss!
[13:28:48] You attack Acetestcleric with your sword and hit for 60 (-2) damage!
[13:28:48] You hit Acetestcleric for 74 (-6) damage!
[13:28:51] You attack Acetestcleric with your sword and hit for 60 (-2) damage!
[13:28:55] You attack Acetestcleric with your sword and hit for 62 (-2) damage!
[13:28:55] You critical hit for an additional 22 damage!
[13:28:58] You miss!
[13:29:02] You attack Acetestcleric with your sword and hit for 70 (-2) damage!
[13:29:05] You attack Acetestcleric with your sword and hit for 53 (-2) damage!
[13:29:05] You critical hit for an additional 14 damage!
[13:29:09] You attack Acetestcleric with your sword and hit for 63 (-2) damage!
[13:29:12] You attack Acetestcleric with your sword and hit for 52 (-2) damage!
[13:29:12] You critical hit for an additional 10 damage!
[13:29:16] You attack Acetestcleric with your sword and hit for 64 (-2) damage!
[13:29:19] You miss!
[13:29:22] You miss!
[13:29:26] You attack Acetestcleric with your sword and hit for 64 (-2) damage!
[13:29:29] You miss!
[13:29:33] You miss!
[13:29:36] You attack Acetestcleric with your sword and hit for 55 (-2) damage!
[13:29:40] You attack Acetestcleric with your sword and hit for 70 (-2) damage!
[13:29:40] You critical hit for an additional 15 damage!
[13:29:43] You miss!
[13:29:47] You attack Acetestcleric with your sword and hit for 58 (-2) damage!
[13:29:50] You attack Acetestcleric with your sword and hit for 60 (-2) damage!
[13:29:50] You critical hit for an additional 28 damage!
[13:29:54] You attack Acetestcleric with your sword and hit for 56 (-2) damage!
[13:29:57] You attack Acetestcleric with your sword and hit for 70 (-2) damage!
[13:30:01] You attack Acetestcleric with your sword and hit for 60 (-2) damage!
[13:30:04] You attack Acetestcleric with your sword and hit for 63 (-2) damage!
[13:30:07] You attack Acetestcleric with your sword and hit for 55 (-2) damage!
[13:30:11] You miss!
[13:30:14] You attack Acetestcleric with your sword and hit for 55 (-2) damage!
[13:30:18] You attack Acetestcleric with your sword and hit for 53 (-2) damage!
[13:30:21] You miss!
[13:30:25] You attack Acetestcleric with your sword and hit for 68 (-2) damage!
[13:30:28] You attack Acetestcleric with your sword and hit for 53 (-2) damage!
[13:30:32] You attack Acetestcleric with your sword and hit for 63 (-2) damage!
[13:30:35] You miss!
[13:30:39] You attack Acetestcleric with your sword and hit for 72 (-2) damage!
[13:30:39] You critical hit for an additional 23 damage!
[13:30:42] You attack Acetestcleric with your sword and hit for 57 (-2) damage!
[13:30:46] You miss!
[13:30:49] You miss!
[13:30:53] You miss!
[13:30:56] You attack Acetestcleric with your sword and hit for 55 (-2) damage!
[13:30:59] You attack Acetestcleric with your sword and hit for 55 (-2) damage!
[13:30:59] You critical hit for an additional 15 damage!
[13:31:03] You attack Acetestcleric with your sword and hit for 72 (-2) damage!
[13:31:06] You attack Acetestcleric with your sword and hit for 57 (-2) damage!
[13:31:10] You attack Acetestcleric with your sword and hit for 53 (-2) damage!
[13:31:13] You miss!
[13:31:17] You attack Acetestcleric with your sword and hit for 57 (-2) damage!
[13:31:20] You attack Acetestcleric with your sword and hit for 72 (-2) damage!
[13:31:24] You attack Acetestcleric with your sword and hit for 65 (-2) damage!
[13:31:27] You attack Acetestcleric with your sword and hit for 70 (-2) damage!
[13:31:27] You critical hit for an additional 17 damage!
[13:31:31] You attack Acetestcleric with your sword and hit for 55 (-2) damage!
[13:31:34] You attack Acetestcleric with your sword and hit for 70 (-2) damage!
[13:31:34] You critical hit for an additional 14 damage!
[13:31:38] You miss!
[13:31:41] You attack Acetestcleric with your sword and hit for 63 (-2) damage!
[13:31:45] You attack Acetestcleric with your sword and hit for 64 (-2) damage!
[13:31:45] You hit Acetestcleric for 60 (-5) damage!
[13:31:48] You attack Acetestcleric with your sword and hit for 68 (-2) damage!
[13:31:51] You attack Acetestcleric with your sword and hit for 69 (-2) damage!
[13:31:55] You attack Acetestcleric with your sword and hit for 55 (-2) damage!
[13:31:58] You attack Acetestcleric with your sword and hit for 67 (-2) damage!
[13:32:02] You attack Acetestcleric with your sword and hit for 54 (-2) damage!
[13:32:05] You attack Acetestcleric with your sword and hit for 68 (-2) damage!
[13:32:09] You attack Acetestcleric with your sword and hit for 60 (-2) damage!
[13:32:13] You attack Acetestcleric with your sword and hit for 57 (-2) damage!
[13:32:16] You attack Acetestcleric with your sword and hit for 64 (-2) damage!
[13:32:16] You critical hit for an additional 19 damage!
[13:32:16] You hit Acetestcleric for 62 (-5) damage!
[13:32:19] You attack Acetestcleric with your sword and hit for 55 (-2) damage!
[13:32:19] You critical hit for an additional 20 damage!
[13:32:23] You miss!
[13:32:26] You attack Acetestcleric with your sword and hit for 57 (-2) damage!
[13:32:30] You attack Acetestcleric with your sword and hit for 52 (-2) damage!
[13:32:33] You attack Acetestcleric with your sword and hit for 52 (-2) damage!
[13:32:33] You critical hit for an additional 9 damage!
[13:32:37] You attack Acetestcleric with your sword and hit for 56 (-2) damage!
[13:32:40] You attack Acetestcleric with your sword and hit for 64 (-2) damage!
[13:32:44] You attack Acetestcleric with your sword and hit for 61 (-2) damage!
[13:32:47] You attack Acetestcleric with your sword and hit for 56 (-2) damage!
[13:32:47] You hit Acetestcleric for 78 (-7) damage!
[13:33:05] You enter combat mode and target [Acetestcleric]
[13:33:05] You attack Acetestcleric with your sword and hit for 59 (-2) damage!
[13:33:09] You miss!
[13:33:12] You attack Acetestcleric with your sword and hit for 65 (-2) damage!
[13:33:16] You attack Acetestcleric with your sword and hit for 53 (-2) damage!
[13:33:19] You attack Acetestcleric with your sword and hit for 55 (-2) damage!
[13:33:23] You attack Acetestcleric with your sword and hit for 59 (-2) damage!
[13:33:26] You miss!
[13:33:29] You attack Acetestcleric with your sword and hit for 60 (-2) damage!
[13:33:33] You attack Acetestcleric with your sword and hit for 59 (-2) damage!
[13:33:36] You attack Acetestcleric with your sword and hit for 61 (-2) damage!
[13:33:40] You attack Acetestcleric with your sword and hit for 54 (-2) damage!
[13:33:43] You attack Acetestcleric with your sword and hit for 55 (-2) damage!
[13:33:43] You hit Acetestcleric for 69 (-6) damage!
[13:33:47] You attack Acetestcleric with your sword and hit for 69 (-2) damage!
[13:33:47] You hit Acetestcleric for 61 (-5) damage!
[13:33:50] You attack Acetestcleric with your sword and hit for 71 (-2) damage!
[13:33:54] You miss!
[13:33:57] You attack Acetestcleric with your sword and hit for 70 (-2) damage!
[13:34:01] You attack Acetestcleric with your sword and hit for 56 (-2) damage!
[13:34:04] You attack Acetestcleric with your sword and hit for 65 (-2) damage!
[13:34:04] You critical hit for an additional 29 damage!
[13:34:07] You attack Acetestcleric with your sword and hit for 52 (-2) damage!
[13:34:11] You attack Acetestcleric with your sword and hit for 69 (-2) damage!
[13:34:14] You miss!
[13:34:18] You attack Acetestcleric with your sword and hit for 67 (-2) damage!
[13:34:21] You miss!
[13:34:25] You attack Acetestcleric with your sword and hit for 67 (-2) damage!
[13:34:28] You attack Acetestcleric with your sword and hit for 63 (-2) damage!
[13:34:32] You attack Acetestcleric with your sword and hit for 54 (-2) damage!
[13:34:35] You attack Acetestcleric with your sword and hit for 54 (-2) damage!
[13:34:39] You attack Acetestcleric with your sword and hit for 64 (-2) damage!
[13:34:39] You critical hit for an additional 7 damage!
[13:34:42] You attack Acetestcleric with your sword and hit for 55 (-2) damage!
[13:34:46] You attack Acetestcleric with your sword and hit for 54 (-2) damage!
[13:34:49] You attack Acetestcleric with your sword and hit for 63 (-2) damage!
[13:34:49] Your duel ends!
[13:34:49] You just killed Acetestcleric!
[13:34:49] Acetestcleric just died.  His corpse lies on the ground.
[13:34:49] Tolapallytest wins the duel!
[13:34:52] You can't attack a member of your realm!

*** Chat Log Closed: Sat Mar 13 13:35:24 2010


