
*** Chat Log Opened: Sat Mar 13 12:18:55 2010

[12:18:55]  To stop logging, type /chatlog again.
[12:19:01] <Begin Info: Exquisite Avernal Malison Longsword>
[12:19:01]  
[12:19:01] Magical Bonuses:
[12:19:01] - Slash: 5 pts
[12:19:01] - Strength: 15 pts
[12:19:01] - Quickness: 15 pts
[12:19:01]  
[12:19:01] Level Requirement: 49 Level
[12:19:01]  
[12:19:01]  
[12:19:01] Magical Ability:
[12:19:01] Function: direct damage
[12:19:01]  
[12:19:01] Damages the target.
[12:19:01]  
[12:19:01] Damage: 71
[12:19:01] Target: Point-Blank Area
[12:19:01] Casting time: instant
[12:19:01] Radius: 350
[12:19:01] Damage: Heat
[12:19:01]  
[12:19:01] - Spell has a chance of casting when this weapon strikes an enemy.
[12:19:01]  
[12:19:01] Damage Modifiers:
[12:19:01] - 16.2 Base DPS (16.2 Clamped DPS)
[12:19:01] - 3.6 Weapon Speed
[12:19:01] - 100% Quality / 100% Condition
[12:19:01] - Damage Type: Slash
[12:19:01]  
[12:19:01] - Effective Damage: 16.2 DPS
[12:19:01]  
[12:19:01]  
[12:19:01] Bonus Level: 30
[12:19:01] <End Info>
[12:19:09] Your Strength has decreased.
[12:19:09] Your Dexterity has decreased.
[12:19:09] Your Quickness has decreased.
[12:19:09] Your Energy resistance has decreased.
[12:19:29] @@You say, "STR 100, Slash 1 + 5"
[12:19:42] You enter combat mode and target [Acetestcleric]
[12:19:42] You can't attack a member of your realm!
[12:19:45] You can't attack a member of your realm!
[12:19:52] You challenge Acetestcleric to a duel!
[12:19:57] Acetestcleric accepts the duel.  Begin fighting!
[12:19:59]  You auto-stick Acetestcleric.
[12:20:01]  You are no longer sticking your target.
[12:20:05] You enter combat mode and target [Acetestcleric]
[12:20:05] You attack Acetestcleric with your sword and hit for 35 (-1) damage!
[12:20:05] You critical hit for an additional 11 damage!
[12:20:08] You attack Acetestcleric with your sword and hit for 48 (-1) damage!
[12:20:12] You attack Acetestcleric with your sword and hit for 45 (-1) damage!
[12:20:15] You attack Acetestcleric with your sword and hit for 42 (-1) damage!
[12:20:19] You attack Acetestcleric with your sword and hit for 49 (-2) damage!
[12:20:22] You attack Acetestcleric with your sword and hit for 53 (-2) damage!
[12:20:22] You hit Acetestcleric for 56 (-5) damage!
[12:20:26] You miss!
[12:20:29] You miss!
[12:20:33] You attack Acetestcleric with your sword and hit for 47 (-1) damage!
[12:20:36] You attack Acetestcleric with your sword and hit for 51 (-2) damage!
[12:20:40] You attack Acetestcleric with your sword and hit for 40 (-1) damage!
[12:20:43] You attack Acetestcleric with your sword and hit for 44 (-1) damage!
[12:20:46] You attack Acetestcleric with your sword and hit for 36 (-1) damage!
[12:20:50] You attack Acetestcleric with your sword and hit for 46 (-1) damage!
[12:20:50] You hit Acetestcleric for 70 (-6) damage!
[12:20:53] You attack Acetestcleric with your sword and hit for 38 (-1) damage!
[12:20:57] You attack Acetestcleric with your sword and hit for 40 (-1) damage!
[12:21:00] You attack Acetestcleric with your sword and hit for 37 (-1) damage!
[12:21:04] You attack Acetestcleric with your sword and hit for 48 (-1) damage!
[12:21:04] You critical hit for an additional 10 damage!
[12:21:07] You miss!
[12:21:11] You attack Acetestcleric with your sword and hit for 47 (-1) damage!
[12:21:14] You attack Acetestcleric with your sword and hit for 51 (-2) damage!
[12:21:18] You attack Acetestcleric with your sword and hit for 37 (-1) damage!
[12:21:21] You attack Acetestcleric with your sword and hit for 47 (-1) damage!
[12:21:25] You attack Acetestcleric with your sword and hit for 43 (-1) damage!
[12:21:28] You attack Acetestcleric with your sword and hit for 40 (-1) damage!
[12:21:32] You attack Acetestcleric with your sword and hit for 42 (-1) damage!
[12:21:35] You attack Acetestcleric with your sword and hit for 41 (-1) damage!
[12:21:39] You attack Acetestcleric with your sword and hit for 40 (-1) damage!
[12:21:42] You attack Acetestcleric with your sword and hit for 34 (-1) damage!
[12:21:45] You attack Acetestcleric with your sword and hit for 53 (-2) damage!
[12:21:49] You attack Acetestcleric with your sword and hit for 39 (-1) damage!
[12:21:52] You attack Acetestcleric with your sword and hit for 51 (-2) damage!
[12:21:52] You critical hit for an additional 15 damage!
[12:21:56] You miss!
[12:21:59] You attack Acetestcleric with your sword and hit for 49 (-2) damage!
[12:21:59] You critical hit for an additional 9 damage!
[12:22:03] You attack Acetestcleric with your sword and hit for 35 (-1) damage!
[12:22:06] You attack Acetestcleric with your sword and hit for 42 (-1) damage!
[12:22:10] You miss!
[12:22:13] You attack Acetestcleric with your sword and hit for 44 (-1) damage!
[12:22:17] You attack Acetestcleric with your sword and hit for 38 (-1) damage!
[12:22:20] You miss!
[12:22:24] You attack Acetestcleric with your sword and hit for 46 (-1) damage!
[12:22:27] You attack Acetestcleric with your sword and hit for 38 (-1) damage!
[12:22:31] You attack Acetestcleric with your sword and hit for 54 (-2) damage!
[12:22:34] You fumble the attack and take time to recover!
[12:22:38] You miss!
[12:22:41] You miss!
[12:22:45] You attack Acetestcleric with your sword and hit for 52 (-2) damage!
[12:22:48] You attack Acetestcleric with your sword and hit for 53 (-2) damage!
[12:22:51] You attack Acetestcleric with your sword and hit for 39 (-1) damage!
[12:22:55] You attack Acetestcleric with your sword and hit for 46 (-1) damage!
[12:22:58] You attack Acetestcleric with your sword and hit for 41 (-1) damage!
[12:22:58] You critical hit for an additional 6 damage!
[12:23:02] You attack Acetestcleric with your sword and hit for 48 (-1) damage!
[12:23:05] You miss!
[12:23:09] You attack Acetestcleric with your sword and hit for 34 (-1) damage!
[12:23:12] You attack Acetestcleric with your sword and hit for 37 (-1) damage!
[12:23:12] Acetestcleric resists the effect!
[12:23:16] You attack Acetestcleric with your sword and hit for 42 (-1) damage!
[12:23:19] You attack Acetestcleric with your sword and hit for 41 (-1) damage!
[12:23:19] You critical hit for an additional 9 damage!
[12:23:23] You attack Acetestcleric with your sword and hit for 36 (-1) damage!
[12:23:26] You attack Acetestcleric with your sword and hit for 46 (-1) damage!
[12:23:30] You attack Acetestcleric with your sword and hit for 49 (-2) damage!
[12:23:33] You miss!
[12:23:37] You attack Acetestcleric with your sword and hit for 44 (-1) damage!
[12:23:40] You attack Acetestcleric with your sword and hit for 34 (-1) damage!
[12:23:40] You hit Acetestcleric for 68 (-6) damage!
[12:23:44] You attack Acetestcleric with your sword and hit for 51 (-2) damage!
[12:23:47] You attack Acetestcleric with your sword and hit for 52 (-2) damage!
[12:23:47] You critical hit for an additional 18 damage!
[12:23:50] You attack Acetestcleric with your sword and hit for 34 (-1) damage!
[12:23:54] You attack Acetestcleric with your sword and hit for 53 (-2) damage!
[12:23:57] You miss!
[12:24:01] You attack Acetestcleric with your sword and hit for 48 (-1) damage!
[12:24:01] You critical hit for an additional 23 damage!
[12:24:04] You attack Acetestcleric with your sword and hit for 44 (-1) damage!
[12:24:04] You hit Acetestcleric for 74 (-6) damage!
[12:24:08] You miss!
[12:24:11] You attack Acetestcleric with your sword and hit for 34 (-1) damage!
[12:24:15] You miss!
[12:24:18] You attack Acetestcleric with your sword and hit for 40 (-1) damage!
[12:24:22] You attack Acetestcleric with your sword and hit for 38 (-1) damage!
[12:24:25] You attack Acetestcleric with your sword and hit for 50 (-2) damage!
[12:24:29] You attack Acetestcleric with your sword and hit for 36 (-1) damage!
[12:24:32] You attack Acetestcleric with your sword and hit for 53 (-2) damage!
[12:24:35] You attack Acetestcleric with your sword and hit for 44 (-1) damage!
[12:24:39] You attack Acetestcleric with your sword and hit for 46 (-1) damage!
[12:24:42] You miss!
[12:24:46] You miss!
[12:24:49] You attack Acetestcleric with your sword and hit for 51 (-2) damage!
[12:24:49] You critical hit for an additional 21 damage!
[12:24:53] You attack Acetestcleric with your sword and hit for 36 (-1) damage!
[12:24:56] You attack Acetestcleric with your sword and hit for 41 (-1) damage!
[12:25:00] You attack Acetestcleric with your sword and hit for 42 (-1) damage!
[12:25:03] You attack Acetestcleric with your sword and hit for 54 (-2) damage!
[12:25:07] You attack Acetestcleric with your sword and hit for 33 (-1) damage!
[12:25:10] You attack Acetestcleric with your sword and hit for 50 (-2) damage!
[12:25:10] You critical hit for an additional 10 damage!
[12:25:14] You attack Acetestcleric with your sword and hit for 51 (-2) damage!
[12:25:17] You attack Acetestcleric with your sword and hit for 48 (-1) damage!
[12:25:21] You attack Acetestcleric with your sword and hit for 40 (-1) damage!
[12:25:24] You attack Acetestcleric with your sword and hit for 39 (-1) damage!
[12:25:27] You attack Acetestcleric with your sword and hit for 34 (-1) damage!
[12:25:31] You attack Acetestcleric with your sword and hit for 52 (-2) damage!

*** Chat Log Closed: Sat Mar 13 12:25:53 2010


