
*** Chat Log Opened: Sat Mar 13 12:26:08 2010

[12:26:08]  To stop logging, type /chatlog again.
[12:26:12] You sheathe the Exquisite Avernal Malison Longsword from your right hand.
[12:26:12] Your Strength has decreased.
[12:26:12] Your Quickness has decreased.
[12:26:12] Your Slash skill has decreased.
[12:26:12] You wield the Exquisite Avernal Malison Great Sword in both hands.
[12:26:12] The magic of the Exquisite Avernal Malison Great Sword flows through you.
[12:26:12] Your Dexterity has increased.
[12:26:12] Your Constitution has increased.
[12:26:12] Your hits have increased.
[12:26:12] Your Two Handed skill has increased.
[12:26:12] The magic of the Exquisite Avernal Malison Great Sword flows through you.
[12:26:12] The magic of the Exquisite Avernal Malison Great Sword flows through you.
[12:26:15] Your Strength has increased.
[12:26:15] Your Dexterity has increased.
[12:26:15] Your Quickness has increased.
[12:26:15] Your Energy resistance increased.
[12:26:15] The magic of the Exquisite Diabolic Boots flows through you.
[12:26:18] <Begin Info: Exquisite Avernal Malison Great Sword>
[12:26:18]  
[12:26:18] Magical Bonuses:
[12:26:18] - Two Handed: 5 pts
[12:26:18] - Constitution: 15 pts
[12:26:18] - Dexterity: 15 pts
[12:26:18]  
[12:26:18] Level Requirement: 49 Level
[12:26:18]  
[12:26:18]  
[12:26:18] Magical Ability:
[12:26:18] Function: direct damage
[12:26:18]  
[12:26:18] Damages the target.
[12:26:18]  
[12:26:18] Damage: 71
[12:26:18] Target: Point-Blank Area
[12:26:18] Casting time: instant
[12:26:18] Radius: 350
[12:26:18] Damage: Heat
[12:26:18]  
[12:26:18] - Spell has a chance of casting when this weapon strikes an enemy.
[12:26:18]  
[12:26:18] Damage Modifiers:
[12:26:18] - 16.2 Base DPS (16.2 Clamped DPS)
[12:26:18] - 5.1 Weapon Speed
[12:26:18] - 100% Quality / 100% Condition
[12:26:18] - Damage Type: Slash
[12:26:18]  
[12:26:18] - Effective Damage: 16.2 DPS
[12:26:18]  
[12:26:18]  
[12:26:18] Bonus Level: 30
[12:26:18] <End Info>
[12:26:51] @@You say, "STR 100, Two handed 1 + 5"
[12:26:54] You enter combat mode and target [Acetestcleric]
[12:26:54] You attack Acetestcleric with your sword and hit for 79 (-2) damage!
[12:26:59] You attack Acetestcleric with your sword and hit for 76 (-2) damage!
[12:27:04] You attack Acetestcleric with your sword and hit for 86 (-3) damage!
[12:27:04] You hit Acetestcleric for 61 (-5) damage!
[12:27:09] You attack Acetestcleric with your sword and hit for 84 (-3) damage!
[12:27:14] You attack Acetestcleric with your sword and hit for 68 (-2) damage!
[12:27:19] You attack Acetestcleric with your sword and hit for 61 (-2) damage!
[12:27:24] You attack Acetestcleric with your sword and hit for 74 (-2) damage!
[12:27:29] You attack Acetestcleric with your sword and hit for 78 (-2) damage!
[12:27:33] You attack Acetestcleric with your sword and hit for 54 (-2) damage!
[12:27:38] You attack Acetestcleric with your sword and hit for 76 (-2) damage!
[12:27:38] You critical hit for an additional 20 damage!
[12:27:43] You attack Acetestcleric with your sword and hit for 66 (-2) damage!
[12:27:48] You miss!
[12:27:53] You attack Acetestcleric with your sword and hit for 59 (-2) damage!
[12:27:58] You attack Acetestcleric with your sword and hit for 78 (-2) damage!
[12:28:03] You attack Acetestcleric with your sword and hit for 86 (-3) damage!
[12:28:08] You attack Acetestcleric with your sword and hit for 53 (-2) damage!
[12:28:09] Your character has been saved.
[12:28:13] You attack Acetestcleric with your sword and hit for 72 (-2) damage!
[12:28:13] You hit Acetestcleric for 69 (-6) damage!
[12:28:18] You attack Acetestcleric with your sword and hit for 70 (-2) damage!
[12:28:23] You attack Acetestcleric with your sword and hit for 85 (-3) damage!
[12:28:28] You attack Acetestcleric with your sword and hit for 68 (-2) damage!
[12:28:33] You attack Acetestcleric with your sword and hit for 65 (-2) damage!
[12:28:33] You hit Acetestcleric for 63 (-5) damage!
[12:28:33] Your duel ends!
[12:28:33] You just killed Acetestcleric!
[12:28:33] Acetestcleric just died.  His corpse lies on the ground.
[12:28:33] Tolapallytest wins the duel!
[12:28:38] You can't attack a member of your realm!
[12:28:41] You can't attack a member of your realm!
[12:28:45] You can't attack a member of your realm!
[12:28:48] You can't attack a member of your realm!
[12:28:51] You can't attack a member of your realm!
[12:29:25] You target [Acetestcleric]
[12:29:25] You examine Acetestcleric.  He is a member of the Cleric class in your realm.
[12:29:29] You challenge Acetestcleric to a duel!
[12:29:34] Acetestcleric accepts the duel.  Begin fighting!
[12:31:59] You enter combat mode and target [Acetestcleric]
[12:31:59] You attack Acetestcleric with your sword and hit for 78 (-2) damage!
[12:32:04] You attack Acetestcleric with your sword and hit for 70 (-2) damage!
[12:32:09] You attack Acetestcleric with your sword and hit for 88 (-3) damage!
[12:32:09] You hit Acetestcleric for 80 (-7) damage!
[12:32:14] You attack Acetestcleric with your sword and hit for 73 (-2) damage!
[12:32:14] You critical hit for an additional 8 damage!
[12:32:19] You attack Acetestcleric with your sword and hit for 59 (-2) damage!
[12:32:24] You attack Acetestcleric with your sword and hit for 74 (-2) damage!
[12:32:24] You critical hit for an additional 14 damage!
[12:32:29] You attack Acetestcleric with your sword and hit for 88 (-3) damage!
[12:32:29] You critical hit for an additional 39 damage!
[12:32:34] You miss!
[12:32:39] You attack Acetestcleric with your sword and hit for 85 (-3) damage!
[12:32:44] You attack Acetestcleric with your sword and hit for 72 (-2) damage!
[12:32:49] You miss!
[12:32:54] You miss!
[12:32:59] You attack Acetestcleric with your sword and hit for 83 (-3) damage!
[12:32:59] You critical hit for an additional 29 damage!
[12:33:04] You attack Acetestcleric with your sword and hit for 77 (-2) damage!
[12:33:09] You attack Acetestcleric with your sword and hit for 57 (-2) damage!
[12:33:14] You miss!
[12:33:19] You attack Acetestcleric with your sword and hit for 61 (-2) damage!
[12:33:19] You hit Acetestcleric for 63 (-5) damage!
[12:33:24] You attack Acetestcleric with your sword and hit for 57 (-2) damage!
[12:33:29] You attack Acetestcleric with your sword and hit for 73 (-2) damage!
[12:33:34] You attack Acetestcleric with your sword and hit for 53 (-2) damage!
[12:33:39] You attack Acetestcleric with your sword and hit for 64 (-2) damage!
[12:33:44] You attack Acetestcleric with your sword and hit for 53 (-2) damage!
[12:33:49] You attack Acetestcleric with your sword and hit for 72 (-2) damage!
[12:33:54] You attack Acetestcleric with your sword and hit for 58 (-2) damage!
[12:33:59] You attack Acetestcleric with your sword and hit for 56 (-2) damage!
[12:34:04] You attack Acetestcleric with your sword and hit for 54 (-2) damage!
[12:34:09] You miss!
[12:34:14] You attack Acetestcleric with your sword and hit for 66 (-2) damage!
[12:34:14] You hit Acetestcleric for 78 (-7) damage!
[12:34:19] You attack Acetestcleric with your sword and hit for 63 (-2) damage!
[12:34:24] You miss!
[12:34:29] You attack Acetestcleric with your sword and hit for 56 (-2) damage!
[12:34:34] You attack Acetestcleric with your sword and hit for 61 (-2) damage!
[12:34:34] You critical hit for an additional 22 damage!
[12:34:39] You attack Acetestcleric with your sword and hit for 68 (-2) damage!
[12:34:44] You attack Acetestcleric with your sword and hit for 80 (-2) damage!
[12:34:49] You attack Acetestcleric with your sword and hit for 82 (-3) damage!
[12:34:54] You attack Acetestcleric with your sword and hit for 88 (-3) damage!
[12:34:59] You attack Acetestcleric with your sword and hit for 78 (-2) damage!
[12:35:04] You attack Acetestcleric with your sword and hit for 74 (-2) damage!
[12:35:09] You attack Acetestcleric with your sword and hit for 83 (-3) damage!
[12:35:14] You attack Acetestcleric with your sword and hit for 83 (-3) damage!
[12:35:19] You miss!
[12:35:24] You attack Acetestcleric with your sword and hit for 78 (-2) damage!
[12:35:29] You attack Acetestcleric with your sword and hit for 81 (-2) damage!
[12:35:34] You miss!
[12:35:39] You attack Acetestcleric with your sword and hit for 58 (-2) damage!
[12:35:44] You attack Acetestcleric with your sword and hit for 77 (-2) damage!
[12:35:49] You attack Acetestcleric with your sword and hit for 81 (-3) damage!
[12:35:53] You attack Acetestcleric with your sword and hit for 66 (-2) damage!
[12:35:53] You hit Acetestcleric for 70 (-6) damage!
[12:36:09] You enter combat mode and target [Acetestcleric]
[12:36:09] You miss!
[12:36:14] You attack Acetestcleric with your sword and hit for 66 (-2) damage!
[12:36:14] You critical hit for an additional 19 damage!
[12:36:19] You attack Acetestcleric with your sword and hit for 76 (-2) damage!
[12:36:24] You attack Acetestcleric with your sword and hit for 82 (-3) damage!
[12:36:24] You critical hit for an additional 21 damage!
[12:36:29] You attack Acetestcleric with your sword and hit for 67 (-2) damage!
[12:36:34] You attack Acetestcleric with your sword and hit for 77 (-2) damage!
[12:36:34] You critical hit for an additional 9 damage!
[12:36:39] You attack Acetestcleric with your sword and hit for 79 (-2) damage!
[12:36:39] You critical hit for an additional 22 damage!
[12:36:44] You attack Acetestcleric with your sword and hit for 73 (-2) damage!
[12:36:44] You critical hit for an additional 18 damage!
[12:36:49] You attack Acetestcleric with your sword and hit for 58 (-2) damage!
[12:36:54] You attack Acetestcleric with your sword and hit for 86 (-3) damage!
[12:36:59] You attack Acetestcleric with your sword and hit for 53 (-2) damage!
[12:37:04] You attack Acetestcleric with your sword and hit for 76 (-2) damage!
[12:37:09] You miss!
[12:37:14] You attack Acetestcleric with your sword and hit for 87 (-3) damage!
[12:37:14] You critical hit for an additional 19 damage!
[12:37:19] You miss!
[12:37:24] You attack Acetestcleric with your sword and hit for 73 (-2) damage!
[12:37:29] You attack Acetestcleric with your sword and hit for 83 (-3) damage!
[12:37:34] You attack Acetestcleric with your sword and hit for 56 (-2) damage!
[12:37:39] You miss!
[12:37:44] You miss!
[12:37:49] You attack Acetestcleric with your sword and hit for 86 (-3) damage!
[12:37:54] You attack Acetestcleric with your sword and hit for 54 (-2) damage!
[12:37:59] You attack Acetestcleric with your sword and hit for 55 (-2) damage!
[12:37:59] You critical hit for an additional 25 damage!
[12:38:04] You attack Acetestcleric with your sword and hit for 78 (-2) damage!
[12:38:09] You miss!
[12:38:14] You attack Acetestcleric with your sword and hit for 88 (-3) damage!
[12:38:14] You critical hit for an additional 36 damage!
[12:38:14] Your character has been saved.
[12:38:19] You attack Acetestcleric with your sword and hit for 57 (-2) damage!
[12:38:24] You attack Acetestcleric with your sword and hit for 78 (-2) damage!
[12:38:29] You miss!
[12:38:34] You attack Acetestcleric with your sword and hit for 78 (-2) damage!
[12:38:39] You miss!
[12:38:44] You attack Acetestcleric with your sword and hit for 86 (-3) damage!
[12:38:49] You miss!
[12:38:54] You attack Acetestcleric with your sword and hit for 78 (-2) damage!
[12:38:54] Your duel ends!
[12:38:54] You just killed Acetestcleric!
[12:38:54] Acetestcleric just died.  His corpse lies on the ground.
[12:38:54] Tolapallytest wins the duel!
[12:38:57] You can't attack a member of your realm!
[12:39:00] You can't attack a member of your realm!
[12:39:03] You can't attack a member of your realm!
[12:39:25] You prepare to sprint!

*** Chat Log Closed: Sat Mar 13 12:39:29 2010


