
*** Chat Log Opened: Sat Mar 13 12:59:07 2010

[12:59:07]  To stop logging, type /chatlog again.
[12:59:31] @@You say, "STR 50, Slash 50, Two Handed 50 + 5"
[12:59:39] <Begin Info: Exquisite Avernal Malison Great Sword>
[12:59:39]  
[12:59:39] Magical Bonuses:
[12:59:39] - Two Handed: 5 pts
[12:59:39] - Constitution: 15 pts
[12:59:39] - Dexterity: 15 pts
[12:59:39]  
[12:59:39] Level Requirement: 49 Level
[12:59:39]  
[12:59:39]  
[12:59:39] Magical Ability:
[12:59:39] Function: direct damage
[12:59:39]  
[12:59:39] Damages the target.
[12:59:39]  
[12:59:39] Damage: 71
[12:59:39] Target: Point-Blank Area
[12:59:39] Casting time: instant
[12:59:39] Radius: 350
[12:59:39] Damage: Heat
[12:59:39]  
[12:59:39] - Spell has a chance of casting when this weapon strikes an enemy.
[12:59:39]  
[12:59:39] Damage Modifiers:
[12:59:39] - 16.2 Base DPS (16.2 Clamped DPS)
[12:59:39] - 5.1 Weapon Speed
[12:59:39] - 100% Quality / 100% Condition
[12:59:39] - Damage Type: Slash
[12:59:39]  
[12:59:39] - Effective Damage: 16.2 DPS
[12:59:39]  
[12:59:39]  
[12:59:39] Bonus Level: 30
[12:59:39] <End Info>
[12:59:49] You enter combat mode and target [Acetestcleric]
[12:59:49] You attack Acetestcleric with your sword and hit for 112 (-3) damage!
[12:59:54] You attack Acetestcleric with your sword and hit for 140 (-4) damage!
[12:59:59] You attack Acetestcleric with your sword and hit for 133 (-4) damage!
[13:00:04] You attack Acetestcleric with your sword and hit for 144 (-4) damage!
[13:00:09] You attack Acetestcleric with your sword and hit for 127 (-4) damage!
[13:00:14] You attack Acetestcleric with your sword and hit for 138 (-4) damage!
[13:00:19] You miss!
[13:00:24] You attack Acetestcleric with your sword and hit for 126 (-4) damage!
[13:00:29] You attack Acetestcleric with your sword and hit for 146 (-5) damage!
[13:00:34] You attack Acetestcleric with your sword and hit for 116 (-4) damage!
[13:00:34] You hit Acetestcleric for 80 (-7) damage!
[13:00:39] You attack Acetestcleric with your sword and hit for 122 (-4) damage!
[13:00:44] You attack Acetestcleric with your sword and hit for 138 (-4) damage!
[13:00:49] You attack Acetestcleric with your sword and hit for 149 (-5) damage!
[13:00:54] You attack Acetestcleric with your sword and hit for 125 (-4) damage!
[13:00:59] You attack Acetestcleric with your sword and hit for 132 (-4) damage!
[13:00:59] You hit Acetestcleric for 62 (-5) damage!
[13:01:04] You miss!
[13:01:09] You attack Acetestcleric with your sword and hit for 144 (-4) damage!
[13:01:14] You attack Acetestcleric with your sword and hit for 143 (-4) damage!
[13:01:19] You attack Acetestcleric with your sword and hit for 123 (-4) damage!
[13:01:36] You enter combat mode and target [Acetestcleric]
[13:01:36] You miss!
[13:01:41] You miss!
[13:01:46] You miss!
[13:01:51] You attack Acetestcleric with your sword and hit for 146 (-5) damage!
[13:01:56] You attack Acetestcleric with your sword and hit for 107 (-3) damage!
[13:02:01] You attack Acetestcleric with your sword and hit for 125 (-4) damage!
[13:02:06] You attack Acetestcleric with your sword and hit for 129 (-4) damage!
[13:02:06] You critical hit for an additional 54 damage!
[13:02:11] You attack Acetestcleric with your sword and hit for 143 (-4) damage!
[13:02:11] You critical hit for an additional 58 damage!
[13:02:16] You attack Acetestcleric with your sword and hit for 134 (-4) damage!
[13:02:21] You attack Acetestcleric with your sword and hit for 127 (-4) damage!
[13:02:26] You attack Acetestcleric with your sword and hit for 140 (-4) damage!
[13:02:42] You enter combat mode and target [Acetestcleric]
[13:02:42] You attack Acetestcleric with your sword and hit for 139 (-4) damage!
[13:02:47] You miss!
[13:02:52] You attack Acetestcleric with your sword and hit for 138 (-4) damage!
[13:02:57] You attack Acetestcleric with your sword and hit for 136 (-4) damage!
[13:03:02] You attack Acetestcleric with your sword and hit for 133 (-4) damage!
[13:03:07] You attack Acetestcleric with your sword and hit for 121 (-4) damage!
[13:03:12] You miss!
[13:03:17] You fumble the attack and take time to recover!
[13:03:23] You attack Acetestcleric with your sword and hit for 145 (-4) damage!
[13:03:28] You attack Acetestcleric with your sword and hit for 142 (-4) damage!
[13:03:33] You attack Acetestcleric with your sword and hit for 114 (-4) damage!
[13:03:38] You attack Acetestcleric with your sword and hit for 130 (-4) damage!
[13:03:43] You attack Acetestcleric with your sword and hit for 139 (-4) damage!
[13:03:43] You critical hit for an additional 37 damage!
[13:03:48] You miss!
[13:03:53] You attack Acetestcleric with your sword and hit for 112 (-3) damage!
[13:03:53] You hit Acetestcleric for 61 (-5) damage!
[13:03:58] You attack Acetestcleric with your sword and hit for 122 (-4) damage!
[13:04:03] You attack Acetestcleric with your sword and hit for 107 (-3) damage!
[13:04:06] You cancel your effect.
[13:04:08] You attack Acetestcleric with your sword and hit for 136 (-4) damage!
[13:04:13] You miss!
[13:04:18] You attack Acetestcleric with your sword and hit for 137 (-4) damage!
[13:04:23] You attack Acetestcleric with your sword and hit for 139 (-4) damage!
[13:04:28] You attack Acetestcleric with your sword and hit for 128 (-4) damage!
[13:04:28] You hit Acetestcleric for 65 (-6) damage!
[13:04:45] You enter combat mode and target [Acetestcleric]
[13:04:45] You attack Acetestcleric with your sword and hit for 149 (-5) damage!
[13:04:45] You hit Acetestcleric for 75 (-7) damage!
[13:04:50] You miss!
[13:04:54] You attack Acetestcleric with your sword and hit for 112 (-3) damage!
[13:05:00] You attack Acetestcleric with your sword and hit for 137 (-4) damage!
[13:05:05] You attack Acetestcleric with your sword and hit for 147 (-5) damage!
[13:05:10] You attack Acetestcleric with your sword and hit for 137 (-4) damage!
[13:05:10] You hit Acetestcleric for 57 (-5) damage!
[13:05:14] You attack Acetestcleric with your sword and hit for 136 (-4) damage!
[13:05:19] You attack Acetestcleric with your sword and hit for 143 (-4) damage!
[13:05:24] You attack Acetestcleric with your sword and hit for 142 (-4) damage!
[13:05:29] You attack Acetestcleric with your sword and hit for 145 (-4) damage!

*** Chat Log Closed: Sat Mar 13 13:06:01 2010


