
*** Chat Log Opened: Sat Mar 13 12:43:17 2010

[12:43:17]  To stop logging, type /chatlog again.
[12:43:24] <Begin Info: Exquisite Avernal Malison Great Sword>
[12:43:24]  
[12:43:24] Magical Bonuses:
[12:43:24] - Two Handed: 5 pts
[12:43:24] - Constitution: 15 pts
[12:43:24] - Dexterity: 15 pts
[12:43:24]  
[12:43:24] Level Requirement: 49 Level
[12:43:24]  
[12:43:24]  
[12:43:24] Magical Ability:
[12:43:24] Function: direct damage
[12:43:24]  
[12:43:24] Damages the target.
[12:43:24]  
[12:43:24] Damage: 71
[12:43:24] Target: Point-Blank Area
[12:43:24] Casting time: instant
[12:43:24] Radius: 350
[12:43:24] Damage: Heat
[12:43:24]  
[12:43:24] - Spell has a chance of casting when this weapon strikes an enemy.
[12:43:24]  
[12:43:24] Damage Modifiers:
[12:43:24] - 16.2 Base DPS (16.2 Clamped DPS)
[12:43:24] - 5.1 Weapon Speed
[12:43:24] - 100% Quality / 100% Condition
[12:43:24] - Damage Type: Slash
[12:43:24]  
[12:43:24] - Effective Damage: 16.2 DPS
[12:43:24]  
[12:43:24]  
[12:43:24] Bonus Level: 30
[12:43:24] <End Info>
[12:43:59] @@You say, "STR 100, Slash 1, Two Handed 50 + 5"
[12:44:02] You enter combat mode and target [Acetestcleric]
[12:44:02] You attack Acetestcleric with your sword and hit for 104 (-3) damage!
[12:44:07] You attack Acetestcleric with your sword and hit for 71 (-2) damage!
[12:44:12] You attack Acetestcleric with your sword and hit for 95 (-3) damage!
[12:44:17] You attack Acetestcleric with your sword and hit for 105 (-3) damage!
[12:44:22] You fumble the attack and take time to recover!
[12:44:29] You attack Acetestcleric with your sword and hit for 92 (-3) damage!
[12:44:34] You attack Acetestcleric with your sword and hit for 78 (-2) damage!
[12:44:34] You hit Acetestcleric for 75 (-7) damage!
[12:44:39] You miss!
[12:44:44] You attack Acetestcleric with your sword and hit for 67 (-2) damage!
[12:44:49] You attack Acetestcleric with your sword and hit for 79 (-2) damage!
[12:44:49] You hit Acetestcleric for 63 (-6) damage!
[12:44:54] You attack Acetestcleric with your sword and hit for 93 (-3) damage!
[12:44:59] You attack Acetestcleric with your sword and hit for 73 (-2) damage!
[12:45:04] You miss!
[12:45:09] You attack Acetestcleric with your sword and hit for 97 (-3) damage!
[12:45:14] You attack Acetestcleric with your sword and hit for 95 (-3) damage!
[12:45:19] You attack Acetestcleric with your sword and hit for 101 (-3) damage!
[12:45:19] You hit Acetestcleric for 77 (-7) damage!
[12:45:24] You attack Acetestcleric with your sword and hit for 75 (-2) damage!
[12:45:29] You attack Acetestcleric with your sword and hit for 77 (-2) damage!
[12:45:29] You critical hit for an additional 28 damage!
[12:45:34] You attack Acetestcleric with your sword and hit for 65 (-2) damage!
[12:45:39] You attack Acetestcleric with your sword and hit for 101 (-3) damage!
[12:45:44] You miss!
[12:45:49] You attack Acetestcleric with your sword and hit for 99 (-3) damage!
[12:45:54] You attack Acetestcleric with your sword and hit for 68 (-2) damage!
[12:45:59] You attack Acetestcleric with your sword and hit for 88 (-3) damage!
[12:45:59] You critical hit for an additional 30 damage!
[12:46:04] You miss!
[12:46:09] You attack Acetestcleric with your sword and hit for 94 (-3) damage!
[12:46:14] You miss!
[12:46:19] You attack Acetestcleric with your sword and hit for 96 (-3) damage!
[12:46:19] You critical hit for an additional 27 damage!
[12:46:24] You miss!
[12:46:29] You attack Acetestcleric with your sword and hit for 82 (-3) damage!
[12:46:34] You attack Acetestcleric with your sword and hit for 88 (-3) damage!
[12:46:34] You hit Acetestcleric for 72 (-6) damage!
[12:46:39] You attack Acetestcleric with your sword and hit for 75 (-2) damage!
[12:46:39] You critical hit for an additional 26 damage!
[12:46:44] You attack Acetestcleric with your sword and hit for 89 (-3) damage!
[12:46:49] You miss!
[12:46:54] You attack Acetestcleric with your sword and hit for 75 (-2) damage!
[12:46:59] You attack Acetestcleric with your sword and hit for 101 (-3) damage!
[12:47:04] You miss!
[12:47:09] You attack Acetestcleric with your sword and hit for 83 (-3) damage!
[12:47:14] You miss!
[12:47:19] You attack Acetestcleric with your sword and hit for 99 (-3) damage!
[12:47:24] You attack Acetestcleric with your sword and hit for 87 (-3) damage!
[12:47:29] You attack Acetestcleric with your sword and hit for 88 (-3) damage!
[12:47:34] You attack Acetestcleric with your sword and hit for 93 (-3) damage!
[12:47:39] You attack Acetestcleric with your sword and hit for 81 (-2) damage!
[12:47:44] You attack Acetestcleric with your sword and hit for 88 (-3) damage!
[12:47:44] You critical hit for an additional 21 damage!
[12:47:49] You attack Acetestcleric with your sword and hit for 98 (-3) damage!
[12:47:54] You attack Acetestcleric with your sword and hit for 94 (-3) damage!
[12:47:59] You attack Acetestcleric with your sword and hit for 94 (-3) damage!
[12:48:04] You attack Acetestcleric with your sword and hit for 72 (-2) damage!
[12:48:09] You miss!
[12:48:14] You attack Acetestcleric with your sword and hit for 102 (-3) damage!
[12:48:19] You attack Acetestcleric with your sword and hit for 99 (-3) damage!
[12:48:24] You attack Acetestcleric with your sword and hit for 105 (-3) damage!
[12:48:29] You attack Acetestcleric with your sword and hit for 78 (-2) damage!
[12:48:34] You attack Acetestcleric with your sword and hit for 107 (-3) damage!
[12:48:39] You attack Acetestcleric with your sword and hit for 104 (-3) damage!
[12:48:39] You critical hit for an additional 50 damage!
[12:48:58] You enter combat mode and target [Acetestcleric]
[12:48:58] You attack Acetestcleric with your sword and hit for 69 (-2) damage!
[12:49:03] You attack Acetestcleric with your sword and hit for 101 (-3) damage!
[12:49:08] You attack Acetestcleric with your sword and hit for 101 (-3) damage!
[12:49:13] You miss!
[12:49:18] You attack Acetestcleric with your sword and hit for 78 (-2) damage!
[12:49:23] You attack Acetestcleric with your sword and hit for 70 (-2) damage!
[12:49:28] You attack Acetestcleric with your sword and hit for 105 (-3) damage!
[12:49:33] You attack Acetestcleric with your sword and hit for 65 (-2) damage!
[12:49:38] You miss!
[12:49:43] You attack Acetestcleric with your sword and hit for 73 (-2) damage!
[12:49:43] You hit Acetestcleric for 79 (-7) damage!
[12:49:48] You attack Acetestcleric with your sword and hit for 93 (-3) damage!
[12:49:53] You attack Acetestcleric with your sword and hit for 71 (-2) damage!
[12:49:53] You critical hit for an additional 22 damage!
[12:49:58] You miss!
[12:50:03] You attack Acetestcleric with your sword and hit for 98 (-3) damage!
[12:50:08] You attack Acetestcleric with your sword and hit for 84 (-3) damage!
[12:50:08] You critical hit for an additional 9 damage!
[12:50:13] You attack Acetestcleric with your sword and hit for 89 (-3) damage!
[12:50:18] You attack Acetestcleric with your sword and hit for 102 (-3) damage!
[12:50:23] You attack Acetestcleric with your sword and hit for 96 (-3) damage!
[12:50:28] You attack Acetestcleric with your sword and hit for 95 (-3) damage!
[12:50:28] You critical hit for an additional 22 damage!
[12:50:45] You enter combat mode and target [Acetestcleric]
[12:50:45] You attack Acetestcleric with your sword and hit for 106 (-3) damage!
[12:50:50] You attack Acetestcleric with your sword and hit for 66 (-2) damage!
[12:50:50] Acetestcleric resists the effect!
[12:50:55] You attack Acetestcleric with your sword and hit for 101 (-3) damage!
[12:51:00] You attack Acetestcleric with your sword and hit for 91 (-3) damage!
[12:51:05] You attack Acetestcleric with your sword and hit for 94 (-3) damage!
[12:51:10] You miss!
[12:51:15] You attack Acetestcleric with your sword and hit for 74 (-2) damage!
[12:51:15] You critical hit for an additional 25 damage!
[12:51:20] You attack Acetestcleric with your sword and hit for 91 (-3) damage!
[12:51:25] You attack Acetestcleric with your sword and hit for 69 (-2) damage!
[12:51:25] You hit Acetestcleric for 57 (-5) damage!
[12:51:30] You attack Acetestcleric with your sword and hit for 82 (-3) damage!
[12:51:35] You attack Acetestcleric with your sword and hit for 107 (-3) damage!
[12:51:40] You attack Acetestcleric with your sword and hit for 94 (-3) damage!
[12:51:40] You critical hit for an additional 20 damage!
[12:51:40] You hit Acetestcleric for 57 (-5) damage!
[12:51:45] You miss!
[12:51:49] Your character has been saved.
[12:51:50] You miss!
[12:51:55] You attack Acetestcleric with your sword and hit for 91 (-3) damage!
[12:52:00] You miss!
[12:52:05] You attack Acetestcleric with your sword and hit for 69 (-2) damage!
[12:52:10] You miss!
[12:52:15] You attack Acetestcleric with your sword and hit for 101 (-3) damage!
[12:52:20] You attack Acetestcleric with your sword and hit for 92 (-3) damage!
[12:52:39] You enter combat mode and target [Acetestcleric]
[12:52:39] You attack Acetestcleric with your sword and hit for 93 (-3) damage!
[12:52:44] You miss!
[12:52:49] You attack Acetestcleric with your sword and hit for 96 (-3) damage!
[12:52:54] You miss!
[12:52:59] You attack Acetestcleric with your sword and hit for 70 (-2) damage!
[12:52:59] You critical hit for an additional 13 damage!
[12:53:04] You attack Acetestcleric with your sword and hit for 80 (-2) damage!
[12:53:09] You miss!
[12:53:14] You miss!
[12:53:19] You attack Acetestcleric with your sword and hit for 100 (-3) damage!
[12:53:19] You critical hit for an additional 21 damage!
[12:53:24] You attack Acetestcleric with your sword and hit for 69 (-2) damage!
[12:53:29] You attack Acetestcleric with your sword and hit for 69 (-2) damage!
[12:53:34] You attack Acetestcleric with your sword and hit for 81 (-3) damage!
[12:53:34] You hit Acetestcleric for 73 (-6) damage!
[12:53:39] You attack Acetestcleric with your sword and hit for 96 (-3) damage!
[12:53:44] You attack Acetestcleric with your sword and hit for 105 (-3) damage!
[12:53:49] You attack Acetestcleric with your sword and hit for 101 (-3) damage!
[12:53:54] You miss!
[12:53:59] You attack Acetestcleric with your sword and hit for 71 (-2) damage!
[12:54:04] You attack Acetestcleric with your sword and hit for 70 (-2) damage!
[12:54:09] You attack Acetestcleric with your sword and hit for 67 (-2) damage!
[12:54:14] You attack Acetestcleric with your sword and hit for 73 (-2) damage!
[12:54:14] Acetestcleric resists the effect!
[12:54:19] You attack Acetestcleric with your sword and hit for 67 (-2) damage!
[12:54:24] You attack Acetestcleric with your sword and hit for 81 (-2) damage!
[12:54:29] You miss!
[12:54:34] You attack Acetestcleric with your sword and hit for 101 (-3) damage!
[12:54:34] You critical hit for an additional 25 damage!
[12:54:39] You attack Acetestcleric with your sword and hit for 72 (-2) damage!

*** Chat Log Closed: Sat Mar 13 12:54:47 2010


