
*** Chat Log Opened: Sat Mar 13 21:53:55 2010

[21:53:55]  To stop logging, type /chatlog again.
[21:53:58] You must select a target for this shot!
[21:54:00] You target [Slash]
[21:54:00] You examine Slash.  It is neutral towards you.
[21:54:00] You prepare a Standard Shot 9
[21:54:02] You ready a Standard Shot 9 as a follow up!
[21:54:04] You prepare a Standard Shot 9
[21:54:04] You hit Slash for 359 damage!
[21:54:05] You ready a Standard Shot 9 as a follow up!
[21:54:08] You prepare a Standard Shot 9
[21:54:08] You hit Slash for 359 damage!
[21:54:08] You hit Slash for 110 damage!
[21:54:09] You ready a Standard Shot 9 as a follow up!
[21:54:12] You prepare a Standard Shot 9
[21:54:12] You hit Slash for 359 damage!
[21:54:13] You ready a Standard Shot 9 as a follow up!
[21:54:16] You prepare a Standard Shot 9
[21:54:16] You hit Slash for 359 damage!
[21:54:16] You ready a Standard Shot 9 as a follow up!
[21:54:20] You prepare a Standard Shot 9
[21:54:20] You hit Slash for 359 damage!
[21:54:20] You ready a Standard Shot 9 as a follow up!
[21:54:24] You prepare a Standard Shot 9
[21:54:24] You hit Slash for 359 damage!
[21:54:24] You ready a Standard Shot 9 as a follow up!
[21:54:28] You prepare a Standard Shot 9
[21:54:28] You hit Slash for 359 damage!
[21:54:28] You hit Slash for 86 damage!
[21:54:28] You ready a Standard Shot 9 as a follow up!
[21:54:30] You ready a Standard Shot 9 as a follow up!
[21:54:31] You prepare a Standard Shot 9
[21:54:32] You hit Slash for 359 damage!
[21:54:32] You ready a Standard Shot 9 as a follow up!
[21:54:35] You prepare a Standard Shot 9
[21:54:36] You hit Slash for 359 damage!
[21:54:36] You ready a Standard Shot 9 as a follow up!
[21:54:39] You prepare a Standard Shot 9
[21:54:40] You hit Slash for 359 damage!
[21:54:40] You ready a Standard Shot 9 as a follow up!
[21:54:43] You prepare a Standard Shot 9
[21:54:44] You hit Slash for 359 damage!
[21:54:44] You ready a Standard Shot 9 as a follow up!
[21:54:47] You prepare a Standard Shot 9
[21:54:48] You hit Slash for 359 damage!
[21:54:48] You critical hit for an additional 211 damage!
[21:54:48] You ready a Standard Shot 9 as a follow up!
[21:54:51] You prepare a Standard Shot 9
[21:54:51] You hit Slash for 359 damage!
[21:54:51] You critical hit for an additional 125 damage!
[21:54:52] You ready a Standard Shot 9 as a follow up!
[21:54:55] You prepare a Standard Shot 9
[21:54:55] You hit Slash for 359 damage!
[21:54:56] You ready a Standard Shot 9 as a follow up!
[21:54:59] You prepare a Standard Shot 9
[21:54:59] You hit Slash for 359 damage!
[21:54:59] You critical hit for an additional 341 damage!
[21:55:00] You ready a Standard Shot 9 as a follow up!
[21:55:03] You prepare a Standard Shot 9
[21:55:03] You hit Slash for 359 damage!
[21:55:04] You ready a Standard Shot 9 as a follow up!
[21:55:07] You prepare a Standard Shot 9
[21:55:07] You hit Slash for 359 damage!
[21:55:08] You ready a Standard Shot 9 as a follow up!
[21:55:11] You prepare a Standard Shot 9
[21:55:11] You hit Slash for 359 damage!
[21:55:11] You ready a Standard Shot 9 as a follow up!
[21:55:15] You prepare a Standard Shot 9
[21:55:15] You hit Slash for 359 damage!
[21:55:15] You ready a Standard Shot 9 as a follow up!
[21:55:19] You prepare a Standard Shot 9
[21:55:19] You hit Slash for 359 damage!
[21:55:19] You ready a Standard Shot 9 as a follow up!
[21:55:23] You prepare a Standard Shot 9
[21:55:23] You hit Slash for 359 damage!
[21:55:23] You ready a Standard Shot 9 as a follow up!
[21:55:27] You prepare a Standard Shot 9
[21:55:27] You hit Slash for 359 damage!
[21:55:27] You ready a Standard Shot 9 as a follow up!
[21:55:30] You prepare a Standard Shot 9
[21:55:31] You hit Slash for 359 damage!
[21:55:31] You critical hit for an additional 129 damage!
[21:55:31] You ready a Standard Shot 9 as a follow up!
[21:55:34] You prepare a Standard Shot 9
[21:55:35] You hit Slash for 359 damage!
[21:55:35] You ready a Standard Shot 9 as a follow up!
[21:55:38] You prepare a Standard Shot 9
[21:55:39] You hit Slash for 359 damage!
[21:55:39] You ready a Standard Shot 9 as a follow up!
[21:55:42] You prepare a Standard Shot 9
[21:55:42] You hit Slash for 359 damage!
[21:55:43] You ready a Standard Shot 9 as a follow up!
[21:55:46] You prepare a Standard Shot 9
[21:55:46] You hit Slash for 359 damage!
[21:55:47] You ready a Standard Shot 9 as a follow up!
[21:55:50] You prepare a Standard Shot 9
[21:55:50] You hit Slash for 359 damage!
[21:55:50] You critical hit for an additional 233 damage!
[21:55:51] You ready a Standard Shot 9 as a follow up!
[21:55:54] You prepare a Standard Shot 9
[21:55:54] You hit Slash for 359 damage!
[21:55:55] You ready a Standard Shot 9 as a follow up!
[21:55:58] You prepare a Standard Shot 9
[21:55:58] You hit Slash for 359 damage!
[21:55:59] You ready a Standard Shot 9 as a follow up!
[21:56:02] You prepare a Standard Shot 9
[21:56:02] You hit Slash for 359 damage!
[21:56:03] You ready a Standard Shot 9 as a follow up!
[21:56:06] You prepare a Standard Shot 9
[21:56:06] You hit Slash for 359 damage!
[21:56:06] You critical hit for an additional 283 damage!
[21:56:07] You ready a Standard Shot 9 as a follow up!
[21:56:10] You prepare a Standard Shot 9
[21:56:10] You hit Slash for 359 damage!
[21:56:10] You ready a Standard Shot 9 as a follow up!
[21:56:14] You prepare a Standard Shot 9
[21:56:14] You hit Slash for 359 damage!
[21:56:15] You ready a Standard Shot 9 as a follow up!
[21:56:18] You prepare a Standard Shot 9
[21:56:18] You hit Slash for 359 damage!
[21:56:19] You ready a Standard Shot 9 as a follow up!
[21:56:22] You prepare a Standard Shot 9
[21:56:22] You hit Slash for 359 damage!
[21:56:26] You hit Slash for 359 damage!
[21:56:26] You prepare a Rapid Fire 8
[21:56:28] You ready a Rapid Fire 8 as a follow up!
[21:56:29] You prepare a Rapid Fire 8
[21:56:29] You hit Slash for 109 damage!
[21:56:30] You ready a Rapid Fire 8 as a follow up!
[21:56:31] You prepare a Rapid Fire 8
[21:56:31] You hit Slash for 109 damage!
[21:56:31] You ready a Rapid Fire 8 as a follow up!
[21:56:33] You prepare a Rapid Fire 8
[21:56:33] You hit Slash for 109 damage!
[21:56:34] You ready a Rapid Fire 8 as a follow up!
[21:56:36] You prepare a Rapid Fire 8
[21:56:36] You hit Slash for 109 damage!
[21:56:36] You ready a Rapid Fire 8 as a follow up!
[21:56:38] You prepare a Rapid Fire 8
[21:56:38] You hit Slash for 109 damage!
[21:56:38] You critical hit for an additional 22 damage!
[21:56:39] You ready a Rapid Fire 8 as a follow up!
[21:56:40] You prepare a Rapid Fire 8
[21:56:41] You hit Slash for 109 damage!
[21:56:41] You ready a Rapid Fire 8 as a follow up!
[21:56:43] You prepare a Rapid Fire 8
[21:56:43] You hit Slash for 109 damage!
[21:56:43] You ready a Rapid Fire 8 as a follow up!
[21:56:45] You prepare a Rapid Fire 8
[21:56:45] You hit Slash for 109 damage!
[21:56:46] You ready a Rapid Fire 8 as a follow up!
[21:56:47] You prepare a Rapid Fire 8
[21:56:48] You hit Slash for 109 damage!
[21:56:48] You ready a Rapid Fire 8 as a follow up!
[21:56:50] You prepare a Rapid Fire 8
[21:56:50] You hit Slash for 109 damage!
[21:56:50] You ready a Rapid Fire 8 as a follow up!
[21:56:52] You prepare a Rapid Fire 8
[21:56:52] You hit Slash for 109 damage!
[21:56:52] You hit Slash for 96 damage!
[21:56:53] You ready a Rapid Fire 8 as a follow up!
[21:56:55] You prepare a Rapid Fire 8
[21:56:55] You hit Slash for 109 damage!
[21:56:55] You ready a Rapid Fire 8 as a follow up!
[21:56:57] You prepare a Rapid Fire 8
[21:56:57] You hit Slash for 109 damage!
[21:56:57] You ready a Rapid Fire 8 as a follow up!
[21:56:59] You prepare a Rapid Fire 8
[21:56:59] You hit Slash for 109 damage!
[21:57:00] You ready a Rapid Fire 8 as a follow up!
[21:57:02] You prepare a Rapid Fire 8
[21:57:02] You hit Slash for 109 damage!
[21:57:02] You ready a Rapid Fire 8 as a follow up!
[21:57:04] You prepare a Rapid Fire 8
[21:57:04] You hit Slash for 109 damage!
[21:57:05] You ready a Rapid Fire 8 as a follow up!
[21:57:06] You prepare a Rapid Fire 8
[21:57:06] You hit Slash for 109 damage!
[21:57:07] You hit Slash for 84 damage!
[21:57:07] You ready a Rapid Fire 8 as a follow up!
[21:57:09] You prepare a Rapid Fire 8
[21:57:09] You hit Slash for 109 damage!
[21:57:09] You ready a Rapid Fire 8 as a follow up!
[21:57:11] You prepare a Rapid Fire 8
[21:57:11] You hit Slash for 109 damage!
[21:57:12] You ready a Rapid Fire 8 as a follow up!
[21:57:13] You prepare a Rapid Fire 8
[21:57:14] You hit Slash for 109 damage!
[21:57:14] You ready a Rapid Fire 8 as a follow up!
[21:57:16] You prepare a Rapid Fire 8
[21:57:16] You hit Slash for 109 damage!
[21:57:16] You ready a Rapid Fire 8 as a follow up!
[21:57:18] You prepare a Rapid Fire 8
[21:57:18] You hit Slash for 109 damage!
[21:57:19] You ready a Rapid Fire 8 as a follow up!
[21:57:20] You prepare a Rapid Fire 8
[21:57:21] You hit Slash for 109 damage!
[21:57:21] You ready a Rapid Fire 8 as a follow up!
[21:57:23] You prepare a Rapid Fire 8
[21:57:23] You hit Slash for 109 damage!
[21:57:24] You ready a Rapid Fire 8 as a follow up!
[21:57:25] You prepare a Rapid Fire 8
[21:57:25] You hit Slash for 109 damage!
[21:57:25] You critical hit for an additional 82 damage!
[21:57:26] You ready a Rapid Fire 8 as a follow up!
[21:57:28] You prepare a Rapid Fire 8
[21:57:28] You hit Slash for 109 damage!
[21:57:28] You ready a Rapid Fire 8 as a follow up!
[21:57:30] You prepare a Rapid Fire 8
[21:57:30] You hit Slash for 109 damage!
[21:57:31] You ready a Rapid Fire 8 as a follow up!
[21:57:32] You prepare a Rapid Fire 8
[21:57:32] You hit Slash for 109 damage!
[21:57:33] You ready a Rapid Fire 8 as a follow up!
[21:57:35] You prepare a Rapid Fire 8
[21:57:35] You hit Slash for 109 damage!
[21:57:35] You ready a Rapid Fire 8 as a follow up!
[21:57:37] You prepare a Rapid Fire 8
[21:57:37] You hit Slash for 109 damage!
[21:57:37] You ready a Standard Shot 9 as a follow up!
[21:57:39] You prepare a Standard Shot 9
[21:57:39] You hit Slash for 109 damage!
[21:57:39] You critical hit for an additional 49 damage!
[21:57:40] You ready a Standard Shot 9 as a follow up!
[21:57:43] You prepare a Standard Shot 9
[21:57:43] You hit Slash for 359 damage!
[21:57:47] You hit Slash for 359 damage!
[21:57:48] You prepare a Acid Shot 8
[21:57:50] You ready a Acid Shot 8 as a follow up!
[21:57:53] You hit Slash for 219 damage!
[21:57:53] You hit Slash for 80 damage!
[21:57:53] You prepare a Acid Shot 8
[21:57:54] You ready a Acid Shot 8 as a follow up!
[21:57:59] You hit Slash for 80 damage!
[21:57:59] You hit Slash for 219 damage!
[21:57:59] You hit Slash for 80 damage!
[21:57:59] You prepare a Acid Shot 8
[21:58:00] You ready a Acid Shot 8 as a follow up!
[21:58:04] You hit Slash for 80 damage!
[21:58:05] You hit Slash for 80 damage!
[21:58:05] You prepare a Acid Shot 8
[21:58:05] You hit Slash for 219 damage!
[21:58:05] You ready a Acid Shot 8 as a follow up!
[21:58:10] You hit Slash for 80 damage!
[21:58:10] You hit Slash for 219 damage!
[21:58:10] You hit Slash for 80 damage!
[21:58:10] You prepare a Acid Shot 8
[21:58:11] You ready a Poison Shot 8 as a follow up!
[21:58:15] You hit Slash for 80 damage!
[21:58:16] You hit Slash for 219 damage!
[21:58:16] You hit Slash for 80 damage!
[21:58:16] You prepare a Poison Shot 8
[21:58:17] You ready a Poison Shot 8 as a follow up!
[21:58:21] You hit Slash for 80 damage!
[21:58:22] You hit Slash for 80 damage!
[21:58:22] You prepare a Poison Shot 8
[21:58:22] You hit Slash for 217 damage!
[21:58:22] You ready a Poison Shot 8 as a follow up!
[21:58:27] You hit Slash for 80 damage!
[21:58:27] You hit Slash for 80 damage!
[21:58:27] You prepare a Poison Shot 8
[21:58:27] You hit Slash for 217 damage!
[21:58:28] You ready a Poison Shot 8 as a follow up!
[21:58:32] You hit Slash for 80 damage!
[21:58:33] You hit Slash for 217 damage!
[21:58:33] You hit Slash for 80 damage!
[21:58:33] You prepare a Poison Shot 8
[21:58:33] You ready a Poison Shot 8 as a follow up!
[21:58:38] You hit Slash for 80 damage!
[21:58:39] Slash resists the effect!
[21:58:39] You prepare a Poison Shot 8
[21:58:39] You hit Slash for 217 damage!
[21:58:39] You ready a Poison Shot 8 as a follow up!
[21:58:43] You hit Slash for 80 damage!
[21:58:44] You hit Slash for 217 damage!
[21:58:44] Slash resists the effect!
[21:58:44] You prepare a Poison Shot 8
[21:58:45] You ready a Poison Shot 8 as a follow up!
[21:58:48] You hit Slash for 80 damage!
[21:58:50] You hit Slash for 80 damage!
[21:58:50] You don't have enough endurance left!
[21:58:50] You hit Slash for 217 damage!
[21:58:50] You don't have enough endurance left!
[21:58:53] You prepare a Standard Shot 9
[21:58:55] You hit Slash for 80 damage!
[21:58:57] You hit Slash for 359 damage!
[21:58:57] You prepare a Standard Shot 9
[21:59:00] You hit Slash for 80 damage!
[21:59:01] You hit Slash for 359 damage!
[21:59:02] You prepare a Standard Shot 9
[21:59:05] You hit Slash for 80 damage!
[21:59:06] You hit Slash for 359 damage!
[21:59:06] You prepare a Standard Shot 9
[21:59:10] You hit Slash for 359 damage!
[21:59:11] You prepare a Standard Shot 9
[21:59:15] You hit Slash for 359 damage!
[21:59:15] You prepare a Standard Shot 9
[21:59:19] You hit Slash for 359 damage!
[21:59:20] You prepare a Standard Shot 9
[21:59:24] You hit Slash for 359 damage!
[22:00:02] You prepare a Standard Shot 9
[22:00:06] You hit Slash for 359 damage!
[22:00:06] You prepare a Standard Shot 9
[22:00:10] You hit Slash for 359 damage!
[22:00:11] You prepare a Standard Shot 9
[22:00:15] You hit Slash for 359 damage!
[22:00:15] You prepare a Standard Shot 9
[22:00:19] You hit Slash for 359 damage!
[22:00:19] You prepare a Standard Shot 9
[22:00:23] You hit Slash for 359 damage!
[22:00:24] You prepare a Standard Shot 9
[22:00:28] You hit Slash for 359 damage!
[22:00:28] You critical hit for an additional 78 damage!
[22:00:28] You prepare a Standard Shot 9
[22:00:32] You hit Slash for 359 damage!
[22:00:33] You prepare a Standard Shot 9
[22:00:37] You hit Slash for 359 damage!
[22:00:37] You prepare a Standard Shot 9
[22:00:41] You hit Slash for 359 damage!
[22:00:41] You hit Slash for 99 damage!
[22:00:42] You prepare a Standard Shot 9
[22:00:46] You hit Slash for 359 damage!
[22:00:46] You prepare a Standard Shot 9
[22:00:50] You hit Slash for 359 damage!
[22:00:51] You prepare a Standard Shot 9
[22:00:55] You hit Slash for 359 damage!
[22:00:55] You prepare a Standard Shot 9
[22:00:59] You hit Slash for 359 damage!
[22:01:00] You prepare a Standard Shot 9
[22:01:04] You hit Slash for 359 damage!
[22:01:04] You prepare a Standard Shot 9
[22:01:08] You hit Slash for 359 damage!
[22:01:09] You prepare a Standard Shot 9
[22:01:13] You hit Slash for 359 damage!
[22:01:14] You prepare a Standard Shot 9
[22:01:18] You hit Slash for 359 damage!
[22:01:18] You prepare a Standard Shot 9
[22:01:23] You hit Slash for 359 damage!
[22:01:27] You prepare a Standard Shot 9
[22:01:31] You hit Slash for 359 damage!
[22:01:31] You prepare a Standard Shot 9
[22:01:36] You hit Slash for 359 damage!
[22:01:36] You prepare a Standard Shot 9
[22:01:40] You hit Slash for 359 damage!
[22:01:41] You prepare a Standard Shot 9
[22:01:45] You hit Slash for 359 damage!
[22:01:45] You prepare a Standard Shot 9
[22:01:49] You hit Slash for 359 damage!
[22:01:50] You prepare a Standard Shot 9
[22:01:54] You hit Slash for 359 damage!
[22:01:55] You prepare a Standard Shot 9
[22:01:59] You hit Slash for 359 damage!
[22:01:59] You prepare a Standard Shot 9
[22:02:03] You hit Slash for 359 damage!
[22:02:03] You prepare a Standard Shot 9
[22:02:07] You hit Slash for 359 damage!
[22:02:08] You prepare a Standard Shot 9
[22:02:11] You ready a Standard Shot 9 as a follow up!
[22:02:12] You prepare a Standard Shot 9
[22:02:12] You hit Slash for 359 damage!
[22:02:12] You hit Slash for 111 damage!
[22:02:13] You ready a Standard Shot 9 as a follow up!
[22:02:16] You prepare a Standard Shot 9
[22:02:16] You hit Slash for 359 damage!
[22:02:16] You ready a Standard Shot 9 as a follow up!
[22:02:20] You prepare a Standard Shot 9
[22:02:20] You hit Slash for 359 damage!
[22:02:20] You critical hit for an additional 222 damage!
[22:02:20] You ready a Standard Shot 9 as a follow up!
[22:02:24] You ready a Standard Shot 9 as a follow up!
[22:02:24] You prepare a Standard Shot 9
[22:02:24] You hit Slash for 359 damage!
[22:02:28] You hit Slash for 358 damage!
[22:02:28] You prepare a Standard Shot 9
[22:02:32] You hit Slash for 358 damage!
[22:02:32] You prepare a Standard Shot 9
[22:02:35] Your Dexterity has decreased.
[22:02:35] Your Quickness has decreased.
[22:02:35] Your hits have decreased.
[22:02:37] You hit Slash for 341 damage!
[22:02:37] Your Dexterity has decreased.
[22:02:37] Your hits have decreased.
[22:02:38] Your hits have decreased.
[22:02:38] Your Archery skill has decreased.
[22:02:40] Your Dexterity has decreased.
[22:02:43] Your Dexterity has decreased.
[22:02:43] Your Quickness has decreased.
[22:02:43] Your hits have decreased.
[22:02:43] Your Stealth skill has decreased.
[22:02:45] Your Dexterity has decreased.
[22:02:45] Your Quickness has decreased.
[22:02:49] Your Dexterity has decreased.
[22:02:49] Your Quickness has decreased.
[22:02:49] Your Archery skill has decreased.
[22:02:49] Your Crush resistance has decreased.
[22:02:51] Your Constitution has decreased.
[22:02:51] Your hits have decreased.
[22:02:51] Your Spirit resistance has decreased.
[22:02:54] Your Quickness has decreased.
[22:02:54] Your Archery skill has decreased.
[22:02:55] Your Dexterity has decreased.
[22:02:55] Your Stealth skill has decreased.
[22:02:58] Your Dexterity has decreased.
[22:02:58] Your hits have decreased.
[22:02:58] Your Crush resistance has decreased.
[22:02:58] Your Body resistance has decreased.
[22:03:02] Your character has been saved.
[22:03:07] You prepare a Standard Shot 9
[22:03:11] You hit Slash for 297 damage!
[22:03:12] You prepare a Standard Shot 9
[22:03:16] You hit Slash for 297 damage!
[22:03:18] You prepare a Standard Shot 9
[22:03:19] You ready a Standard Shot 9 as a follow up!
[22:03:22] You prepare a Standard Shot 9
[22:03:22] You hit Slash for 297 damage!
[22:03:22] You ready a Standard Shot 9 as a follow up!
[22:03:23] You ready a Standard Shot 9 as a follow up!
[22:03:26] You prepare a Standard Shot 9
[22:03:26] You hit Slash for 297 damage!
[22:03:26] You critical hit for an additional 44 damage!
[22:03:31] You hit Slash for 297 damage!
[22:03:32] You prepare a Standard Shot 9
[22:03:33] You ready a Standard Shot 9 as a follow up!
[22:03:35] You ready a Standard Shot 9 as a follow up!
[22:03:37] You prepare a Standard Shot 9
[22:03:37] You hit Slash for 297 damage!
[22:03:39] You ready a Standard Shot 9 as a follow up!
[22:03:41] You prepare a Standard Shot 9
[22:03:41] You hit Slash for 297 damage!
[22:03:42] You ready a Standard Shot 9 as a follow up!
[22:03:45] You prepare a Standard Shot 9
[22:03:46] You hit Slash for 297 damage!
[22:03:46] You ready a Standard Shot 9 as a follow up!
[22:03:50] You prepare a Standard Shot 9
[22:03:50] You hit Slash for 297 damage!
[22:03:50] You ready a Standard Shot 9 as a follow up!
[22:03:54] You prepare a Standard Shot 9
[22:03:54] You hit Slash for 297 damage!
[22:03:55] You ready a Standard Shot 9 as a follow up!
[22:03:59] You prepare a Standard Shot 9
[22:03:59] You hit Slash for 297 damage!
[22:04:00] You ready a Standard Shot 9 as a follow up!
[22:04:03] You prepare a Standard Shot 9
[22:04:03] You hit Slash for 297 damage!
[22:04:04] You ready a Standard Shot 9 as a follow up!
[22:04:07] You prepare a Standard Shot 9
[22:04:08] You hit Slash for 297 damage!
[22:04:08] You ready a Standard Shot 9 as a follow up!
[22:04:12] You prepare a Standard Shot 9
[22:04:12] You hit Slash for 297 damage!
[22:04:12] You ready a Standard Shot 9 as a follow up!
[22:04:16] You prepare a Standard Shot 9
[22:04:17] You hit Slash for 297 damage!
[22:04:17] You critical hit for an additional 80 damage!
[22:04:21] You hit Slash for 297 damage!
[22:04:22] You prepare a Standard Shot 9
[22:04:23] You ready a Standard Shot 9 as a follow up!
[22:04:27] You prepare a Standard Shot 9
[22:04:27] You hit Slash for 297 damage!
[22:04:27] You hit Slash for 94 damage!
[22:04:27] You ready a Standard Shot 9 as a follow up!
[22:04:31] You prepare a Standard Shot 9
[22:04:31] You hit Slash for 297 damage!
[22:04:32] You ready a Standard Shot 9 as a follow up!
[22:04:35] You prepare a Standard Shot 9
[22:04:36] You hit Slash for 297 damage!
[22:04:36] You ready a Standard Shot 9 as a follow up!
[22:04:40] You prepare a Standard Shot 9
[22:04:40] You hit Slash for 297 damage!
[22:04:40] You critical hit for an additional 115 damage!
[22:04:40] You ready a Standard Shot 9 as a follow up!
[22:04:44] You prepare a Standard Shot 9
[22:04:44] You hit Slash for 297 damage!
[22:04:45] You ready a Standard Shot 9 as a follow up!
[22:04:49] You prepare a Standard Shot 9
[22:04:49] You hit Slash for 297 damage!
[22:04:49] You ready a Standard Shot 9 as a follow up!
[22:04:52] You ready a Standard Shot 9 as a follow up!
[22:04:53] You prepare a Standard Shot 9
[22:04:53] You hit Slash for 297 damage!
[22:04:54] You ready a Standard Shot 9 as a follow up!
[22:04:58] You prepare a Standard Shot 9
[22:04:58] You hit Slash for 297 damage!
[22:04:58] You ready a Rapid Fire 8 as a follow up!
[22:04:58] You ready a Rapid Fire 8 as a follow up!
[22:05:02] You prepare a Rapid Fire 8
[22:05:02] You hit Slash for 297 damage!
[22:05:02] You ready a Rapid Fire 8 as a follow up!
[22:05:05] You prepare a Rapid Fire 8
[22:05:05] You hit Slash for 90 damage!
[22:05:05] You ready a Rapid Fire 8 as a follow up!
[22:05:07] You prepare a Rapid Fire 8
[22:05:07] You hit Slash for 90 damage!
[22:05:08] You ready a Rapid Fire 8 as a follow up!
[22:05:10] You prepare a Rapid Fire 8
[22:05:10] You hit Slash for 90 damage!
[22:05:10] You ready a Rapid Fire 8 as a follow up!
[22:05:12] You prepare a Rapid Fire 8
[22:05:13] You hit Slash for 90 damage!
[22:05:13] You hit Slash for 90 damage!
[22:05:13] You ready a Rapid Fire 8 as a follow up!
[22:05:15] You prepare a Rapid Fire 8
[22:05:15] You hit Slash for 90 damage!
[22:05:16] You ready a Rapid Fire 8 as a follow up!
[22:05:18] You prepare a Rapid Fire 8
[22:05:18] You hit Slash for 90 damage!
[22:05:19] You ready a Rapid Fire 8 as a follow up!
[22:05:20] You prepare a Rapid Fire 8
[22:05:21] You hit Slash for 90 damage!
[22:05:21] You ready a Rapid Fire 8 as a follow up!
[22:05:23] You prepare a Rapid Fire 8
[22:05:23] You hit Slash for 90 damage!
[22:05:26] You hit Slash for 90 damage!
[22:05:27] You begin casting a Perfect Acuity spell!
[22:05:29] Your Dexterity has increased.
[22:05:29] Your Quickness has increased.
[22:05:29] You feel more dexterous!
[22:05:30] You prepare a Rapid Fire 8
[22:05:32] You hit Slash for 116 damage!
[22:05:32] You prepare a Rapid Fire 8
[22:05:35] You hit Slash for 116 damage!
[22:05:35] You critical hit for an additional 68 damage!
[22:05:35] You prepare a Rapid Fire 8
[22:05:37] You hit Slash for 116 damage!
[22:05:38] You prepare a Rapid Fire 8
[22:05:40] You ready a Rapid Fire 8 as a follow up!
[22:05:40] You prepare a Rapid Fire 8
[22:05:40] You hit Slash for 116 damage!
[22:05:43] You hit Slash for 116 damage!
[22:05:43] You hit Slash for 104 damage!
[22:05:45] You prepare a Rapid Fire 8
[22:05:46] You ready a Rapid Fire 8 as a follow up!
[22:05:47] You prepare a Rapid Fire 8
[22:05:47] You ready a Standard Shot 9 as a follow up!
[22:05:48] You hit Slash for 116 damage!
[22:05:49] You prepare a Standard Shot 9
[22:05:50] You ready a Standard Shot 9 as a follow up!
[22:05:50] You hit Slash for 116 damage!
[22:05:51] You ready a Standard Shot 9 as a follow up!
[22:05:53] You prepare a Standard Shot 9
[22:05:53] You hit Slash for 381 damage!
[22:05:57] You hit Slash for 381 damage!
[22:06:07] You prepare a Standard Shot 9
[22:06:07] You ready a Standard Shot 9 as a follow up!
[22:06:10] You prepare a Standard Shot 9
[22:06:10] You hit Slash for 381 damage!
[22:06:11] You ready a Standard Shot 9 as a follow up!
[22:06:14] You prepare a Standard Shot 9
[22:06:14] You hit Slash for 381 damage!
[22:06:15] You ready a Standard Shot 9 as a follow up!
[22:06:18] You prepare a Standard Shot 9
[22:06:18] You hit Slash for 381 damage!
[22:06:18] You ready a Standard Shot 9 as a follow up!
[22:06:21] You prepare a Standard Shot 9
[22:06:22] You hit Slash for 381 damage!
[22:06:22] You ready a Standard Shot 9 as a follow up!
[22:06:25] You ready a Standard Shot 9 as a follow up!
[22:06:25] You prepare a Standard Shot 9
[22:06:25] You hit Slash for 381 damage!
[22:06:28] You ready a Standard Shot 9 as a follow up!
[22:06:29] You prepare a Standard Shot 9
[22:06:29] You hit Slash for 381 damage!
[22:06:33] You hit Slash for 381 damage!
[22:06:34] You prepare a Standard Shot 9
[22:06:38] You hit Slash for 381 damage!
[22:06:38] You critical hit for an additional 41 damage!
[22:06:38] You prepare a Standard Shot 9
[22:06:42] You hit Slash for 381 damage!
[22:06:43] You prepare a Standard Shot 9
[22:06:47] You hit Slash for 381 damage!
[22:06:47] You prepare a Standard Shot 9
[22:06:50] You ready a Standard Shot 9 as a follow up!
[22:06:51] You prepare a Standard Shot 9
[22:06:51] You hit Slash for 381 damage!
[22:06:55] You hit Slash for 381 damage!

*** Chat Log Closed: Sat Mar 13 22:06:55 2010


