
*** Chat Log Opened: Sat Mar 13 21:11:02 2010

[21:11:02]  To stop logging, type /chatlog again.
[21:11:12] @@You say, "standard shot"
[21:11:13] You prepare a Standard Shot 8
[21:11:14] You ready a Standard Shot 8 as a follow up!
[21:11:17] You prepare a Standard Shot 8
[21:11:17] You ready a Standard Shot 8 as a follow up!
[21:11:17] You missed!
[21:11:17] You ready a Standard Shot 8 as a follow up!
[21:11:21] You prepare a Standard Shot 8
[21:11:21] You hit Slash for 180 damage!
[21:11:21] You ready a Standard Shot 8 as a follow up!
[21:11:24] You ready a Standard Shot 8 as a follow up!
[21:11:25] You prepare a Standard Shot 8
[21:11:25] You hit Slash for 182 damage!
[21:11:25] You ready a Standard Shot 8 as a follow up!
[21:11:27] You ready a Standard Shot 8 as a follow up!
[21:11:28] You prepare a Standard Shot 8
[21:11:29] You hit Slash for 182 damage!
[21:11:29] You ready a Standard Shot 8 as a follow up!
[21:11:30] You ready a Standard Shot 8 as a follow up!
[21:11:32] You ready a Standard Shot 8 as a follow up!
[21:11:32] You prepare a Standard Shot 8
[21:11:33] You hit Slash for 179 damage!
[21:11:33] You ready a Standard Shot 8 as a follow up!
[21:11:34] You ready a Standard Shot 8 as a follow up!
[21:11:37] You prepare a Standard Shot 8
[21:11:37] You hit Slash for 182 damage!
[21:11:37] You ready a Standard Shot 8 as a follow up!
[21:11:38] You ready a Standard Shot 8 as a follow up!
[21:11:41] You prepare a Standard Shot 8
[21:11:41] You hit Slash for 183 damage!
[21:11:41] You ready a Standard Shot 8 as a follow up!
[21:11:42] You ready a Standard Shot 8 as a follow up!
[21:11:45] You prepare a Standard Shot 8
[21:11:45] You hit Slash for 177 damage!
[21:11:45] You ready a Standard Shot 8 as a follow up!
[21:11:46] You ready a Standard Shot 8 as a follow up!
[21:11:49] You prepare a Standard Shot 8
[21:11:49] You hit Slash for 183 damage!
[21:11:50] You ready a Standard Shot 8 as a follow up!
[21:11:50] You ready a Standard Shot 8 as a follow up!
[21:11:53] You prepare a Standard Shot 8
[21:11:53] You hit Slash for 180 damage!
[21:11:53] You critical hit for an additional 41 damage!
[21:11:54] You ready a Standard Shot 8 as a follow up!
[21:11:54] You ready a Standard Shot 8 as a follow up!
[21:11:57] You prepare a Standard Shot 8
[21:11:57] You hit Slash for 180 damage!
[21:11:57] You critical hit for an additional 79 damage!
[21:11:58] You ready a Standard Shot 8 as a follow up!
[21:11:58] You ready a Standard Shot 8 as a follow up!
[21:12:01] You prepare a Standard Shot 8
[21:12:01] You hit Slash for 180 damage!
[21:12:02] You ready a Standard Shot 8 as a follow up!
[21:12:05] You prepare a Standard Shot 8
[21:12:05] You missed!
[21:12:06] You ready a Standard Shot 8 as a follow up!
[21:12:09] You prepare a Standard Shot 8
[21:12:09] You hit Slash for 180 damage!
[21:12:10] You ready a Standard Shot 8 as a follow up!
[21:12:11] You ready a Standard Shot 8 as a follow up!
[21:12:13] You prepare a Standard Shot 8
[21:12:13] You missed!
[21:12:14] You ready a Standard Shot 8 as a follow up!
[21:12:15] You ready a Standard Shot 8 as a follow up!
[21:12:17] You prepare a Standard Shot 8
[21:12:17] You hit Slash for 179 damage!
[21:12:18] You ready a Standard Shot 8 as a follow up!
[21:12:19] You ready a Standard Shot 8 as a follow up!
[21:12:21] You prepare a Standard Shot 8
[21:12:21] You hit Slash for 176 damage!
[21:12:22] You ready a Standard Shot 8 as a follow up!
[21:12:23] You ready a Standard Shot 8 as a follow up!
[21:12:25] You prepare a Standard Shot 8
[21:12:25] You hit Slash for 176 damage!
[21:12:25] You critical hit for an additional 161 damage!
[21:12:25] You ready a Standard Shot 8 as a follow up!
[21:12:27] You ready a Standard Shot 8 as a follow up!
[21:12:29] You prepare a Standard Shot 8
[21:12:29] You hit Slash for 176 damage!
[21:12:30] You ready a Standard Shot 8 as a follow up!
[21:12:33] You prepare a Standard Shot 8
[21:12:33] You hit Slash for 182 damage!
[21:12:34] You ready a Standard Shot 8 as a follow up!
[21:12:35] You ready a Standard Shot 8 as a follow up!
[21:12:37] You prepare a Standard Shot 8
[21:12:37] You missed!
[21:12:38] You ready a Standard Shot 8 as a follow up!
[21:12:38] You ready a Standard Shot 8 as a follow up!
[21:12:41] You prepare a Standard Shot 8
[21:12:41] You hit Slash for 176 damage!
[21:12:41] You ready a Standard Shot 8 as a follow up!
[21:12:42] You ready a Standard Shot 8 as a follow up!
[21:12:45] You prepare a Standard Shot 8
[21:12:45] You hit Slash for 177 damage!
[21:12:45] You are not powerful enough to use this item's spell.
[21:12:46] You ready a Standard Shot 8 as a follow up!
[21:12:47] <Begin Info: Fire Shot 8>
[21:12:47] Function: Archery
[21:12:47]  
[21:12:47] Fires an arrow at the target.
[21:12:47]  
[21:12:47] Value: 191
[21:12:47] Target: Targetted
[21:12:47] Range: 2100
[21:12:47] Fatigue cost: 10%
[21:12:47] Casting time:      7.0 sec
[21:12:47] Damage: Heat
[21:12:47]  
[21:12:47] <End Info>
[21:12:49] You prepare a Standard Shot 8
[21:12:49] You missed!
[21:12:50] You ready a Standard Shot 8 as a follow up!
[21:12:51] You ready a Standard Shot 8 as a follow up!
[21:12:53] You prepare a Standard Shot 8
[21:12:53] You hit Slash for 182 damage!
[21:12:54] You ready a Standard Shot 8 as a follow up!
[21:12:54] You ready a Standard Shot 8 as a follow up!
[21:12:57] You prepare a Standard Shot 8
[21:12:57] You hit Slash for 179 damage!
[21:12:57] You critical hit for an additional 110 damage!
[21:12:58] You ready a Standard Shot 8 as a follow up!
[21:12:58] You ready a Standard Shot 8 as a follow up!
[21:13:01] You prepare a Standard Shot 8
[21:13:01] You hit Slash for 177 damage!
[21:13:01] You are not powerful enough to use this item's spell.
[21:13:02] You ready a Standard Shot 8 as a follow up!
[21:13:03] You ready a Standard Shot 8 as a follow up!
[21:13:05] You prepare a Standard Shot 8
[21:13:05] You missed!
[21:13:06] You ready a Standard Shot 8 as a follow up!
[21:13:07] You ready a Standard Shot 8 as a follow up!
[21:13:09] You prepare a Standard Shot 8
[21:13:09] You missed!
[21:13:10] You ready a Standard Shot 8 as a follow up!
[21:13:11] You ready a Standard Shot 8 as a follow up!
[21:13:13] You prepare a Standard Shot 8
[21:13:13] You missed!
[21:13:14] You ready a Standard Shot 8 as a follow up!
[21:13:15] You ready a Standard Shot 8 as a follow up!
[21:13:17] You prepare a Standard Shot 8
[21:13:17] You hit Slash for 182 damage!
[21:13:18] You ready a Standard Shot 8 as a follow up!
[21:13:18] You ready a Standard Shot 8 as a follow up!
[21:13:21] You prepare a Standard Shot 8
[21:13:21] You hit Slash for 181 damage!
[21:13:22] You ready a Standard Shot 8 as a follow up!
[21:13:22] You ready a Standard Shot 8 as a follow up!
[21:13:25] You prepare a Standard Shot 8
[21:13:25] You hit Slash for 179 damage!
[21:13:25] You critical hit for an additional 26 damage!
[21:13:26] You ready a Standard Shot 8 as a follow up!
[21:13:27] You ready a Standard Shot 8 as a follow up!
[21:13:29] You prepare a Standard Shot 8
[21:13:29] You missed!
[21:13:30] You ready a Standard Shot 8 as a follow up!
[21:13:31] You ready a Standard Shot 8 as a follow up!
[21:13:33] You prepare a Standard Shot 8
[21:13:33] You hit Slash for 182 damage!
[21:13:34] You ready a Standard Shot 8 as a follow up!
[21:13:35] You ready a Standard Shot 8 as a follow up!
[21:13:37] You prepare a Standard Shot 8
[21:13:37] You hit Slash for 179 damage!
[21:13:38] You ready a Standard Shot 8 as a follow up!
[21:13:39] You ready a Standard Shot 8 as a follow up!
[21:13:41] You prepare a Standard Shot 8
[21:13:41] You hit Slash for 181 damage!
[21:13:42] You ready a Standard Shot 8 as a follow up!
[21:13:42] You ready a Standard Shot 8 as a follow up!
[21:13:45] You prepare a Standard Shot 8
[21:13:45] You hit Slash for 182 damage!
[21:13:46] You ready a Standard Shot 8 as a follow up!
[21:13:47] You ready a Standard Shot 8 as a follow up!
[21:13:49] You prepare a Standard Shot 8
[21:13:49] You hit Slash for 181 damage!
[21:13:50] You ready a Standard Shot 8 as a follow up!
[21:13:51] You ready a Standard Shot 8 as a follow up!
[21:13:53] You prepare a Standard Shot 8
[21:13:53] You missed!
[21:13:54] You ready a Standard Shot 8 as a follow up!
[21:13:57] You prepare a Standard Shot 8
[21:13:58] You hit Slash for 178 damage!
[21:13:58] You ready a Standard Shot 8 as a follow up!
[21:14:01] You prepare a Standard Shot 8
[21:14:01] You hit Slash for 181 damage!
[21:14:02] You ready a Standard Shot 8 as a follow up!
[21:14:05] You prepare a Standard Shot 8
[21:14:06] You hit Slash for 179 damage!
[21:14:06] You ready a Standard Shot 8 as a follow up!
[21:14:09] You prepare a Standard Shot 8
[21:14:09] You hit Slash for 182 damage!
[21:14:10] You ready a Standard Shot 8 as a follow up!
[21:14:13] You prepare a Standard Shot 8
[21:14:13] You hit Slash for 181 damage!
[21:14:14] You ready a Standard Shot 8 as a follow up!
[21:14:17] You prepare a Standard Shot 8
[21:14:17] You hit Slash for 181 damage!
[21:14:18] You ready a Standard Shot 8 as a follow up!
[21:14:21] You prepare a Standard Shot 8
[21:14:21] You hit Slash for 178 damage!
[21:14:22] You critical hit for an additional 153 damage!
[21:14:22] You ready a Standard Shot 8 as a follow up!
[21:14:25] You prepare a Standard Shot 8
[21:14:25] You hit Slash for 179 damage!
[21:14:26] You ready a Standard Shot 8 as a follow up!
[21:14:29] You prepare a Standard Shot 8
[21:14:29] You hit Slash for 179 damage!
[21:14:30] You ready a Standard Shot 8 as a follow up!
[21:14:33] You prepare a Standard Shot 8
[21:14:33] You hit Slash for 177 damage!
[21:14:34] You ready a Standard Shot 8 as a follow up!
[21:14:37] You prepare a Standard Shot 8
[21:14:37] You missed!
[21:14:38] You ready a Standard Shot 8 as a follow up!
[21:14:41] You prepare a Standard Shot 8
[21:14:41] You missed!
[21:14:42] You ready a Standard Shot 8 as a follow up!
[21:14:45] You prepare a Standard Shot 8
[21:14:45] You missed!
[21:14:46] You ready a Standard Shot 8 as a follow up!
[21:14:49] You prepare a Standard Shot 8
[21:14:49] You missed!
[21:14:50] You ready a Standard Shot 8 as a follow up!
[21:14:53] You prepare a Standard Shot 8
[21:14:53] You hit Slash for 182 damage!
[21:14:54] You ready a Standard Shot 8 as a follow up!
[21:14:57] You prepare a Standard Shot 8
[21:14:57] You hit Slash for 181 damage!
[21:14:58] You ready a Standard Shot 8 as a follow up!
[21:15:01] You prepare a Standard Shot 8
[21:15:02] You hit Slash for 182 damage!
[21:15:02] You critical hit for an additional 87 damage!
[21:15:02] You ready a Standard Shot 8 as a follow up!
[21:15:05] You prepare a Standard Shot 8
[21:15:05] You hit Slash for 176 damage!
[21:15:06] You ready a Standard Shot 8 as a follow up!
[21:15:09] You prepare a Standard Shot 8
[21:15:10] You hit Slash for 179 damage!
[21:15:11] You move and interrupt your shot!
[21:15:17] @@You say, "level 70"
[21:15:17] ##Slash says, "My level has now been changed, Jartz. Target me again to update your target window."
[21:15:18] @@You say, "level 70"
[21:15:18] ##Slash says, "My level has now been changed, Jartz. Target me again to update your target window."
[21:15:19] @@You say, "level 70"
[21:15:19] ##Slash says, "My level has now been changed, Jartz. Target me again to update your target window."
[21:15:22] You target [Slash]
[21:15:22] You examine Slash.  It is neutral towards you.
[21:15:28] You prepare a Standard Shot 8
[21:15:32] You prepare a Standard Shot 8
[21:15:33] You missed!
[21:15:37] You missed!
[21:15:37] You prepare a Standard Shot 8
[21:15:41] You missed!
[21:15:42] You prepare a Standard Shot 8
[21:15:46] You missed!
[21:15:46] You prepare a Standard Shot 8
[21:15:50] You missed!
[21:15:51] You prepare a Standard Shot 8
[21:15:55] You missed!
[21:15:56] You prepare a Standard Shot 8
[21:15:58] You ready a Standard Shot 8 as a follow up!
[21:16:00] You prepare a Standard Shot 8
[21:16:01] You missed!
[21:16:02] You ready a Standard Shot 8 as a follow up!
[21:16:04] You prepare a Standard Shot 8
[21:16:05] You missed!
[21:16:05] You ready a Standard Shot 8 as a follow up!
[21:16:06] You ready a Standard Shot 8 as a follow up!
[21:16:09] You prepare a Standard Shot 8
[21:16:09] You missed!
[21:16:09] You ready a Standard Shot 8 as a follow up!
[21:16:12] You prepare a Standard Shot 8
[21:16:13] You missed!
[21:16:13] You ready a Standard Shot 8 as a follow up!
[21:16:17] You prepare a Standard Shot 8
[21:16:17] You missed!
[21:16:17] You ready a Standard Shot 8 as a follow up!
[21:16:21] You prepare a Standard Shot 8
[21:16:21] You missed!
[21:16:21] Your character has been saved.
[21:16:21] You ready a Standard Shot 8 as a follow up!
[21:16:25] You prepare a Standard Shot 8
[21:16:25] You missed!
[21:16:25] You ready a Standard Shot 8 as a follow up!
[21:16:28] You prepare a Standard Shot 8
[21:16:29] You missed!
[21:16:29] You ready a Standard Shot 8 as a follow up!
[21:16:33] You prepare a Standard Shot 8
[21:16:33] You missed!
[21:16:33] You ready a Standard Shot 8 as a follow up!
[21:16:36] You prepare a Standard Shot 8
[21:16:37] You missed!
[21:16:37] You ready a Standard Shot 8 as a follow up!
[21:16:40] You prepare a Standard Shot 8
[21:16:41] You missed!
[21:16:41] You ready a Standard Shot 8 as a follow up!
[21:16:45] You prepare a Standard Shot 8
[21:16:45] You missed!
[21:16:45] You ready a Standard Shot 8 as a follow up!
[21:16:49] You prepare a Standard Shot 8
[21:16:49] You missed!
[21:16:49] You ready a Standard Shot 8 as a follow up!
[21:16:53] You prepare a Standard Shot 8
[21:16:53] You missed!
[21:16:53] You ready a Acid Shot 7 as a follow up!
[21:16:57] You prepare a Acid Shot 7
[21:16:57] You missed!
[21:16:58] You ready a Poison Shot 7 as a follow up!
[21:17:03] Slash resists the effect!
[21:17:03] You prepare a Poison Shot 7
[21:17:03] You missed!
[21:17:03] You ready a Cold Shot 8 as a follow up!
[21:17:08] Slash resists the effect!
[21:17:08] You prepare a Cold Shot 8
[21:17:08] You missed!
[21:17:09] You ready a Fire Shot 8 as a follow up!
[21:17:14] You prepare a Fire Shot 8
[21:17:14] You missed!
[21:17:15] You ready a Standard Shot 8 as a follow up!
[21:17:19] You prepare a Standard Shot 8
[21:17:20] You missed!
[21:17:24] You missed!

*** Chat Log Closed: Sat Mar 13 21:17:30 2010


