
*** Chat Log Opened: Sat Jul 31 08:40:17 2010

[08:40:17]  To stop logging, type /chatlog again.
[08:40:20] You begin dancing!
[08:40:21] Looks like somebody had too much caffeine today.
[08:40:25] You begin dancing!
[08:40:26] Whoah! Slow down there. Take a few moments, calm down and collect your thoughts.
[08:40:28] You begin dancing!
[08:40:29] Be careful or your face will stay that way.
[08:40:32] You begin dancing!
[08:40:33] Be careful or your face will stay that way.
[08:40:36] You begin dancing!
[08:40:36] Whoah! Slow down there. Take a few moments, calm down and collect your thoughts.
[08:40:39] You begin dancing!
[08:40:40] Whoah! Slow down there. Take a few moments, calm down and collect your thoughts.
[08:40:43] You begin dancing!
[08:40:43] Be careful or your face will stay that way.
[08:40:46] You begin dancing!
[08:40:47] Whoah! Slow down there. Take a few moments, calm down and collect your thoughts.
[08:40:51] You begin dancing!
[08:40:51] Looks like somebody had too much caffeine today.
[08:40:54] You begin dancing!
[08:40:55] Be careful or your face will stay that way.
[08:40:57] You begin dancing!
[08:40:58] Looks like somebody had too much caffeine today.
[08:41:00] Whoah! Slow down there. Take a few moments, calm down and collect your thoughts.
[08:41:01] You begin dancing!
[08:41:02] Looks like somebody had too much caffeine today.
[08:41:02] Looks like somebody had too much caffeine today.
[08:41:03] Whoah! Slow down there. Take a few moments, calm down and collect your thoughts.
[08:41:05] You begin dancing!
[08:41:06] Whoah! Slow down there. Take a few moments, calm down and collect your thoughts.
[08:41:07] Looks like somebody had too much caffeine today.
[08:41:08] Be careful or your face will stay that way.
[08:41:08] Whoah! Slow down there. Take a few moments, calm down and collect your thoughts.
[08:41:09] You begin dancing!
[08:41:09] Whoah! Slow down there. Take a few moments, calm down and collect your thoughts.
[08:41:10] Slow down, you type too fast, you got to make the moment last.
[08:41:10] Be careful or your face will stay that way.
[08:41:11] Looks like somebody had too much caffeine today.
[08:41:11] Looks like somebody had too much caffeine today.
[08:41:12] Slow down, you type too fast, you got to make the moment last.
[08:41:12] You begin dancing!
[08:41:13] Looks like somebody had too much caffeine today.
[08:41:22] You sit down.  Type '/stand' or move to stand up.
[08:41:22] You will quit after sitting for 20 seconds. Type '/stand' or move if you don't want to quit.
[08:41:26] You will quit in 15 seconds.
[08:41:31] You will quit in 10 seconds.
[08:41:36] You will quit in 5 seconds.

*** Chat Log Closed: Sat Jul 31 08:41:42 2010


