
*** Chat Log Opened: Tue Jul 14 19:26:30 2009

[19:26:30]  To stop logging, type /chatlog again.
[19:26:56] @@You say, "147 intelligence, level 45 air nuke, level 60 mob"
[19:27:00] You begin casting a Blasting Maelstrom spell!
[19:27:03] You are already casting a spell! You prepare this spell as a followup!
[19:27:03] You hit Crush for 245 damage!
[19:27:03] You begin casting a Blasting Maelstrom spell!
[19:27:05] You are already casting a spell! You prepare this spell as a followup!
[19:27:05] Crush resists the effect!
[19:27:05] You begin casting a Blasting Maelstrom spell!
[19:27:08] You are already casting a spell! You prepare this spell as a followup!
[19:27:08] Crush resists the effect!
[19:27:08] You begin casting a Blasting Maelstrom spell!
[19:27:10] Crush resists the effect!
[19:27:11] You begin casting a Blasting Maelstrom spell!
[19:27:13] You are already casting a spell! You prepare this spell as a followup!
[19:27:13] You hit Crush for 214 damage!
[19:27:13] You begin casting a Blasting Maelstrom spell!
[19:27:15] You are already casting a spell! You prepare this spell as a followup!
[19:27:16] Crush resists the effect!
[19:27:16] You begin casting a Blasting Maelstrom spell!
[19:27:16] You are already casting a spell! You prepare this spell as a followup!
[19:27:17] You are already casting a spell! You prepare this spell as a followup!
[19:27:18] You hit Crush for 229 damage!
[19:27:18] You begin casting a Blasting Maelstrom spell!
[19:27:18] You are already casting a spell! You prepare this spell as a followup!
[19:27:21] Crush resists the effect!
[19:27:21] You begin casting a Blasting Maelstrom spell!
[19:27:21] You are already casting a spell! You prepare this spell as a followup!
[19:27:22] You are already casting a spell! You prepare this spell as a followup!
[19:27:23] You hit Crush for 214 damage!
[19:27:23] You begin casting a Blasting Maelstrom spell!
[19:27:23] You are already casting a spell! You prepare this spell as a followup!
[19:27:25] You are already casting a spell! You prepare this spell as a followup!
[19:27:26] You hit Crush for 235 damage!
[19:27:26] You begin casting a Blasting Maelstrom spell!
[19:27:26] You are already casting a spell! You prepare this spell as a followup!
[19:27:27] You are already casting a spell! You prepare this spell as a followup!
[19:27:28] Crush resists the effect!
[19:27:28] You begin casting a Blasting Maelstrom spell!
[19:27:29] You are already casting a spell! You prepare this spell as a followup!
[19:27:29] You are already casting a spell! You prepare this spell as a followup!
[19:27:30] You hit Crush for 241 damage!
[19:27:30] You begin casting a Blasting Maelstrom spell!
[19:27:31] You are already casting a spell! You prepare this spell as a followup!
[19:27:33] You are already casting a spell! You prepare this spell as a followup!
[19:27:33] You hit Crush for 245 damage!
[19:27:33] You begin casting a Blasting Maelstrom spell!
[19:27:34] You are already casting a spell! You prepare this spell as a followup!
[19:27:35] You are already casting a spell! You prepare this spell as a followup!
[19:27:35] Crush resists the effect!
[19:27:35] You begin casting a Blasting Maelstrom spell!
[19:27:36] You are already casting a spell! You prepare this spell as a followup!
[19:27:38] Crush resists the effect!
[19:27:38] You begin casting a Blasting Maelstrom spell!
[19:27:39] You are already casting a spell! You prepare this spell as a followup!
[19:27:40] You hit Crush for 235 damage!
[19:27:40] You begin casting a Blasting Maelstrom spell!
[19:27:40] You are already casting a spell! You prepare this spell as a followup!
[19:27:42] You hit Crush for 253 damage!
[19:27:42] You begin casting a Blasting Maelstrom spell!
[19:27:45] Crush resists the effect!
[19:27:51] You sit down.  Type '/stand' or move to stand up.
[19:28:58] You stand up.
[19:29:59] You begin casting a Blasting Maelstrom spell!
[19:30:01] You hit Crush for 220 damage!
[19:30:02] You begin casting a Blasting Maelstrom spell!
[19:30:04] You are already casting a spell! You prepare this spell as a followup!
[19:30:04] Crush resists the effect!
[19:30:04] You begin casting a Blasting Maelstrom spell!
[19:30:06] You are already casting a spell! You prepare this spell as a followup!
[19:30:06] You hit Crush for 241 damage!
[19:30:06] You critical hit for an additional 209 damage!
[19:30:06] You begin casting a Blasting Maelstrom spell!
[19:30:08] You are already casting a spell! You prepare this spell as a followup!
[19:30:09] Crush resists the effect!
[19:30:09] You begin casting a Blasting Maelstrom spell!
[19:30:09] You are already casting a spell! You prepare this spell as a followup!
[19:30:11] You are already casting a spell! You prepare this spell as a followup!
[19:30:12] Crush resists the effect!
[19:30:12] You begin casting a Blasting Maelstrom spell!
[19:30:13] You are already casting a spell! You prepare this spell as a followup!
[19:30:14] Crush resists the effect!
[19:30:14] You begin casting a Blasting Maelstrom spell!
[19:30:15] You are already casting a spell! You prepare this spell as a followup!
[19:30:17] You are already casting a spell! You prepare this spell as a followup!
[19:30:17] Crush resists the effect!
[19:30:17] You begin casting a Blasting Maelstrom spell!
[19:30:19] You are already casting a spell! You prepare this spell as a followup!
[19:30:19] Crush resists the effect!
[19:30:19] You begin casting a Blasting Maelstrom spell!
[19:30:20] You are already casting a spell! You prepare this spell as a followup!
[19:30:21] Crush resists the effect!
[19:30:21] You begin casting a Blasting Maelstrom spell!
[19:30:22] You are already casting a spell! You prepare this spell as a followup!
[19:30:24] Crush resists the effect!
[19:30:24] You begin casting a Blasting Maelstrom spell!
[19:30:24] You are already casting a spell! You prepare this spell as a followup!
[19:30:27] Crush resists the effect!
[19:30:27] You begin casting a Blasting Maelstrom spell!
[19:30:27] You are already casting a spell! You prepare this spell as a followup!
[19:30:29] Crush resists the effect!
[19:30:29] You begin casting a Blasting Maelstrom spell!
[19:30:29] You are already casting a spell! You prepare this spell as a followup!
[19:30:32] You hit Crush for 216 damage!
[19:30:32] You begin casting a Blasting Maelstrom spell!
[19:30:32] You are already casting a spell! You prepare this spell as a followup!
[19:30:33] You are already casting a spell! You prepare this spell as a followup!
[19:30:34] You hit Crush for 255 damage!
[19:30:34] You begin casting a Blasting Maelstrom spell!
[19:30:35] You are already casting a spell! You prepare this spell as a followup!
[19:30:37] You hit Crush for 235 damage!
[19:30:37] You begin casting a Blasting Maelstrom spell!
[19:30:37] You are already casting a spell! You prepare this spell as a followup!
[19:30:39] You hit Crush for 249 damage!
[19:30:39] You critical hit for an additional 42 damage!
[19:30:39] You begin casting a Blasting Maelstrom spell!
[19:30:39] You are already casting a spell! You prepare this spell as a followup!
[19:30:41] You hit Crush for 239 damage!
[19:30:41] You critical hit for an additional 119 damage!
[19:30:41] You begin casting a Blasting Maelstrom spell!
[19:30:42] You are already casting a spell! You prepare this spell as a followup!
[19:30:43] You are already casting a spell! You prepare this spell as a followup!
[19:30:44] You hit Crush for 237 damage!
[19:30:44] You critical hit for an additional 163 damage!
[19:30:44] You don't have enough power to cast that!
[19:30:46] You don't have enough power to cast that!
[19:30:48] You sit down.  Type '/stand' or move to stand up.
[19:31:17] You stand up.
[19:31:18] You begin casting a Blasting Maelstrom spell!
[19:31:20] You hit Crush for 224 damage!
[19:31:20] You critical hit for an additional 194 damage!
[19:31:20] You begin casting a Blasting Maelstrom spell!
[19:31:23] You are already casting a spell! You prepare this spell as a followup!
[19:31:23] Crush resists the effect!
[19:31:23] You begin casting a Blasting Maelstrom spell!
[19:31:25] You are already casting a spell! You prepare this spell as a followup!
[19:31:25] Crush resists the effect!
[19:31:26] You begin casting a Blasting Maelstrom spell!
[19:31:28] You are already casting a spell! You prepare this spell as a followup!
[19:31:28] You hit Crush for 218 damage!
[19:31:28] You begin casting a Blasting Maelstrom spell!
[19:31:29] You are already casting a spell! You prepare this spell as a followup!
[19:31:31] You hit Crush for 231 damage!
[19:31:31] You begin casting a Blasting Maelstrom spell!
[19:31:31] You are already casting a spell! You prepare this spell as a followup!
[19:31:33] Crush resists the effect!
[19:31:33] You begin casting a Blasting Maelstrom spell!
[19:31:34] You sit down.  Type '/stand' or move to stand up.
[19:31:34] You move and interrupt your spellcast!
[19:32:09] Your character has been saved.
[19:32:12] You stand up.
[19:32:13] You begin casting a Blasting Maelstrom spell!
[19:32:15] Crush resists the effect!
[19:32:15] You begin casting a Blasting Maelstrom spell!
[19:32:17] You are already casting a spell! You prepare this spell as a followup!
[19:32:17] Crush resists the effect!
[19:32:17] You begin casting a Blasting Maelstrom spell!
[19:32:20] You are already casting a spell! You prepare this spell as a followup!
[19:32:20] You hit Crush for 253 damage!
[19:32:20] You begin casting a Blasting Maelstrom spell!
[19:32:23] You hit Crush for 251 damage!
[19:32:23] You begin casting a Blasting Maelstrom spell!
[19:32:25] You hit Crush for 243 damage!
[19:32:25] You begin casting a Blasting Maelstrom spell!
[19:32:28] Crush resists the effect!
[19:32:28] You begin casting a Blasting Maelstrom spell!
[19:32:30] You hit Crush for 233 damage!
[19:32:30] You begin casting a Blasting Maelstrom spell!
[19:32:33] You are already casting a spell! You prepare this spell as a followup!
[19:32:33] Crush resists the effect!
[19:32:33] You begin casting a Blasting Maelstrom spell!
[19:32:36] You hit Crush for 233 damage!
[19:32:36] You begin casting a Blasting Maelstrom spell!
[19:32:39] You hit Crush for 218 damage!
[19:32:40] You don't have enough power to cast that!
[19:32:41] You don't have enough power to cast that!
[19:32:44] You sit down.  Type '/stand' or move to stand up.
[19:33:26] @@You say, "level 60"
[19:33:32] You stand up.
[19:33:34] @@You say, "level 60"
[19:33:34] ##Crush says, "My level has now been changed, Tolakram. Target me again to update your target window."
[19:33:42] You target [Crush]
[19:33:42] You examine Crush.  It is neutral towards you.
[19:33:42] You target [Crush]
[19:33:42] You examine Crush.  It is neutral towards you.
[19:33:43] You target [Crush]
[19:33:43] You examine Crush.  It is neutral towards you.
[19:33:44] You begin casting a Blasting Maelstrom spell!
[19:33:47] You hit Crush for 227 damage!
[19:33:47] You begin casting a Blasting Maelstrom spell!
[19:33:49] You hit Crush for 227 damage!
[19:33:49] You begin casting a Blasting Maelstrom spell!
[19:33:52] You hit Crush for 224 damage!
[19:33:52] You begin casting a Blasting Maelstrom spell!
[19:33:54] Crush resists the effect!
[19:33:54] You begin casting a Blasting Maelstrom spell!
[19:33:57] You hit Crush for 253 damage!
[19:33:57] You begin casting a Blasting Maelstrom spell!
[19:33:59] You hit Crush for 214 damage!
[19:33:59] You begin casting a Blasting Maelstrom spell!
[19:34:02] You are already casting a spell! You prepare this spell as a followup!
[19:34:02] You hit Crush for 245 damage!
[19:34:02] You begin casting a Blasting Maelstrom spell!
[19:34:04] You are already casting a spell! You prepare this spell as a followup!
[19:34:04] You hit Crush for 251 damage!
[19:34:04] You begin casting a Blasting Maelstrom spell!
[19:34:05] You are already casting a spell! You prepare this spell as a followup!
[19:34:07] You are already casting a spell! You prepare this spell as a followup!
[19:34:07] Crush resists the effect!
[19:34:07] You begin casting a Blasting Maelstrom spell!
[19:34:09] You are already casting a spell! You prepare this spell as a followup!
[19:34:09] You are already casting a spell! You prepare this spell as a followup!
[19:34:09] You hit Crush for 222 damage!
[19:34:09] You begin casting a Blasting Maelstrom spell!
[19:34:12] You are already casting a spell! You prepare this spell as a followup!
[19:34:12] You hit Crush for 222 damage!
[19:34:12] You begin casting a Blasting Maelstrom spell!
[19:34:14] You are already casting a spell! You prepare this spell as a followup!
[19:34:14] Crush resists the effect!
[19:34:14] You begin casting a Blasting Maelstrom spell!
[19:34:16] You are already casting a spell! You prepare this spell as a followup!
[19:34:17] Crush resists the effect!
[19:34:17] You begin casting a Blasting Maelstrom spell!
[19:34:17] You are already casting a spell! You prepare this spell as a followup!
[19:34:19] Crush resists the effect!
[19:34:19] You begin casting a Blasting Maelstrom spell!
[19:34:22] Crush resists the effect!

*** Chat Log Closed: Tue Jul 14 19:57:03 2009


