
*** Chat Log Opened: Tue Jul 14 19:26:30 2009

[19:35:26] @@You say, "level 65"
[19:35:26] ##Crush says, "My level has now been changed, Tolakram. Target me again to update your target window."
[19:35:32] You target [Crush]
[19:35:32] You examine Crush.  It is neutral towards you.
[19:35:33] You begin casting a Blasting Maelstrom spell!
[19:35:35] Crush resists the effect!
[19:35:36] You begin casting a Blasting Maelstrom spell!
[19:35:38] You are already casting a spell! You prepare this spell as a followup!
[19:35:38] Crush resists the effect!
[19:35:38] You begin casting a Blasting Maelstrom spell!
[19:35:40] You are already casting a spell! You prepare this spell as a followup!
[19:35:40] You hit Crush for 128 damage!
[19:35:40] You begin casting a Blasting Maelstrom spell!
[19:35:42] You are already casting a spell! You prepare this spell as a followup!
[19:35:43] You hit Crush for 135 damage!
[19:35:43] You begin casting a Blasting Maelstrom spell!
[19:35:43] You are already casting a spell! You prepare this spell as a followup!
[19:35:45] You are already casting a spell! You prepare this spell as a followup!
[19:35:45] You hit Crush for 150 damage!
[19:35:46] You begin casting a Blasting Maelstrom spell!
[19:35:47] You are already casting a spell! You prepare this spell as a followup!
[19:35:48] You hit Crush for 128 damage!
[19:35:48] You begin casting a Blasting Maelstrom spell!
[19:35:48] You are already casting a spell! You prepare this spell as a followup!
[19:35:50] You are already casting a spell! You prepare this spell as a followup!
[19:35:51] Crush resists the effect!
[19:35:51] You begin casting a Blasting Maelstrom spell!
[19:35:52] You are already casting a spell! You prepare this spell as a followup!
[19:35:53] You hit Crush for 130 damage!
[19:35:53] You critical hit for an additional 68 damage!
[19:35:53] You begin casting a Blasting Maelstrom spell!
[19:35:53] You are already casting a spell! You prepare this spell as a followup!
[19:35:55] You are already casting a spell! You prepare this spell as a followup!
[19:35:55] You hit Crush for 143 damage!
[19:35:55] You begin casting a Blasting Maelstrom spell!
[19:35:57] You are already casting a spell! You prepare this spell as a followup!
[19:35:58] You are already casting a spell! You prepare this spell as a followup!
[19:35:58] Crush resists the effect!
[19:35:58] You begin casting a Blasting Maelstrom spell!
[19:36:00] You are already casting a spell! You prepare this spell as a followup!
[19:36:00] Crush resists the effect!
[19:36:01] You begin casting a Blasting Maelstrom spell!
[19:36:02] You are already casting a spell! You prepare this spell as a followup!
[19:36:03] You hit Crush for 141 damage!
[19:36:03] You begin casting a Blasting Maelstrom spell!
[19:36:04] You are already casting a spell! You prepare this spell as a followup!
[19:36:06] Crush resists the effect!
[19:36:06] You begin casting a Blasting Maelstrom spell!
[19:36:06] You are already casting a spell! You prepare this spell as a followup!
[19:36:08] Crush resists the effect!
[19:36:08] You begin casting a Blasting Maelstrom spell!
[19:36:08] You are already casting a spell! You prepare this spell as a followup!
[19:36:11] Crush resists the effect!
[19:36:11] You begin casting a Blasting Maelstrom spell!
[19:36:11] You are already casting a spell! You prepare this spell as a followup!
[19:36:13] You hit Crush for 151 damage!
[19:36:13] You don't have enough power to cast that!
[19:36:15] You sit down.  Type '/stand' or move to stand up.
[19:37:10] You stand up.
[19:37:10] You begin casting a Blasting Maelstrom spell!
[19:37:13] Crush resists the effect!
[19:37:13] You begin casting a Blasting Maelstrom spell!
[19:37:15] You are already casting a spell! You prepare this spell as a followup!
[19:37:15] You hit Crush for 141 damage!
[19:37:15] You begin casting a Blasting Maelstrom spell!
[19:37:17] You are already casting a spell! You prepare this spell as a followup!
[19:37:18] Crush resists the effect!
[19:37:18] You begin casting a Blasting Maelstrom spell!
[19:37:18] You are already casting a spell! You prepare this spell as a followup!
[19:37:20] You are already casting a spell! You prepare this spell as a followup!
[19:37:20] You hit Crush for 132 damage!
[19:37:20] You begin casting a Blasting Maelstrom spell!
[19:37:22] You are already casting a spell! You prepare this spell as a followup!
[19:37:23] You hit Crush for 154 damage!
[19:37:23] You begin casting a Blasting Maelstrom spell!
[19:37:24] You are already casting a spell! You prepare this spell as a followup!
[19:37:25] You are already casting a spell! You prepare this spell as a followup!
[19:37:25] Crush resists the effect!
[19:37:25] You begin casting a Blasting Maelstrom spell!
[19:37:26] You are already casting a spell! You prepare this spell as a followup!
[19:37:28] Crush resists the effect!
[19:37:28] You begin casting a Blasting Maelstrom spell!
[19:37:28] You are already casting a spell! You prepare this spell as a followup!
[19:37:30] You hit Crush for 127 damage!
[19:37:30] You begin casting a Blasting Maelstrom spell!
[19:37:31] You are already casting a spell! You prepare this spell as a followup!
[19:37:33] Crush resists the effect!
[19:37:33] You begin casting a Blasting Maelstrom spell!
[19:37:33] You are already casting a spell! You prepare this spell as a followup!
[19:37:35] You are already casting a spell! You prepare this spell as a followup!
[19:37:35] Crush resists the effect!
[19:37:35] You begin casting a Blasting Maelstrom spell!
[19:37:36] You are already casting a spell! You prepare this spell as a followup!
[19:37:38] You are already casting a spell! You prepare this spell as a followup!
[19:37:38] You hit Crush for 140 damage!
[19:37:38] You begin casting a Blasting Maelstrom spell!
[19:37:39] You are already casting a spell! You prepare this spell as a followup!
[19:37:40] You hit Crush for 151 damage!
[19:37:40] You begin casting a Blasting Maelstrom spell!
[19:37:40] You are already casting a spell! You prepare this spell as a followup!
[19:37:43] You hit Crush for 151 damage!
[19:37:43] You don't have enough power to cast that!
[19:37:43] You don't have enough power to cast that!
[19:37:44] You don't have enough power to cast that!
[19:37:46] You begin casting a Blasting Maelstrom spell!
[19:37:48] You hit Crush for 151 damage!
[19:37:48] You critical hit for an additional 90 damage!
[19:37:52] You sit down.  Type '/stand' or move to stand up.
[19:38:34] You stand up.
[19:38:34] You begin casting a Blasting Maelstrom spell!
[19:38:36] Crush resists the effect!
[19:38:36] You begin casting a Blasting Maelstrom spell!
[19:38:38] You are already casting a spell! You prepare this spell as a followup!
[19:38:39] Crush resists the effect!
[19:38:39] You begin casting a Blasting Maelstrom spell!
[19:38:40] You are already casting a spell! You prepare this spell as a followup!
[19:38:41] Crush resists the effect!
[19:38:41] You begin casting a Blasting Maelstrom spell!
[19:38:42] You are already casting a spell! You prepare this spell as a followup!
[19:38:44] Crush resists the effect!
[19:38:44] You begin casting a Blasting Maelstrom spell!
[19:38:44] You are already casting a spell! You prepare this spell as a followup!
[19:38:46] You are already casting a spell! You prepare this spell as a followup!
[19:38:46] Crush resists the effect!
[19:38:46] You begin casting a Blasting Maelstrom spell!
[19:38:49] You are already casting a spell! You prepare this spell as a followup!
[19:38:49] You hit Crush for 137 damage!
[19:38:49] You begin casting a Blasting Maelstrom spell!
[19:38:50] You are already casting a spell! You prepare this spell as a followup!
[19:38:51] Crush resists the effect!
[19:38:51] You begin casting a Blasting Maelstrom spell!
[19:38:51] You are already casting a spell! You prepare this spell as a followup!
[19:38:54] You hit Crush for 133 damage!
[19:38:54] You begin casting a Blasting Maelstrom spell!
[19:38:54] You are already casting a spell! You prepare this spell as a followup!
[19:38:56] You hit Crush for 150 damage!
[19:38:56] You critical hit for an additional 64 damage!
[19:38:56] You don't have enough power to cast that!
[19:38:56] You don't have enough power to cast that!
[19:38:58] You begin casting a Blasting Maelstrom spell!
[19:38:59] You are already casting a spell! You prepare this spell as a followup!
[19:38:59] You are already casting a spell! You prepare this spell as a followup!
[19:39:01] Crush resists the effect!
[19:39:01] You don't have enough power to cast that!
[19:39:02] You sit down.  Type '/stand' or move to stand up.
[19:39:54] You stand up.
[19:39:54] You begin casting a Blasting Maelstrom spell!
[19:39:57] You hit Crush for 156 damage!
[19:39:57] You critical hit for an additional 28 damage!
[19:40:30] You begin casting a Blasting Maelstrom spell!
[19:40:32] Crush resists the effect!
[19:40:32] You begin casting a Blasting Maelstrom spell!
[19:40:34] You hit Crush for 140 damage!
[19:40:35] You begin casting a Blasting Maelstrom spell!
[19:40:38] You hit Crush for 126 damage!
[19:40:38] You begin casting a Blasting Maelstrom spell!
[19:40:41] You are already casting a spell! You prepare this spell as a followup!
[19:40:41] Crush resists the effect!
[19:40:41] You begin casting a Blasting Maelstrom spell!
[19:40:43] You hit Crush for 130 damage!
[19:40:43] You begin casting a Blasting Maelstrom spell!
[19:40:46] You hit Crush for 132 damage!
[19:40:46] You critical hit for an additional 112 damage!
[19:40:46] You begin casting a Blasting Maelstrom spell!
[19:40:48] Crush resists the effect!
[19:40:49] You begin casting a Blasting Maelstrom spell!
[19:40:51] You hit Crush for 151 damage!
[19:40:52] You begin casting a Blasting Maelstrom spell!
[19:40:54] You hit Crush for 138 damage!
[19:40:55] You begin casting a Blasting Maelstrom spell!
[19:40:57] You hit Crush for 142 damage!
[19:40:57] You begin casting a Blasting Maelstrom spell!
[19:41:00] You hit Crush for 133 damage!
[19:41:00] You begin casting a Blasting Maelstrom spell!
[19:41:02] Crush resists the effect!
[19:41:03] You begin casting a Blasting Maelstrom spell!
[19:41:06] You hit Crush for 140 damage!
[19:41:06] You critical hit for an additional 128 damage!
[19:41:06] You begin casting a Blasting Maelstrom spell!
[19:41:08] Crush resists the effect!
[19:41:09] You begin casting a Blasting Maelstrom spell!
[19:41:11] Crush resists the effect!
[19:41:12] You begin casting a Blasting Maelstrom spell!
[19:41:15] You hit Crush for 150 damage!
[19:41:16] You begin casting a Blasting Maelstrom spell!
[19:41:18] Crush resists the effect!
[19:41:19] You begin casting a Blasting Maelstrom spell!
[19:41:21] You hit Crush for 135 damage!
[19:41:21] You critical hit for an additional 64 damage!
[19:41:22] You don't have enough power to cast that!
[19:41:28] You begin casting a Blasting Maelstrom spell!
[19:41:30] You hit Crush for 148 damage!
[19:41:32] You don't have enough power to cast that!
[19:41:36] You begin casting a Blasting Maelstrom spell!
[19:41:38] You hit Crush for 155 damage!
[19:41:50] You don't have enough power to cast that!
[19:41:52] You don't have enough power to cast that!
[19:41:56] You begin casting a Blasting Maelstrom spell!
[19:41:58] You hit Crush for 130 damage!
[19:41:58] You critical hit for an additional 57 damage!
[19:42:04] You begin casting a Blasting Maelstrom spell!
[19:42:06] Crush resists the effect!
[19:42:13] Your character has been saved.

*** Chat Log Closed: Tue Jul 14 19:57:03 2009


