
*** Chat Log Opened: Tue Jul 14 19:26:30 2009

[19:45:59] @@Crush says, "Since I have not been interacted with, I have now been reset to a standard level 50 monster."
[19:46:06] You target [Crush]
[19:46:06] You examine Crush.  It is neutral towards you.
[19:46:06] You begin casting a Blasting Maelstrom spell!
[19:46:09] You hit Crush for 329 damage!
[19:46:22] <Begin Info: Blasting Maelstrom>
[19:46:22] Function: direct damage
[19:46:22]  
[19:46:22] Damages the target.
[19:46:22]  
[19:46:22] Damage: 209
[19:46:22] Target: Targetted
[19:46:22] Range: 1500
[19:46:22] Power cost: 29
[19:46:22] Casting time:      2.8 sec
[19:46:22] Damage: Spirit
[19:46:22]  
[19:46:22] <End Info>
[19:46:30] You begin casting a Blasting Maelstrom spell!
[19:46:33] You hit Crush for 329 damage!
[19:46:34] You begin casting a Blasting Maelstrom spell!
[19:46:36] You hit Crush for 326 damage!
[19:46:37] You begin casting a Blasting Maelstrom spell!
[19:46:39] You hit Crush for 323 damage!
[19:46:40] You begin casting a Blasting Maelstrom spell!
[19:46:43] You hit Crush for 326 damage!
[19:46:44] You begin casting a Blasting Maelstrom spell!
[19:46:47] You hit Crush for 334 damage!
[19:46:49] You sit down.  Type '/stand' or move to stand up.
[19:49:01] You stand up.
[19:49:04] You begin casting a Blasting Maelstrom spell!
[19:49:06] You hit Crush for 331 damage!
[19:49:06] You begin casting a Blasting Maelstrom spell!
[19:49:09] You hit Crush for 326 damage!
[19:49:09] You begin casting a Blasting Maelstrom spell!
[19:49:12] You are already casting a spell! You prepare this spell as a followup!
[19:49:12] You hit Crush for 326 damage!
[19:49:12] You begin casting a Blasting Maelstrom spell!
[19:49:14] You are already casting a spell! You prepare this spell as a followup!
[19:49:14] You hit Crush for 326 damage!
[19:49:14] You begin casting a Blasting Maelstrom spell!
[19:49:17] You are already casting a spell! You prepare this spell as a followup!
[19:49:17] You hit Crush for 331 damage!
[19:49:17] You begin casting a Blasting Maelstrom spell!
[19:49:19] You are already casting a spell! You prepare this spell as a followup!
[19:49:20] You hit Crush for 334 damage!
[19:49:20] You begin casting a Blasting Maelstrom spell!
[19:49:21] You are already casting a spell! You prepare this spell as a followup!
[19:49:23] You hit Crush for 329 damage!
[19:49:23] You critical hit for an additional 282 damage!
[19:49:23] You begin casting a Blasting Maelstrom spell!
[19:49:23] You are already casting a spell! You prepare this spell as a followup!
[19:49:25] You hit Crush for 321 damage!
[19:49:25] You begin casting a Blasting Maelstrom spell!
[19:49:26] You are already casting a spell! You prepare this spell as a followup!
[19:49:28] You hit Crush for 323 damage!
[19:49:28] You begin casting a Blasting Maelstrom spell!
[19:49:28] You are already casting a spell! You prepare this spell as a followup!
[19:49:30] You are already casting a spell! You prepare this spell as a followup!
[19:49:30] You hit Crush for 323 damage!
[19:49:30] You begin casting a Blasting Maelstrom spell!
[19:49:33] You are already casting a spell! You prepare this spell as a followup!
[19:49:33] You hit Crush for 321 damage!
[19:49:33] You begin casting a Blasting Maelstrom spell!
[19:49:34] You are already casting a spell! You prepare this spell as a followup!
[19:49:36] You hit Crush for 321 damage!
[19:49:36] You have exhausted all of your power and cannot cast spells!
[19:49:43] You sheathe the Worn Skinning Knife from your right hand.
[19:49:43] Your Strength has decreased.
[19:49:43] You wield the shimmering Archmage Focus Wind-wrought Staff in both hands.
[19:49:43] Your Dexterity has increased.
[19:49:43] Your Constitution has increased.
[19:49:43] Your hits have increased.
[19:49:47] You sit down.  Type '/stand' or move to stand up.
[19:49:58] You stand up.
[19:50:01] You begin casting a Blasting Maelstrom spell!
[19:50:03] You hit Crush for 323 damage!
[19:50:05] You begin casting a Blasting Maelstrom spell!
[19:50:08] You hit Crush for 321 damage!
[19:50:09] You begin casting a Blasting Maelstrom spell!
[19:50:11] You hit Crush for 331 damage!
[19:50:15] You begin casting a Blasting Maelstrom spell!
[19:50:17] You hit Crush for 323 damage!
[19:50:19] You begin casting a Blasting Maelstrom spell!
[19:50:21] You hit Crush for 334 damage!
[19:50:23] You sit down.  Type '/stand' or move to stand up.
[19:51:27] You stand up.
[19:51:28] You begin casting a Blasting Maelstrom spell!
[19:51:31] You hit Crush for 329 damage!
[19:51:31] You begin casting a Blasting Maelstrom spell!
[19:51:33] You hit Crush for 331 damage!
[19:51:33] You begin casting a Blasting Maelstrom spell!
[19:51:36] Crush resists the effect!
[19:51:36] You begin casting a Blasting Maelstrom spell!
[19:51:38] You hit Crush for 334 damage!
[19:51:38] You begin casting a Blasting Maelstrom spell!
[19:51:41] You hit Crush for 323 damage!
[19:51:41] You begin casting a Blasting Maelstrom spell!
[19:51:43] You hit Crush for 326 damage!
[19:51:43] You begin casting a Blasting Maelstrom spell!
[19:51:46] You are already casting a spell! You prepare this spell as a followup!
[19:51:46] You hit Crush for 323 damage!
[19:51:46] You critical hit for an additional 35 damage!
[19:51:46] You begin casting a Blasting Maelstrom spell!
[19:51:48] You hit Crush for 329 damage!
[19:51:48] You begin casting a Blasting Maelstrom spell!
[19:51:51] You hit Crush for 321 damage!
[19:51:51] You begin casting a Blasting Maelstrom spell!
[19:51:53] You hit Crush for 331 damage!
[19:51:53] You begin casting a Blasting Maelstrom spell!
[19:51:55] You are already casting a spell! You prepare this spell as a followup!
[19:51:55] You hit Crush for 323 damage!
[19:51:55] You begin casting a Blasting Maelstrom spell!
[19:51:58] You are already casting a spell! You prepare this spell as a followup!
[19:51:58] You hit Crush for 323 damage!
[19:51:58] You begin casting a Blasting Maelstrom spell!
[19:52:00] You hit Crush for 326 damage!
[19:52:01] You begin casting a Blasting Maelstrom spell!
[19:52:03] You are already casting a spell! You prepare this spell as a followup!
[19:52:03] You hit Crush for 334 damage!
[19:52:03] You begin casting a Blasting Maelstrom spell!
[19:52:06] You are already casting a spell! You prepare this spell as a followup!
[19:52:06] You hit Crush for 326 damage!
[19:52:06] You begin casting a Blasting Maelstrom spell!
[19:52:07] You are already casting a spell! You prepare this spell as a followup!
[19:52:08] You hit Crush for 321 damage!
[19:52:08] You don't have enough power to cast that!
[19:52:11] You sit down.  Type '/stand' or move to stand up.
[19:52:18] Your character has been saved.
[19:54:40] You stand up.
[19:54:41] You begin casting a Blasting Maelstrom spell!
[19:54:44] You hit Crush for 323 damage!
[19:54:44] You begin casting a Blasting Maelstrom spell!
[19:54:46] You hit Crush for 331 damage!
[19:54:46] You begin casting a Blasting Maelstrom spell!
[19:54:48] You are already casting a spell! You prepare this spell as a followup!
[19:54:48] You hit Crush for 326 damage!
[19:54:48] You begin casting a Blasting Maelstrom spell!
[19:54:51] You are already casting a spell! You prepare this spell as a followup!
[19:54:51] Crush resists the effect!
[19:54:51] You begin casting a Blasting Maelstrom spell!
[19:54:52] You are already casting a spell! You prepare this spell as a followup!
[19:54:54] You hit Crush for 334 damage!
[19:54:54] You begin casting a Blasting Maelstrom spell!
[19:54:54] You are already casting a spell! You prepare this spell as a followup!
[19:54:56] You hit Crush for 326 damage!
[19:54:56] You critical hit for an additional 309 damage!
[19:54:56] You begin casting a Blasting Maelstrom spell!
[19:54:56] You are already casting a spell! You prepare this spell as a followup!
[19:54:59] Crush resists the effect!
[19:54:59] You begin casting a Blasting Maelstrom spell!
[19:54:59] You are already casting a spell! You prepare this spell as a followup!
[19:55:00] You are already casting a spell! You prepare this spell as a followup!
[19:55:01] You hit Crush for 323 damage!
[19:55:01] You begin casting a Blasting Maelstrom spell!
[19:55:02] You are already casting a spell! You prepare this spell as a followup!
[19:55:04] You hit Crush for 334 damage!
[19:55:04] You begin casting a Blasting Maelstrom spell!
[19:55:04] You are already casting a spell! You prepare this spell as a followup!
[19:55:06] You hit Crush for 331 damage!
[19:55:06] You begin casting a Blasting Maelstrom spell!
[19:55:06] You are already casting a spell! You prepare this spell as a followup!
[19:55:08] You hit Crush for 326 damage!
[19:55:08] You begin casting a Blasting Maelstrom spell!
[19:55:08] You are already casting a spell! You prepare this spell as a followup!
[19:55:11] You are already casting a spell! You prepare this spell as a followup!
[19:55:11] You hit Crush for 323 damage!
[19:55:11] You critical hit for an additional 232 damage!
[19:55:11] You begin casting a Blasting Maelstrom spell!
[19:55:14] You hit Crush for 323 damage!
[19:55:14] You critical hit for an additional 48 damage!
[19:55:14] You begin casting a Blasting Maelstrom spell!
[19:55:16] You are already casting a spell! You prepare this spell as a followup!
[19:55:16] You hit Crush for 334 damage!
[19:55:16] You critical hit for an additional 177 damage!
[19:55:16] You begin casting a Blasting Maelstrom spell!
[19:55:18] You are already casting a spell! You prepare this spell as a followup!
[19:55:19] You hit Crush for 326 damage!
[19:55:19] You begin casting a Blasting Maelstrom spell!
[19:55:19] You are already casting a spell! You prepare this spell as a followup!
[19:55:21] You hit Crush for 334 damage!
[19:55:21] You critical hit for an additional 106 damage!
[19:55:21] You begin casting a Blasting Maelstrom spell!
[19:55:21] You are already casting a spell! You prepare this spell as a followup!
[19:55:24] You hit Crush for 326 damage!
[19:55:24] You critical hit for an additional 254 damage!
[19:55:24] You begin casting a Blasting Maelstrom spell!
[19:55:24] You are already casting a spell! You prepare this spell as a followup!
[19:55:26] You hit Crush for 334 damage!
[19:55:26] You don't have enough power to cast that!
[19:55:26] You don't have enough power to cast that!
[19:55:31] Your power has increased.
[19:55:31] Your Earth Magic skill has increased.
[19:55:31] Your Cold Magic skill has increased.
[19:55:31] Your Wind Magic skill has increased.
[19:55:31] Your Crush resistance increased.
[19:55:31] Your Slash resistance increased.
[19:55:31] Your Thrust resistance increased.
[19:55:31] The magic of the Flayed Cetus Skin flows through you.
[19:55:32] Your Dexterity has increased.
[19:55:32] Your Intelligence has increased.
[19:55:32] Your power has increased.
[19:55:32] The magic of the shimmering Flawless Fuliginous Tiara flows through you.
[19:55:34] Your Strength has increased.
[19:55:34] Your Dexterity has increased.
[19:55:34] Your Intelligence has increased.
[19:55:34] Your power has increased.
[19:55:34] Your Body resistance increased.
[19:55:35] Your Constitution has increased.
[19:55:35] Your hits have increased.
[19:55:35] Your Slash resistance increased.
[19:55:36] Your Dexterity has increased.
[19:55:36] Your hits have increased.
[19:55:36] Your Wind Magic skill has increased.
[19:55:36] Your Spirit resistance increased.
[19:55:38] Your Dexterity has increased.
[19:55:38] Your Constitution has increased.
[19:55:38] Your Charisma has increased.
[19:55:38] Your hits have increased.
[19:55:38] The magic of the Exquisite Infernal Black Diamond Bracer flows through you.
[19:55:39] Your Dexterity has increased.
[19:55:39] Your Intelligence has increased.
[19:55:39] Your power has increased.
[19:55:39] Your Thrust resistance increased.
[19:55:39] The magic of the Barnacle Encrusted Boots flows through you.
[19:55:42] Your Crush resistance increased.
[19:55:42] Your Thrust resistance increased.
[19:55:42] Your Body resistance increased.
[19:55:42] Your Spirit resistance increased.
[19:55:42] The magic of the Ancient Copper Necklace flows through you.
[19:55:44] Your hits have increased.
[19:55:44] Your Heat resistance increased.
[19:55:44] The magic of the Ancient Embroidered Vest flows through you.
[19:55:44] Your Constitution has increased.
[19:55:44] Your hits have increased.
[19:55:44] Your Slash resistance increased.
[19:55:44] Your Spirit resistance increased.
[19:55:47] Your hits have increased.
[19:55:47] Your Heat resistance increased.
[19:55:47] Your Spirit resistance increased.
[19:55:47] Your Energy resistance increased.
[19:55:47] The magic of the Stone of Evil Emanations flows through you.
[19:55:48] Your Intelligence has increased.
[19:55:48] Your power has increased.
[19:55:48] Your Heat resistance increased.
[19:55:48] Your Cold resistance increased.
[19:55:48] Your Energy resistance increased.
[19:55:48] The magic of the Krojer's Intelligence Ring flows through you.
[19:55:49] Your hits have increased.
[19:55:49] Your Slash resistance increased.
[19:55:49] Your Heat resistance increased.
[19:55:49] Your Energy resistance increased.
[19:55:49] The magic of the Bracer of Health flows through you.
[19:55:51] Your Intelligence has increased.
[19:55:51] Your power has increased.
[19:55:51] Your Earth Magic skill has increased.
[19:55:51] Your Cold Magic skill has increased.
[19:55:51] Your Wind Magic skill has increased.
[19:55:56] You begin casting a Blasting Maelstrom spell!
[19:55:58] Crush resists the effect!
[19:56:00] You begin casting a Blasting Maelstrom spell!
[19:56:02] You hit Crush for 443 damage!
[19:56:02] You critical hit for an additional 332 damage!
[19:56:03] You begin casting a Blasting Maelstrom spell!
[19:56:06] You hit Crush for 443 damage!
[19:56:06] You begin casting a Blasting Maelstrom spell!
[19:56:08] You hit Crush for 443 damage!
[19:56:09] You begin casting a Blasting Maelstrom spell!
[19:56:11] You hit Crush for 443 damage!
[19:56:13] You begin casting a Blasting Maelstrom spell!
[19:56:14] You hit Crush for 443 damage!
[19:56:16] You begin casting a Blasting Maelstrom spell!
[19:56:18] You hit Crush for 443 damage!
[19:56:43] You begin casting a Blasting Maelstrom spell!
[19:56:45] You hit Crush for 443 damage!
[19:56:46] You begin casting a Blasting Maelstrom spell!
[19:56:48] You hit Crush for 443 damage!
[19:56:49] You begin casting a Blasting Maelstrom spell!
[19:56:51] You hit Crush for 443 damage!
[19:56:51] You begin casting a Blasting Maelstrom spell!
[19:56:53] You hit Crush for 443 damage!
[19:56:53] You critical hit for an additional 70 damage!
[19:56:53] You begin casting a Blasting Maelstrom spell!
[19:56:55] Crush resists the effect!
[19:56:56] You don't have enough power to cast that!
[19:56:58] You don't have enough power to cast that!

*** Chat Log Closed: Tue Jul 14 19:57:03 2009


