
*** Chat Log Opened: Sat Mar 13 16:19:52 2010

[16:19:52]  To stop logging, type /chatlog again.
[16:20:08] @@You say, "STR 70, slash 1, level 1"
[16:20:14] <Begin Info: bronze practice sword>
[16:20:14]  
[16:20:14]  
[16:20:14] Damage Modifiers:
[16:20:14] - 1.2 Base DPS
[16:20:14] - 2.5 Weapon Speed
[16:20:14] - 100% Quality / 100% Condition
[16:20:14] - Damage Type: Slash
[16:20:14]  
[16:20:14] - Effective Damage: 1.2 DPS
[16:20:14]  
[16:20:14] Cannot be sold to merchants.
[16:20:14]  
[16:20:14] Bonus Level: 0
[16:20:14] <End Info>
[16:20:24] You enter combat mode and target [Clerictestlvlone-Pendragon]
[16:20:24] You attack Clerictestlvlone with your sword and hit for 3 damage!
[16:20:27] You attack Clerictestlvlone with your sword and hit for 4 damage!
[16:20:29] You attack Clerictestlvlone with your sword and hit for 3 damage!
[16:20:32] You attack Clerictestlvlone with your sword and hit for 2 damage!
[16:20:34] You attack Clerictestlvlone with your sword and hit for 3 damage!
[16:20:37] You attack Clerictestlvlone with your sword and hit for 3 damage!
[16:20:40] You attack Clerictestlvlone with your sword and hit for 3 damage!
[16:20:40] You critical hit for an additional 1 damage!
[16:20:42] You miss!
[16:20:45] You attack Clerictestlvlone with your sword and hit for 4 damage!
[16:20:45] You critical hit for an additional 1 damage!
[16:20:47] You miss!
[16:20:50] You miss!
[16:20:52] You miss!
[16:20:55] You attack Clerictestlvlone with your sword and hit for 4 damage!
[16:20:57] You attack Clerictestlvlone with your sword and hit for 3 damage!
[16:21:00] You miss!
[16:21:02] You attack Clerictestlvlone with your sword and hit for 3 damage!
[16:21:05] You attack Clerictestlvlone with your sword and hit for 3 damage!
[16:21:07] You attack Clerictestlvlone with your sword and hit for 2 damage!
[16:21:10] You attack Clerictestlvlone with your sword and hit for 4 damage!
[16:21:12] You attack Clerictestlvlone with your sword and hit for 3 damage!
[16:21:15] You attack Clerictestlvlone with your sword and hit for 3 damage!
[16:21:17] You miss!
[16:21:20] You attack Clerictestlvlone with your sword and hit for 4 damage!
[16:21:20] You critical hit for an additional 1 damage!
[16:21:23] You attack Clerictestlvlone with your sword and hit for 3 damage!
[16:21:25] You attack Clerictestlvlone with your sword and hit for 3 damage!
[16:21:28] You attack Clerictestlvlone with your sword and hit for 3 damage!
[16:21:30] You attack Clerictestlvlone with your sword and hit for 2 damage!
[16:21:33] You attack Clerictestlvlone with your sword and hit for 3 damage!
[16:21:35] You attack Clerictestlvlone with your sword and hit for 4 damage!
[16:21:38] You attack Clerictestlvlone with your sword and hit for 2 damage!
[16:21:40] You attack Clerictestlvlone with your sword and hit for 2 damage!
[16:21:43] You attack Clerictestlvlone with your sword and hit for 3 damage!
[16:21:45] You attack Clerictestlvlone with your sword and hit for 3 damage!
[16:21:48] You miss!
[16:21:50] You attack Clerictestlvlone with your sword and hit for 3 damage!
[16:21:53] You attack Clerictestlvlone with your sword and hit for 4 damage!
[16:21:55] You attack Clerictestlvlone with your sword and hit for 3 damage!
[16:21:58] You attack Clerictestlvlone with your sword and hit for 2 damage!
[16:22:00] You miss!
[16:22:03] You attack Clerictestlvlone with your sword and hit for 4 damage!
[16:22:05] You miss!
[16:22:08] You attack Clerictestlvlone with your sword and hit for 4 damage!
[16:22:10] You attack Clerictestlvlone with your sword and hit for 3 damage!
[16:22:13] You attack Clerictestlvlone with your sword and hit for 4 damage!
[16:22:15] You attack Clerictestlvlone with your sword and hit for 4 damage!
[16:22:18] You miss!
[16:22:20] You attack Clerictestlvlone with your sword and hit for 3 damage!
[16:22:23] You miss!
[16:22:26] You attack Clerictestlvlone with your sword and hit for 4 damage!
[16:22:28] You attack Clerictestlvlone with your sword and hit for 4 damage!
[16:22:31] You attack Clerictestlvlone with your sword and hit for 2 damage!
[16:22:31] You critical hit for an additional 1 damage!
[16:22:33] You attack Clerictestlvlone with your sword and hit for 4 damage!
[16:22:36] You miss!
[16:22:38] You miss!
[16:22:41] You miss!
[16:22:43] You attack Clerictestlvlone with your sword and hit for 4 damage!
[16:22:46] You attack Clerictestlvlone with your sword and hit for 2 damage!
[16:22:48] You attack Clerictestlvlone with your sword and hit for 4 damage!
[16:22:51] You miss!
[16:22:53] You attack Clerictestlvlone with your sword and hit for 2 damage!
[16:22:56] You miss!
[16:22:58] You attack Clerictestlvlone with your sword and hit for 3 damage!
[16:22:58] You critical hit for an additional 1 damage!
[16:23:01] You attack Clerictestlvlone with your sword and hit for 3 damage!
[16:23:03] You attack Clerictestlvlone with your sword and hit for 4 damage!
[16:23:06] You attack Clerictestlvlone with your sword and hit for 4 damage!
[16:23:08] You attack Clerictestlvlone with your sword and hit for 3 damage!
[16:23:11] You attack Clerictestlvlone with your sword and hit for 3 damage!
[16:23:13] You attack Clerictestlvlone with your sword and hit for 3 damage!
[16:23:16] You attack Clerictestlvlone with your sword and hit for 4 damage!
[16:23:19] You attack Clerictestlvlone with your sword and hit for 3 damage!
[16:23:21] You attack Clerictestlvlone with your sword and hit for 4 damage!
[16:23:23] You attack Clerictestlvlone with your sword and hit for 3 damage!
[16:23:26] You attack Clerictestlvlone with your sword and hit for 4 damage!
[16:23:28] You miss!
[16:23:31] You attack Clerictestlvlone with your sword and hit for 4 damage!
[16:23:34] You attack Clerictestlvlone with your sword and hit for 3 damage!
[16:23:36] You attack Clerictestlvlone with your sword and hit for 3 damage!
[16:23:39] You attack Clerictestlvlone with your sword and hit for 3 damage!
[16:23:39] You critical hit for an additional 1 damage!
[16:23:41] You attack Clerictestlvlone with your sword and hit for 3 damage!
[16:23:44] You attack Clerictestlvlone with your sword and hit for 3 damage!
[16:23:46] You attack Clerictestlvlone with your sword and hit for 2 damage!
[16:23:46] You critical hit for an additional 1 damage!
[16:23:49] You attack Clerictestlvlone with your sword and hit for 3 damage!
[16:23:49] You critical hit for an additional 1 damage!
[16:23:51] You attack Clerictestlvlone with your sword and hit for 4 damage!
[16:23:54] You attack Clerictestlvlone with your sword and hit for 4 damage!
[16:23:56] You attack Clerictestlvlone with your sword and hit for 4 damage!
[16:23:59] You fumble the attack and take time to recover!
[16:24:03] You attack Clerictestlvlone with your sword and hit for 3 damage!
[16:24:05] You miss!
[16:24:08] You attack Clerictestlvlone with your sword and hit for 3 damage!
[16:24:10] You attack Clerictestlvlone with your sword and hit for 3 damage!
[16:24:10] You critical hit for an additional 1 damage!
[16:24:13] You miss!
[16:24:15] You attack Clerictestlvlone with your sword and hit for 4 damage!
[16:24:18] You attack Clerictestlvlone with your sword and hit for 4 damage!
[16:24:18] You critical hit for an additional 1 damage!
[16:24:20] You attack Clerictestlvlone with your sword and hit for 3 damage!
[16:24:23] You attack Clerictestlvlone with your sword and hit for 3 damage!
[16:24:23] You critical hit for an additional 1 damage!
[16:24:25] You attack Clerictestlvlone with your sword and hit for 3 damage!
[16:24:28] You miss!
[16:24:30] You attack Clerictestlvlone with your sword and hit for 4 damage!
[16:24:33] You attack Clerictestlvlone with your sword and hit for 3 damage!
[16:24:36] You attack Clerictestlvlone with your sword and hit for 3 damage!
[16:24:36] You critical hit for an additional 1 damage!
[16:24:38] You attack Clerictestlvlone with your sword and hit for 3 damage!
[16:24:41] You attack Clerictestlvlone with your sword and hit for 3 damage!
[16:24:43] You attack Clerictestlvlone with your sword and hit for 4 damage!
[16:24:46] You miss!
[16:24:48] You attack Clerictestlvlone with your sword and hit for 3 damage!
[16:24:51] You attack Clerictestlvlone with your sword and hit for 3 damage!
[16:24:53] You attack Clerictestlvlone with your sword and hit for 3 damage!
[16:24:53] You critical hit for an additional 1 damage!
[16:24:56] You attack Clerictestlvlone with your sword and hit for 4 damage!
[16:24:58] You miss!
[16:25:01] You attack Clerictestlvlone with your sword and hit for 3 damage!
[16:25:03] You attack Clerictestlvlone with your sword and hit for 3 damage!
[16:25:06] You attack Clerictestlvlone with your sword and hit for 4 damage!
[16:25:08] You attack Clerictestlvlone with your sword and hit for 4 damage!
[16:25:11] You attack Clerictestlvlone with your sword and hit for 3 damage!
[16:25:13] You attack Clerictestlvlone with your sword and hit for 4 damage!
[16:25:13] You critical hit for an additional 1 damage!
[16:25:16] You attack Clerictestlvlone with your sword and hit for 3 damage!
[16:25:18] You attack Clerictestlvlone with your sword and hit for 3 damage!
[16:25:21] You attack Clerictestlvlone with your sword and hit for 3 damage!
[16:25:23] You attack Clerictestlvlone with your sword and hit for 3 damage!
[16:25:23] You critical hit for an additional 1 damage!
[16:25:26] You attack Clerictestlvlone with your sword and hit for 3 damage!
[16:25:28] You attack Clerictestlvlone with your sword and hit for 3 damage!
[16:25:31] You attack Clerictestlvlone with your sword and hit for 3 damage!
[16:25:33] You attack Clerictestlvlone with your sword and hit for 4 damage!
[16:25:36] You attack Clerictestlvlone with your sword and hit for 3 damage!
[16:25:38] You attack Clerictestlvlone with your sword and hit for 3 damage!
[16:25:41] You attack Clerictestlvlone with your sword and hit for 3 damage!
[16:25:43] You attack Clerictestlvlone with your sword and hit for 3 damage!
[16:25:46] You attack Clerictestlvlone with your sword and hit for 3 damage!
[16:25:46] You critical hit for an additional 1 damage!
[16:25:48] You miss!
[16:25:51] You attack Clerictestlvlone with your sword and hit for 3 damage!
[16:25:54] You attack Clerictestlvlone with your sword and hit for 3 damage!
[16:25:56] You attack Clerictestlvlone with your sword and hit for 3 damage!
[16:25:59] You attack Clerictestlvlone with your sword and hit for 4 damage!
[16:26:01] You attack Clerictestlvlone with your sword and hit for 4 damage!
[16:26:04] You attack Clerictestlvlone with your sword and hit for 4 damage!
[16:26:06] You attack Clerictestlvlone with your sword and hit for 3 damage!
[16:26:09] You attack Clerictestlvlone with your sword and hit for 3 damage!
[16:26:11] You attack Clerictestlvlone with your sword and hit for 4 damage!
[16:26:14] You attack Clerictestlvlone with your sword and hit for 3 damage!
[16:26:16] You attack Clerictestlvlone with your sword and hit for 4 damage!
[16:26:19] You attack Clerictestlvlone with your sword and hit for 2 damage!
[16:26:21] You attack Clerictestlvlone with your sword and hit for 4 damage!
[16:26:24] You attack Clerictestlvlone with your sword and hit for 3 damage!
[16:26:26] You attack Clerictestlvlone with your sword and hit for 3 damage!
[16:26:29] You attack Clerictestlvlone with your sword and hit for 3 damage!
[16:26:31] You attack Clerictestlvlone with your sword and hit for 4 damage!
[16:26:31] You critical hit for an additional 1 damage!
[16:26:34] You attack Clerictestlvlone with your sword and hit for 3 damage!
[16:26:36] You attack Clerictestlvlone with your sword and hit for 3 damage!
[16:26:39] You attack Clerictestlvlone with your sword and hit for 3 damage!
[16:26:42] You attack Clerictestlvlone with your sword and hit for 3 damage!
[16:26:44] You miss!
[16:26:47] You attack Clerictestlvlone with your sword and hit for 3 damage!
[16:26:49] You miss!
[16:26:52] You attack Clerictestlvlone with your sword and hit for 3 damage!
[16:26:54] You attack Clerictestlvlone with your sword and hit for 3 damage!
[16:26:57] You attack Clerictestlvlone with your sword and hit for 3 damage!
[16:26:59] You miss!
[16:27:02] You miss!
[16:27:04] You attack Clerictestlvlone with your sword and hit for 3 damage!
[16:27:07] You attack Clerictestlvlone with your sword and hit for 2 damage!
[16:27:09] You attack Clerictestlvlone with your sword and hit for 3 damage!
[16:27:12] You attack Clerictestlvlone with your sword and hit for 3 damage!
[16:27:14] You attack Clerictestlvlone with your sword and hit for 4 damage!
[16:27:17] You attack Clerictestlvlone with your sword and hit for 3 damage!
[16:27:19] You attack Clerictestlvlone with your sword and hit for 3 damage!
[16:27:22] You miss!
[16:27:24] You attack Clerictestlvlone with your sword and hit for 2 damage!
[16:27:27] You miss!
[16:27:29] You attack Clerictestlvlone with your sword and hit for 3 damage!
[16:27:32] You attack Clerictestlvlone with your sword and hit for 4 damage!
[16:27:34] You attack Clerictestlvlone with your sword and hit for 2 damage!
[16:27:37] You attack Clerictestlvlone with your sword and hit for 4 damage!
[16:27:37] You critical hit for an additional 1 damage!
[16:27:39] You attack Clerictestlvlone with your sword and hit for 4 damage!
[16:27:42] You attack Clerictestlvlone with your sword and hit for 4 damage!
[16:27:45] You attack Clerictestlvlone with your sword and hit for 3 damage!
[16:27:47] You miss!
[16:27:50] You attack Clerictestlvlone with your sword and hit for 3 damage!
[16:27:52] You attack Clerictestlvlone with your sword and hit for 3 damage!
[16:27:55] You attack Clerictestlvlone with your sword and hit for 3 damage!
[16:27:57] You attack Clerictestlvlone with your sword and hit for 3 damage!
[16:28:00] You attack Clerictestlvlone with your sword and hit for 4 damage!
[16:28:02] You attack Clerictestlvlone with your sword and hit for 2 damage!
[16:28:05] You attack Clerictestlvlone with your sword and hit for 4 damage!
[16:28:07] You miss!
[16:28:10] You attack Clerictestlvlone with your sword and hit for 3 damage!
[16:28:12] You attack Clerictestlvlone with your sword and hit for 2 damage!
[16:28:15] You attack Clerictestlvlone with your sword and hit for 3 damage!
[16:28:17] You miss!
[16:28:20] You attack Clerictestlvlone with your sword and hit for 3 damage!
[16:28:22] You miss!
[16:28:25] You attack Clerictestlvlone with your sword and hit for 3 damage!
[16:28:27] You attack Clerictestlvlone with your sword and hit for 3 damage!
[16:28:30] You attack Clerictestlvlone with your sword and hit for 3 damage!
[16:28:32] You attack Clerictestlvlone with your sword and hit for 3 damage!
[16:28:32] You critical hit for an additional 1 damage!
[16:28:35] You attack Clerictestlvlone with your sword and hit for 3 damage!
[16:28:37] You attack Clerictestlvlone with your sword and hit for 2 damage!
[16:28:40] You attack Clerictestlvlone with your sword and hit for 3 damage!
[16:28:42] You attack Clerictestlvlone with your sword and hit for 3 damage!
[16:28:45] You attack Clerictestlvlone with your sword and hit for 2 damage!
[16:28:48] You miss!
[16:28:50] You attack Clerictestlvlone with your sword and hit for 3 damage!
[16:28:53] You miss!
[16:28:55] You attack Clerictestlvlone with your sword and hit for 3 damage!
[16:28:55] You critical hit for an additional 1 damage!
[16:28:58] You miss!
[16:28:59] Your character has been saved.
[16:29:00] You attack Clerictestlvlone with your sword and hit for 3 damage!
[16:29:00] You critical hit for an additional 1 damage!
[16:29:03] You attack Clerictestlvlone with your sword and hit for 3 damage!
[16:29:05] You miss!
[16:29:08] You attack Clerictestlvlone with your sword and hit for 3 damage!
[16:29:10] You attack Clerictestlvlone with your sword and hit for 3 damage!
[16:29:10] You critical hit for an additional 1 damage!
[16:29:13] You attack Clerictestlvlone with your sword and hit for 2 damage!
[16:29:13] You critical hit for an additional 1 damage!
[16:29:15] You attack Clerictestlvlone with your sword and hit for 3 damage!
[16:29:18] You attack Clerictestlvlone with your sword and hit for 3 damage!
[16:29:20] You miss!
[16:29:23] You attack Clerictestlvlone with your sword and hit for 3 damage!
[16:29:25] You attack Clerictestlvlone with your sword and hit for 3 damage!
[16:29:28] You attack Clerictestlvlone with your sword and hit for 3 damage!
[16:29:30] You attack Clerictestlvlone with your sword and hit for 3 damage!
[16:29:33] You attack Clerictestlvlone with your sword and hit for 3 damage!
[16:29:35] You attack Clerictestlvlone with your sword and hit for 3 damage!
[16:29:38] You attack Clerictestlvlone with your sword and hit for 3 damage!
[16:29:40] You attack Clerictestlvlone with your sword and hit for 3 damage!
[16:29:43] You attack Clerictestlvlone with your sword and hit for 3 damage!
[16:29:45] You attack Clerictestlvlone with your sword and hit for 3 damage!
[16:29:48] You attack Clerictestlvlone with your sword and hit for 3 damage!
[16:29:48] You critical hit for an additional 1 damage!
[16:29:50] You attack Clerictestlvlone with your sword and hit for 3 damage!
[16:29:53] You attack Clerictestlvlone with your sword and hit for 3 damage!
[16:29:56] You attack Clerictestlvlone with your sword and hit for 4 damage!
[16:29:58] You attack Clerictestlvlone with your sword and hit for 4 damage!
[16:30:01] You miss!
[16:30:03] You attack Clerictestlvlone with your sword and hit for 3 damage!
[16:30:06] You attack Clerictestlvlone with your sword and hit for 3 damage!
[16:30:08] You attack Clerictestlvlone with your sword and hit for 2 damage!
[16:30:08] You critical hit for an additional 1 damage!
[16:30:11] You attack Clerictestlvlone with your sword and hit for 4 damage!
[16:30:13] You attack Clerictestlvlone with your sword and hit for 4 damage!
[16:30:13] You critical hit for an additional 1 damage!
[16:30:16] You attack Clerictestlvlone with your sword and hit for 3 damage!
[16:30:18] You attack Clerictestlvlone with your sword and hit for 4 damage!
[16:30:21] You attack Clerictestlvlone with your sword and hit for 3 damage!
[16:30:23] You attack Clerictestlvlone with your sword and hit for 3 damage!
[16:30:26] You attack Clerictestlvlone with your sword and hit for 3 damage!
[16:30:28] You attack Clerictestlvlone with your sword and hit for 2 damage!
[16:30:31] You attack Clerictestlvlone with your sword and hit for 4 damage!
[16:30:33] You attack Clerictestlvlone with your sword and hit for 4 damage!
[16:30:36] You attack Clerictestlvlone with your sword and hit for 3 damage!
[16:30:38] You attack Clerictestlvlone with your sword and hit for 2 damage!
[16:30:38] You critical hit for an additional 1 damage!
[16:30:41] You attack Clerictestlvlone with your sword and hit for 2 damage!
[16:30:44] You miss!
[16:30:46] You miss!
[16:30:49] You miss!
[16:30:51] You attack Clerictestlvlone with your sword and hit for 3 damage!
[16:30:53] You attack Clerictestlvlone with your sword and hit for 2 damage!
[16:30:56] You attack Clerictestlvlone with your sword and hit for 4 damage!
[16:30:59] You attack Clerictestlvlone with your sword and hit for 3 damage!
[16:31:01] You attack Clerictestlvlone with your sword and hit for 3 damage!
[16:31:04] You miss!
[16:31:06] You attack Clerictestlvlone with your sword and hit for 2 damage!
[16:31:09] You attack Clerictestlvlone with your sword and hit for 4 damage!
[16:31:11] You attack Clerictestlvlone with your sword and hit for 3 damage!
[16:31:14] You attack Clerictestlvlone with your sword and hit for 2 damage!
[16:31:16] You miss!
[16:31:19] You miss!
[16:31:21] You attack Clerictestlvlone with your sword and hit for 3 damage!
[16:31:24] You attack Clerictestlvlone with your sword and hit for 3 damage!
[16:31:26] You attack Clerictestlvlone with your sword and hit for 3 damage!
[16:31:29] You attack Clerictestlvlone with your sword and hit for 3 damage!
[16:31:31] You attack Clerictestlvlone with your sword and hit for 3 damage!
[16:31:34] You attack Clerictestlvlone with your sword and hit for 4 damage!
[16:31:36] You attack Clerictestlvlone with your sword and hit for 3 damage!
[16:31:39] You attack Clerictestlvlone with your sword and hit for 3 damage!
[16:31:41] You attack Clerictestlvlone with your sword and hit for 3 damage!
[16:31:44] You attack Clerictestlvlone with your sword and hit for 3 damage!
[16:31:46] You attack Clerictestlvlone with your sword and hit for 4 damage!
[16:31:49] You attack Clerictestlvlone with your sword and hit for 3 damage!
[16:31:51] You attack Clerictestlvlone with your sword and hit for 3 damage!
[16:31:54] You miss!
[16:31:56] You miss!
[16:31:59] You miss!
[16:32:01] You attack Clerictestlvlone with your sword and hit for 2 damage!
[16:32:04] You attack Clerictestlvlone with your sword and hit for 4 damage!
[16:32:06] You attack Clerictestlvlone with your sword and hit for 4 damage!
[16:32:09] You attack Clerictestlvlone with your sword and hit for 2 damage!
[16:32:11] You miss!
[16:32:14] You attack Clerictestlvlone with your sword and hit for 3 damage!
[16:32:17] You attack Clerictestlvlone with your sword and hit for 3 damage!
[16:32:17] You critical hit for an additional 1 damage!
[16:32:19] You miss!
[16:32:22] You attack Clerictestlvlone with your sword and hit for 3 damage!
[16:32:24] You attack Clerictestlvlone with your sword and hit for 3 damage!
[16:32:27] You miss!
[16:32:29] You miss!
[16:32:32] You attack Clerictestlvlone with your sword and hit for 2 damage!
[16:32:34] You attack Clerictestlvlone with your sword and hit for 3 damage!
[16:32:37] You attack Clerictestlvlone with your sword and hit for 3 damage!
[16:32:39] You attack Clerictestlvlone with your sword and hit for 4 damage!
[16:32:39] You critical hit for an additional 1 damage!
[16:32:42] You miss!
[16:32:44] You miss!
[16:32:47] You attack Clerictestlvlone with your sword and hit for 3 damage!
[16:32:49] You attack Clerictestlvlone with your sword and hit for 3 damage!
[16:32:52] You attack Clerictestlvlone with your sword and hit for 4 damage!
[16:32:54] You attack Clerictestlvlone with your sword and hit for 2 damage!
[16:32:57] You attack Clerictestlvlone with your sword and hit for 3 damage!
[16:32:57] You critical hit for an additional 1 damage!
[16:32:59] You attack Clerictestlvlone with your sword and hit for 3 damage!
[16:33:02] You attack Clerictestlvlone with your sword and hit for 3 damage!
[16:33:04] You miss!
[16:33:07] You attack Clerictestlvlone with your sword and hit for 4 damage!
[16:33:09] You attack Clerictestlvlone with your sword and hit for 3 damage!
[16:33:09] You critical hit for an additional 1 damage!
[16:33:12] You attack Clerictestlvlone with your sword and hit for 3 damage!
[16:33:14] You attack Clerictestlvlone with your sword and hit for 2 damage!
[16:33:17] You attack Clerictestlvlone with your sword and hit for 4 damage!
[16:33:20] You attack Clerictestlvlone with your sword and hit for 3 damage!
[16:33:20] You critical hit for an additional 1 damage!
[16:33:22] You attack Clerictestlvlone with your sword and hit for 4 damage!
[16:33:24] You attack Clerictestlvlone with your sword and hit for 3 damage!
[16:33:27] You miss!
[16:33:30] You attack Clerictestlvlone with your sword and hit for 4 damage!
[16:33:32] You miss!
[16:33:35] You attack Clerictestlvlone with your sword and hit for 3 damage!
[16:33:35] You critical hit for an additional 1 damage!
[16:33:36] You sit down.  Type '/stand' or move to stand up.
[16:33:36] You were recently in combat and must wait longer to quit.
[16:33:36] You will quit after sitting for 59 seconds. Type '/stand' or move if you don't want to quit.

*** Chat Log Closed: Sat Mar 13 16:33:43 2010


