
*** Chat Log Opened: Sun Mar 14 19:18:13 2010

[19:18:13]  To stop logging, type /chatlog again.
[19:18:15] You target [Slash]
[19:18:15] You examine Slash.  It is neutral towards you.
[19:18:16] You examine Slash.  It is neutral towards you.
[19:18:16] ##Slash says, "Greetings, Jartz!  I am here to assist you in testing your spells, styles, and abilities on monster targets.  If you desire, you may practice on me.  I can change my [my level], [attack mode], [style mode], and [equipment].  I can also [heal] myself and [reset] myself back to a standard level 50 monster.  My name indicates the type of damage I will do.  For more information, please ask for [help]."
[19:18:18] ##Slash says, "I have many attack mode settings.  I can [stop] attacking you, so that you may attack me and not take damage.  I can [attack back] you while you are attacking me.  You can set me to [parry] or [evade] your attacks.  You may also [cancel] parry or evade mode."
[19:18:20] ##Slash says, "I will no longer attack you, Jartz."
[19:18:25] You target [Slash]
[19:18:25] You examine Slash.  It is neutral towards you.
[19:18:30] @@You say, "level 55"
[19:18:30] ##Slash says, "My level has now been changed, Jartz. Target me again to update your target window."
[19:18:39] @@You say, "using point blank shot"
[19:19:05] @@You say, "which is a level 46 spell"
[19:19:08] You prepare a Point Blank Shot 8
[19:19:11] You hit Slash for 326 damage!
[19:19:12] You prepare a Point Blank Shot 8
[19:19:16] You hit Slash for 326 damage!
[19:19:16] You prepare a Point Blank Shot 8
[19:19:19] You hit Slash for 326 damage!
[19:19:20] You prepare a Point Blank Shot 8
[19:19:24] You hit Slash for 326 damage!
[19:19:24] You prepare a Point Blank Shot 8
[19:19:28] You hit Slash for 326 damage!
[19:19:28] Slash resists the effect!
[19:19:29] You prepare a Point Blank Shot 8
[19:19:32] You hit Slash for 326 damage!
[19:19:33] You prepare a Point Blank Shot 8
[19:19:36] You hit Slash for 326 damage!
[19:19:37] You prepare a Point Blank Shot 8
[19:19:41] You hit Slash for 326 damage!
[19:19:41] You prepare a Point Blank Shot 8
[19:19:45] You hit Slash for 326 damage!
[19:19:46] You prepare a Point Blank Shot 8
[19:19:49] You hit Slash for 326 damage!
[19:19:49] You critical hit for an additional 88 damage!
[19:19:50] You prepare a Point Blank Shot 8
[19:19:53] You hit Slash for 326 damage!
[19:19:54] You prepare a Point Blank Shot 8
[19:19:57] You missed!
[19:19:58] You prepare a Point Blank Shot 8
[19:20:02] You hit Slash for 326 damage!
[19:20:02] You prepare a Point Blank Shot 8
[19:20:06] You missed!
[19:20:07] You prepare a Point Blank Shot 8
[19:20:10] You missed!
[19:20:11] You prepare a Point Blank Shot 8
[19:20:15] You missed!
[19:20:15] You prepare a Point Blank Shot 8
[19:20:18] You hit Slash for 326 damage!
[19:20:19] You critical hit for an additional 218 damage!
[19:20:19] You prepare a Point Blank Shot 8
[19:20:23] You hit Slash for 326 damage!
[19:20:23] Slash resists the effect!
[19:20:23] You prepare a Point Blank Shot 8
[19:20:27] You hit Slash for 326 damage!
[19:20:27] You prepare a Point Blank Shot 8
[19:20:31] You hit Slash for 326 damage!
[19:20:32] You prepare a Point Blank Shot 8
[19:20:36] You missed!
[19:20:36] You prepare a Point Blank Shot 8
[19:20:40] You missed!
[19:20:41] You prepare a Point Blank Shot 8
[19:20:45] You hit Slash for 326 damage!
[19:20:45] You critical hit for an additional 55 damage!
[19:20:45] You prepare a Point Blank Shot 8
[19:20:49] You hit Slash for 326 damage!
[19:20:50] You don't have enough endurance left!
[19:20:57] @@You say, "level 60"
[19:20:57] ##Slash says, "My level has now been changed, Jartz. Target me again to update your target window."
[19:21:42] You prepare a Point Blank Shot 8
[19:21:45] You hit Slash for 232 damage!
[19:21:46] You prepare a Point Blank Shot 8
[19:21:50] You hit Slash for 242 damage!
[19:21:50] You prepare a Point Blank Shot 8
[19:21:54] You hit Slash for 234 damage!
[19:21:54] You prepare a Point Blank Shot 8
[19:21:58] You hit Slash for 234 damage!
[19:21:59] You prepare a Point Blank Shot 8
[19:22:02] You hit Slash for 227 damage!
[19:22:03] You prepare a Point Blank Shot 8
[19:22:07] You hit Slash for 229 damage!
[19:22:07] You prepare a Point Blank Shot 8
[19:22:11] You hit Slash for 238 damage!
[19:22:11] You prepare a Point Blank Shot 8
[19:22:15] You hit Slash for 232 damage!
[19:22:15] You prepare a Point Blank Shot 8
[19:22:19] You hit Slash for 238 damage!
[19:22:20] You prepare a Point Blank Shot 8
[19:22:23] You hit Slash for 240 damage!
[19:22:23] You prepare a Point Blank Shot 8
[19:22:27] You hit Slash for 232 damage!
[19:22:28] You prepare a Point Blank Shot 8
[19:22:31] You hit Slash for 238 damage!
[19:22:32] You prepare a Point Blank Shot 8
[19:22:36] You missed!
[19:22:36] You prepare a Point Blank Shot 8
[19:22:40] You hit Slash for 232 damage!
[19:22:40] You prepare a Point Blank Shot 8
[19:22:44] You hit Slash for 234 damage!
[19:22:45] You prepare a Point Blank Shot 8
[19:22:48] You hit Slash for 229 damage!
[19:22:49] You prepare a Point Blank Shot 8
[19:22:52] You hit Slash for 229 damage!
[19:22:53] You prepare a Point Blank Shot 8
[19:22:56] You hit Slash for 227 damage!
[19:22:56] Slash resists the effect!
[19:22:57] You prepare a Point Blank Shot 8
[19:23:01] You hit Slash for 240 damage!
[19:23:01] You prepare a Point Blank Shot 8
[19:23:05] You hit Slash for 230 damage!
[19:23:05] You critical hit for an additional 101 damage!
[19:23:06] You prepare a Point Blank Shot 8
[19:23:09] You missed!
[19:23:10] You prepare a Point Blank Shot 8
[19:23:13] You hit Slash for 230 damage!
[19:23:14] You prepare a Point Blank Shot 8
[19:23:18] You hit Slash for 230 damage!
[19:23:18] You prepare a Point Blank Shot 8
[19:23:22] You hit Slash for 227 damage!
[19:23:23] You don't have enough endurance left!
[19:23:28] @@You say, "level 70"
[19:23:28] ##Slash says, "My level has now been changed, Jartz. Target me again to update your target window."
[19:23:36] ##Slash says, "I can adjust my level in the following manner: every 5 levels from level 30 to level 75. Please /say the level you wish me to change to.  For example: /say level 30 or /say level 55."
[19:24:16] You prepare a Point Blank Shot 8
[19:24:20] You hit Slash for 39 damage!
[19:24:20] You prepare a Point Blank Shot 8
[19:24:24] You hit Slash for 40 damage!
[19:24:24] You critical hit for an additional 35 damage!
[19:24:25] You prepare a Point Blank Shot 8
[19:24:28] You missed!
[19:24:29] You prepare a Point Blank Shot 8
[19:24:32] You hit Slash for 37 damage!
[19:24:32] Slash resists the effect!
[19:24:33] You prepare a Point Blank Shot 8
[19:24:37] You missed!
[19:24:37] You prepare a Point Blank Shot 8
[19:24:41] You hit Slash for 40 damage!
[19:24:41] Slash resists the effect!
[19:24:41] You prepare a Point Blank Shot 8
[19:24:45] You hit Slash for 38 damage!
[19:24:45] You prepare a Point Blank Shot 8
[19:24:49] You hit Slash for 35 damage!
[19:24:49] You prepare a Point Blank Shot 8
[19:24:53] You hit Slash for 40 damage!
[19:24:53] You critical hit for an additional 4 damage!
[19:24:54] You prepare a Point Blank Shot 8
[19:24:57] You hit Slash for 40 damage!
[19:24:58] You prepare a Point Blank Shot 8
[19:25:02] You missed!
[19:25:02] You prepare a Point Blank Shot 8
[19:25:06] You missed!
[19:25:07] You prepare a Point Blank Shot 8
[19:25:10] You hit Slash for 35 damage!
[19:25:10] You critical hit for an additional 30 damage!
[19:25:11] You prepare a Point Blank Shot 8
[19:25:15] You hit Slash for 35 damage!
[19:25:15] You critical hit for an additional 5 damage!
[19:25:15] Slash resists the effect!
[19:25:15] You prepare a Point Blank Shot 8
[19:25:19] You hit Slash for 39 damage!
[19:25:19] You prepare a Point Blank Shot 8
[19:25:23] You hit Slash for 34 damage!
[19:25:24] You prepare a Point Blank Shot 8
[19:25:27] You hit Slash for 33 damage!
[19:25:28] You prepare a Point Blank Shot 8
[19:25:31] You hit Slash for 39 damage!
[19:25:32] You prepare a Point Blank Shot 8
[19:25:35] You hit Slash for 39 damage!
[19:25:36] You critical hit for an additional 31 damage!
[19:25:36] You prepare a Point Blank Shot 8
[19:25:40] You hit Slash for 36 damage!
[19:25:40] You prepare a Point Blank Shot 8
[19:25:44] You hit Slash for 36 damage!
[19:25:45] You prepare a Point Blank Shot 8
[19:25:48] You hit Slash for 36 damage!
[19:25:48] You critical hit for an additional 23 damage!
[19:25:49] You prepare a Point Blank Shot 8
[19:25:52] You hit Slash for 37 damage!
[19:25:53] You prepare a Point Blank Shot 8
[19:25:57] You hit Slash for 36 damage!
[19:25:57] You critical hit for an additional 30 damage!
[19:25:58] You don't have enough endurance left!
[19:26:03] @@You say, "level 75"
[19:26:03] ##Slash says, "My level has now been changed, Jartz. Target me again to update your target window."
[19:26:08] You target [Slash]
[19:26:08] You examine Slash.  It is neutral towards you.
[19:26:52] You prepare a Point Blank Shot 8
[19:26:55] You missed!
[19:26:56] You prepare a Point Blank Shot 8
[19:26:59] You missed!
[19:27:00] You prepare a Point Blank Shot 8
[19:27:03] You missed!
[19:27:04] You prepare a Point Blank Shot 8
[19:27:07] You missed!
[19:27:08] You prepare a Point Blank Shot 8
[19:27:12] You missed!
[19:27:12] You prepare a Point Blank Shot 8
[19:27:16] You missed!
[19:27:17] You prepare a Point Blank Shot 8
[19:27:20] You missed!
[19:27:21] You prepare a Point Blank Shot 8
[19:27:25] You missed!
[19:27:25] You prepare a Point Blank Shot 8
[19:27:29] You missed!
[19:27:29] You prepare a Point Blank Shot 8
[19:27:33] You missed!
[19:27:33] You prepare a Point Blank Shot 8
[19:27:37] You missed!
[19:27:38] You prepare a Point Blank Shot 8
[19:27:41] You missed!
[19:27:42] You prepare a Point Blank Shot 8
[19:27:45] You missed!
[19:27:46] You prepare a Point Blank Shot 8
[19:27:50] You missed!
[19:27:50] You prepare a Point Blank Shot 8
[19:27:54] You missed!
[19:27:54] You prepare a Point Blank Shot 8
[19:27:58] Your character has been saved.
[19:27:58] You missed!
[19:27:59] You prepare a Point Blank Shot 8
[19:28:03] You missed!
[19:28:03] You prepare a Point Blank Shot 8
[19:28:06] You missed!
[19:28:07] You prepare a Point Blank Shot 8
[19:28:11] You missed!
[19:28:11] You prepare a Point Blank Shot 8
[19:28:15] You missed!
[19:28:15] You prepare a Point Blank Shot 8
[19:28:19] You missed!
[19:28:19] You prepare a Point Blank Shot 8
[19:28:23] You missed!
[19:28:23] You prepare a Point Blank Shot 8
[19:28:27] You missed!
[19:28:27] You prepare a Point Blank Shot 8
[19:28:31] You missed!
[19:28:32] You don't have enough endurance left!
[19:28:52] @@You say, "now for final test will set to level 50 mob"
[19:28:52] ##Slash says, "My level has now been changed, Jartz. Target me again to update your target window."
[19:28:56] You target [Slash]
[19:28:56] You examine Slash.  It is neutral towards you.
[19:29:32] You prepare a Point Blank Shot 8
[19:29:36] You hit Slash for 364 damage!
[19:29:37] You prepare a Point Blank Shot 8
[19:29:40] You hit Slash for 364 damage!
[19:29:41] You prepare a Point Blank Shot 8
[19:29:44] You hit Slash for 364 damage!
[19:29:45] You prepare a Point Blank Shot 8
[19:29:48] You hit Slash for 364 damage!
[19:29:49] You prepare a Point Blank Shot 8
[19:29:53] You hit Slash for 364 damage!
[19:29:53] You hit Slash for 83 damage!
[19:29:53] You prepare a Point Blank Shot 8
[19:29:57] You hit Slash for 364 damage!
[19:29:57] You critical hit for an additional 360 damage!
[19:29:58] You prepare a Point Blank Shot 8
[19:30:00] You ready a Point Blank Shot 8 as a follow up!
[19:30:01] You prepare a Point Blank Shot 8
[19:30:01] You hit Slash for 364 damage!
[19:30:01] You hit Slash for 104 damage!
[19:30:02] You ready a Point Blank Shot 8 as a follow up!
[19:30:05] You prepare a Point Blank Shot 8
[19:30:05] You ready a Point Blank Shot 8 as a follow up!
[19:30:05] You hit Slash for 364 damage!
[19:30:07] You ready a Point Blank Shot 8 as a follow up!
[19:30:09] You prepare a Point Blank Shot 8
[19:30:09] You hit Slash for 364 damage!
[19:30:09] Slash resists the effect!
[19:30:09] You ready a Point Blank Shot 8 as a follow up!
[19:30:12] You prepare a Point Blank Shot 8
[19:30:12] You hit Slash for 364 damage!
[19:30:12] You critical hit for an additional 225 damage!
[19:30:13] You ready a Point Blank Shot 8 as a follow up!
[19:30:16] You prepare a Point Blank Shot 8
[19:30:16] You hit Slash for 364 damage!
[19:30:16] You ready a Point Blank Shot 8 as a follow up!
[19:30:19] You prepare a Point Blank Shot 8
[19:30:20] You hit Slash for 364 damage!
[19:30:20] You ready a Point Blank Shot 8 as a follow up!
[19:30:23] You prepare a Point Blank Shot 8
[19:30:23] You hit Slash for 364 damage!
[19:30:24] You ready a Point Blank Shot 8 as a follow up!
[19:30:27] You prepare a Point Blank Shot 8
[19:30:27] You hit Slash for 364 damage!
[19:30:27] You ready a Point Blank Shot 8 as a follow up!
[19:30:30] You prepare a Point Blank Shot 8
[19:30:30] You hit Slash for 364 damage!
[19:30:30] You hit Slash for 88 damage!
[19:30:31] You ready a Point Blank Shot 8 as a follow up!
[19:30:34] You prepare a Point Blank Shot 8
[19:30:34] You hit Slash for 364 damage!
[19:30:34] You ready a Point Blank Shot 8 as a follow up!
[19:30:38] You prepare a Point Blank Shot 8
[19:30:38] You hit Slash for 364 damage!
[19:30:38] You ready a Point Blank Shot 8 as a follow up!
[19:30:41] You prepare a Point Blank Shot 8
[19:30:41] You hit Slash for 364 damage!
[19:30:42] You ready a Point Blank Shot 8 as a follow up!
[19:30:45] You prepare a Point Blank Shot 8
[19:30:45] You hit Slash for 364 damage!
[19:30:45] You ready a Point Blank Shot 8 as a follow up!
[19:30:48] You prepare a Point Blank Shot 8
[19:30:49] You hit Slash for 364 damage!
[19:30:49] You ready a Point Blank Shot 8 as a follow up!
[19:30:52] You don't have enough endurance left!
[19:30:52] You hit Slash for 364 damage!
[19:30:53] You prepare a Point Blank Shot 8
[19:30:56] You hit Slash for 364 damage!
[19:30:58] You don't have enough endurance left!
[19:31:22] <Begin Info: Long Shot 8>
[19:31:22] Function: Archery
[19:31:22]  
[19:31:22] Fires an arrow at the target.
[19:31:22]  
[19:31:22] Value: 95
[19:31:22] Target: Targetted
[19:31:22] Range: 2500
[19:31:22] Fatigue cost: 8%
[19:31:22] Casting time:      5.0 sec
[19:31:22] Damage: Slash
[19:31:22]  
[19:31:22] <End Info>
[19:31:25] <Begin Info: Power Shot 8>
[19:31:25] Function: Archery
[19:31:25]  
[19:31:25] Fires an arrow at the target.
[19:31:25]  
[19:31:25] Value: 239
[19:31:25] Target: Targetted
[19:31:25] Range: 2100
[19:31:25] Fatigue cost: 8%
[19:31:25] Casting time:      6.0 sec
[19:31:25] Damage: Slash
[19:31:25]  
[19:31:25] <End Info>
[19:31:27] <Begin Info: Long Shot 8>
[19:31:27] Function: Archery
[19:31:27]  
[19:31:27] Fires an arrow at the target.
[19:31:27]  
[19:31:27] Value: 95
[19:31:27] Target: Targetted
[19:31:27] Range: 2500
[19:31:27] Fatigue cost: 8%
[19:31:27] Casting time:      5.0 sec
[19:31:27] Damage: Slash
[19:31:27]  
[19:31:27] <End Info>
[19:31:43] @@You say, "lowest level spell is long shot at level 44."
[19:31:46]  You auto-stick Slash.
[19:31:53] @@You say, "now using long shot"
[19:31:56]  You are no longer sticking your target.
[19:32:04] You prepare a Long Shot 8
[19:32:09] You hit Slash for 180 damage!
[19:32:09] You critical hit for an additional 50 damage!
[19:32:09] You prepare a Long Shot 8
[19:32:14] You hit Slash for 180 damage!
[19:32:14] You prepare a Long Shot 8
[19:32:19] You hit Slash for 180 damage!
[19:32:19] You prepare a Long Shot 8
[19:32:24] You hit Slash for 180 damage!
[19:32:24] You prepare a Long Shot 8
[19:32:28] You hit Slash for 180 damage!
[19:32:29] You prepare a Long Shot 8
[19:32:33] You hit Slash for 180 damage!
[19:32:34] You prepare a Long Shot 8
[19:32:38] You ready a Long Shot 8 as a follow up!
[19:32:38] You prepare a Long Shot 8
[19:32:39] You hit Slash for 180 damage!
[19:32:43] You hit Slash for 180 damage!
[19:32:43] You prepare a Long Shot 8
[19:32:48] You hit Slash for 180 damage!
[19:32:48] You prepare a Long Shot 8
[19:32:53] You hit Slash for 180 damage!
[19:32:53] You prepare a Long Shot 8
[19:32:58] You hit Slash for 180 damage!
[19:32:58] You prepare a Long Shot 8
[19:33:03] You hit Slash for 180 damage!
[19:33:03] You critical hit for an additional 73 damage!
[19:33:03] You hit Slash for 106 damage!
[19:33:03] You prepare a Long Shot 8
[19:33:08] You hit Slash for 180 damage!
[19:33:08] You prepare a Long Shot 8
[19:33:13] You hit Slash for 180 damage!
[19:33:13] You prepare a Long Shot 8
[19:33:18] You hit Slash for 180 damage!
[19:33:18] You prepare a Long Shot 8
[19:33:23] You hit Slash for 180 damage!
[19:33:23] You prepare a Long Shot 8
[19:33:28] You hit Slash for 180 damage!
[19:33:28] You prepare a Long Shot 8
[19:33:33] You hit Slash for 180 damage!
[19:33:33] You prepare a Long Shot 8
[19:33:38] You hit Slash for 180 damage!
[19:33:38] You hit Slash for 111 damage!
[19:33:38] You prepare a Long Shot 8
[19:33:43] You hit Slash for 180 damage!
[19:33:43] You prepare a Long Shot 8
[19:33:48] You hit Slash for 180 damage!
[19:33:48] You prepare a Long Shot 8
[19:33:53] You hit Slash for 180 damage!
[19:33:53] You prepare a Long Shot 8
[19:33:58] You hit Slash for 180 damage!
[19:33:58] You prepare a Long Shot 8
[19:34:03] You hit Slash for 180 damage!
[19:34:03] You critical hit for an additional 39 damage!
[19:34:03] You prepare a Long Shot 8
[19:34:08] You hit Slash for 180 damage!
[19:34:08] You hit Slash for 99 damage!
[19:34:08] You prepare a Long Shot 8
[19:34:12] You hit Slash for 180 damage!
[19:34:13] You prepare a Long Shot 8
[19:34:17] You hit Slash for 180 damage!
[19:34:17] You hit Slash for 90 damage!
[19:34:18] You prepare a Long Shot 8
[19:34:22] You hit Slash for 180 damage!
[19:34:22] You prepare a Long Shot 8
[19:34:27] You hit Slash for 180 damage!
[19:34:28] You don't have enough endurance left!
[19:34:30] You sit down.  Type '/stand' or move to stand up.
[19:34:55] You stand up.
[19:34:55] You prepare a Long Shot 8
[19:35:00] You hit Slash for 180 damage!
[19:35:00] You prepare a Long Shot 8
[19:35:05] You hit Slash for 180 damage!
[19:35:05] You prepare a Long Shot 8
[19:35:10] You hit Slash for 180 damage!
[19:35:10] You prepare a Long Shot 8
[19:35:15] You hit Slash for 180 damage!
[19:35:16] You prepare a Long Shot 8
[19:35:20] You prepare a Long Shot 8
[19:35:20] You hit Slash for 180 damage!
[19:35:25] You hit Slash for 180 damage!
[19:35:25] You prepare a Long Shot 8
[19:35:30] You hit Slash for 180 damage!
[19:35:30] You prepare a Long Shot 8
[19:35:35] You hit Slash for 180 damage!
[19:35:35] You prepare a Long Shot 8
[19:35:40] You hit Slash for 180 damage!
[19:35:40] You prepare a Long Shot 8
[19:35:45] You hit Slash for 180 damage!
[19:35:45] You critical hit for an additional 63 damage!
[19:35:45] You prepare a Long Shot 8
[19:35:50] You hit Slash for 180 damage!
[19:35:50] You prepare a Long Shot 8
[19:35:54] You hit Slash for 180 damage!
[19:35:54] You hit Slash for 102 damage!
[19:35:55] You prepare a Long Shot 8
[19:35:59] You hit Slash for 180 damage!
[19:36:00] You prepare a Long Shot 8
[19:36:04] You hit Slash for 180 damage!
[19:36:05] You prepare a Long Shot 8
[19:36:09] You hit Slash for 180 damage!
[19:36:09] You prepare a Long Shot 8
[19:36:14] You hit Slash for 180 damage!
[19:36:14] You prepare a Long Shot 8
[19:36:19] You hit Slash for 180 damage!
[19:36:19] You prepare a Long Shot 8
[19:36:24] You hit Slash for 180 damage!
[19:36:24] You hit Slash for 110 damage!
[19:36:24] You prepare a Long Shot 8
[19:36:29] You hit Slash for 180 damage!
[19:36:29] You critical hit for an additional 153 damage!
[19:36:29] You prepare a Long Shot 8
[19:36:34] You hit Slash for 180 damage!
[19:36:34] You hit Slash for 88 damage!
[19:36:34] You prepare a Long Shot 8
[19:36:39] You hit Slash for 180 damage!
[19:36:39] You prepare a Long Shot 8
[19:36:43] You hit Slash for 180 damage!
[19:36:43] You critical hit for an additional 171 damage!
[19:36:44] You prepare a Long Shot 8
[19:36:48] You hit Slash for 180 damage!
[19:36:49] You prepare a Long Shot 8
[19:36:53] You hit Slash for 180 damage!
[19:36:54] You prepare a Long Shot 8
[19:36:58] You hit Slash for 180 damage!
[19:36:59] You prepare a Long Shot 8
[19:37:04] You hit Slash for 180 damage!
[19:37:04] You prepare a Long Shot 8
[19:37:09] You hit Slash for 180 damage!
[19:37:09] You prepare a Long Shot 8
[19:37:14] You hit Slash for 180 damage!
[19:37:15] You prepare a Long Shot 8
[19:37:19] You hit Slash for 180 damage!
[19:37:20] You don't have enough endurance left!
[19:37:23] You sit down.  Type '/stand' or move to stand up.
[19:37:23] You were recently in combat and must wait longer to quit.
[19:37:23] You will quit after sitting for 56 seconds. Type '/stand' or move if you don't want to quit.

*** Chat Log Closed: Sun Mar 14 19:37:26 2010


