
*** Chat Log Opened: Sun Mar 14 10:00:08 2010

[10:00:08]  To stop logging, type /chatlog again.
[10:00:19] <Begin Info: Exquisite Avernal Malison Long Bow>
[10:00:19]  
[10:00:19] Magical Bonuses:
[10:00:19] - ALL archery skills: 6 pts
[10:00:19] - Constitution: 9 pts
[10:00:19] - Dexterity: 6 pts
[10:00:19]  
[10:00:19] Level Requirement: 49 Level
[10:00:19]  
[10:00:19]  
[10:00:19] Magical Ability:
[10:00:19] Function: direct damage
[10:00:19]  
[10:00:19] Damages the target.
[10:00:19]  
[10:00:19] Damage: 95
[10:00:19] Target: Targetted
[10:00:19] Range: 2500
[10:00:19] Casting time:      2.0 sec
[10:00:19] Damage: Energy
[10:00:19]  
[10:00:19] - Spell has a chance of casting when this weapon strikes an enemy.
[10:00:19]  
[10:00:19] Damage Modifiers:
[10:00:19] - 16.2 Base DPS (16.2 Clamped DPS)
[10:00:19] - 5.4 Weapon Speed
[10:00:19] - 95% Quality / 100% Condition
[10:00:19] - Damage Type: Thrust
[10:00:19] - Base Range: 1760
[10:00:19]  
[10:00:19] - Effective Damage: 15.4 DPS
[10:00:19]  
[10:00:19]  
[10:00:19] Bonus Level: 30
[10:00:19] <End Info>
[10:00:44] @@You say, "dex 131, archery 50+6"
[10:00:50] @@You say, "mob level 50"
[10:00:50] ##Slash says, "My level has now been changed, Jartz. Target me again to update your target window."
[10:00:56] You target [Slash]
[10:00:56] You examine Slash.  It is neutral towards you.
[10:01:07] You prepare a Standard Shot 9
[10:01:11] You ready a Standard Shot 9 as a follow up!
[10:01:11] You prepare a Standard Shot 9
[10:01:11] You hit Slash for 296 damage!
[10:01:16] You prepare a Standard Shot 9
[10:01:16] You hit Slash for 296 damage!
[10:01:20] You hit Slash for 296 damage!
[10:01:21] You prepare a Standard Shot 9
[10:01:25] You hit Slash for 296 damage!
[10:01:25] You critical hit for an additional 207 damage!
[10:01:26] You prepare a Standard Shot 9
[10:01:30] You hit Slash for 296 damage!
[10:01:42] @@You say, "switch to thrusting arrows"
[10:01:46] You prepare a Standard Shot 9
[10:01:51] You hit Slash for 296 damage!
[10:01:51] You critical hit for an additional 65 damage!
[10:01:52] You prepare a Standard Shot 9
[10:01:56] You hit Slash for 296 damage!
[10:01:57] You prepare a Standard Shot 9
[10:02:02] You hit Slash for 296 damage!
[10:02:08] @@You say, "remove thrusting arrows"
[10:02:11] You prepare a Rapid Fire 8
[10:02:14] You hit Slash for 89 damage!
[10:02:14] You prepare a Rapid Fire 8
[10:02:17] You hit Slash for 89 damage!
[10:02:17] You prepare a Rapid Fire 8
[10:02:20] You hit Slash for 89 damage!
[10:02:21] You prepare a Rapid Fire 8
[10:02:24] You hit Slash for 89 damage!
[10:02:25] You prepare a Acid Shot 8
[10:02:28] You ready a Acid Shot 8 as a follow up!
[10:02:32] You hit Slash for 80 damage!
[10:02:32] You prepare a Acid Shot 8
[10:02:32] You hit Slash for 182 damage!
[10:02:37] You hit Slash for 80 damage!
[10:02:38] You hit Slash for 80 damage!
[10:02:38] You hit Slash for 182 damage!
[10:02:39] You prepare a Poison Shot 8
[10:02:41] You ready a Poison Shot 8 as a follow up!
[10:02:43] You hit Slash for 80 damage!
[10:02:45] Slash resists the effect!
[10:02:45] You prepare a Poison Shot 8
[10:02:45] You hit Slash for 180 damage!
[10:02:48] You hit Slash for 80 damage!
[10:02:51] Slash resists the effect!
[10:02:52] You hit Slash for 180 damage!
[10:02:52] You prepare a Cold Shot 9
[10:02:53] You hit Slash for 80 damage!
[10:02:57] You ready a Cold Shot 9 as a follow up!
[10:02:58] You prepare a Cold Shot 9
[10:02:58] You hit Slash for 391 damage!
[10:03:05] You hit Slash for 391 damage!
[10:03:05] You prepare a Fire Shot 9
[10:03:11] You hit Slash for 394 damage!
[10:03:14] You prepare a Fire Shot 9
[10:03:21] You hit Slash for 394 damage!
[10:03:44] You prepare a Power Shot 8
[10:03:51] You hit Slash for 451 damage!
[10:03:51] You critical hit for an additional 230 damage!
[10:03:51] You prepare a Power Shot 8
[10:03:57] You hit Slash for 451 damage!
[10:04:26] You are too close to an enemy to hide!
[10:04:31] You are too close to an enemy to hide!
[10:04:37] You are too close to an enemy to hide!
[10:04:42] You are too close to an enemy to hide!
[10:04:48] You are too close to an enemy to hide!
[10:04:56] You are too close to an enemy to hide!
[10:04:57] You must wait 2 more seconds to attempt to hide!
[10:05:03] You are now hidden!
[10:05:06] That target is too far away!
[10:05:20] You prepare a Critical Shot 9
[10:05:24] You are no longer hidden!
[10:05:25] You hit Slash for 489 damage!
[10:05:45] @@You say, "now buffing"
[10:05:48] <Begin Info: Perfect Acuity>
[10:05:48] Function: improved stat enhancement
[10:05:48]  
[10:05:48] Enhances the target's listed stat(s).
[10:05:48]  
[10:05:48] Dex/Qui bonus: 72
[10:05:48] Target: Self
[10:05:48] Duration: 20:00 min
[10:05:48] Power cost: 82
[10:05:48] Casting time:      3.0 sec
[10:05:48]  
[10:05:48] <End Info>
[10:05:51] @@You say, "now buffing"
[10:05:52] @@You say, "now buffing"
[10:05:56] You begin casting a Perfect Acuity spell!
[10:05:59] Your Dexterity has increased.
[10:05:59] Your Quickness has increased.
[10:05:59] You feel more dexterous!
[10:06:05] @@You say, "dex 221"
[10:06:08] You prepare a Standard Shot 9
[10:06:11] You ready a Standard Shot 9 as a follow up!
[10:06:12] You prepare a Standard Shot 9
[10:06:12] You hit Slash for 380 damage!
[10:06:14] You ready a Standard Shot 9 as a follow up!
[10:06:16] You prepare a Standard Shot 9
[10:06:16] You hit Slash for 380 damage!
[10:06:17] You ready a Standard Shot 9 as a follow up!
[10:06:19] You prepare a Standard Shot 9
[10:06:20] You hit Slash for 380 damage!
[10:06:20] You ready a Rapid Fire 8 as a follow up!
[10:06:23] You prepare a Rapid Fire 8
[10:06:24] You hit Slash for 380 damage!
[10:06:24] You ready a Rapid Fire 8 as a follow up!
[10:06:26] You prepare a Rapid Fire 8
[10:06:26] You hit Slash for 116 damage!
[10:06:26] You critical hit for an additional 99 damage!
[10:06:27] You ready a Rapid Fire 8 as a follow up!
[10:06:28] You prepare a Rapid Fire 8
[10:06:28] You hit Slash for 116 damage!
[10:06:28] You critical hit for an additional 71 damage!
[10:06:30] You prepare a Acid Shot 8
[10:06:30] You hit Slash for 116 damage!
[10:06:33] You ready a Acid Shot 8 as a follow up!
[10:06:35] You hit Slash for 80 damage!
[10:06:35] You prepare a Acid Shot 8
[10:06:36] You hit Slash for 234 damage!
[10:06:41] You hit Slash for 80 damage!
[10:06:41] You hit Slash for 80 damage!
[10:06:41] You hit Slash for 234 damage!
[10:06:42] You prepare a Poison Shot 8
[10:06:44] You ready a Poison Shot 8 as a follow up!
[10:06:46] You hit Slash for 80 damage!
[10:06:47] You hit Slash for 80 damage!
[10:06:47] You prepare a Poison Shot 8
[10:06:47] You hit Slash for 231 damage!
[10:06:52] You hit Slash for 80 damage!
[10:06:52] You hit Slash for 80 damage!
[10:06:52] You hit Slash for 231 damage!
[10:06:52] Slash resists the effect!
[10:06:53] You prepare a Cold Shot 9
[10:06:57] You hit Slash for 80 damage!
[10:06:58] You prepare a Cold Shot 9
[10:06:58] You hit Slash for 503 damage!
[10:07:02] You hit Slash for 80 damage!
[10:07:04] You hit Slash for 503 damage!
[10:07:04] You hit Slash for 90 damage!
[10:07:04] You prepare a Fire Shot 9
[10:07:07] You ready a Fire Shot 9 as a follow up!
[10:07:07] You hit Slash for 80 damage!
[10:07:09] You prepare a Fire Shot 9
[10:07:09] You hit Slash for 507 damage!
[10:07:15] You hit Slash for 507 damage!
[10:07:15] You prepare a Power Shot 8
[10:07:17] You ready a Power Shot 8 as a follow up!
[10:07:21] You prepare a Power Shot 8
[10:07:21] You hit Slash for 579 damage!
[10:07:21] You hit Slash for 106 damage!
[10:07:27] You hit Slash for 579 damage!
[10:07:27] Slash resists the effect!

*** Chat Log Closed: Sun Mar 14 10:07:35 2010


