
*** Chat Log Opened: Sat Mar 13 10:46:47 2010

[10:46:47]  To stop logging, type /chatlog again.
[10:47:22] @@You say, "STR 125, sword 1 + 5"
[10:47:33] <Begin Info: Exquisite Infernal Barbed Sword>
[10:47:33]  
[10:47:33] Magical Bonuses:
[10:47:33] - Sword: 5 pts
[10:47:33] - Slash: 8%
[10:47:33] - Thrust: 8%
[10:47:33]  
[10:47:33] Level Requirement: 49 Level
[10:47:33]  
[10:47:33]  
[10:47:33] Magical Ability:
[10:47:33] Function: direct damage
[10:47:33]  
[10:47:33] Damages the target.
[10:47:33]  
[10:47:33] Damage: 71
[10:47:33] Target: Point-Blank Area
[10:47:33] Casting time: instant
[10:47:33] Radius: 350
[10:47:33] Damage: Heat
[10:47:33]  
[10:47:33] - Spell has a chance of casting when this weapon strikes an enemy.
[10:47:33]  
[10:47:33] Damage Modifiers:
[10:47:33] - 16.2 Base DPS (16.2 Clamped DPS)
[10:47:33] - 3.5 Weapon Speed
[10:47:33] - 100% Quality / 100% Condition
[10:47:33] - Damage Type: Slash
[10:47:33]  
[10:47:33] - Effective Damage: 16.2 DPS
[10:47:33]  
[10:47:33]  
[10:47:33] Bonus Level: 34
[10:47:33] <End Info>
[10:47:36] You target [Tolahealtest]
[10:47:36] You examine Tolahealtest.  He is a member of the Healer class in your realm.
[10:47:40] You challenge Tolahealtest to a duel!
[10:47:46] Tolahealtest accepts the duel.  Begin fighting!
[10:47:54] You enter combat mode and target [Tolahealtest]
[10:47:54] You miss!
[10:47:58] You attack Tolahealtest with your sword and hit for 38 (-6) damage!
[10:48:01] You attack Tolahealtest with your sword and hit for 42 (-6) damage!
[10:48:05] You attack Tolahealtest with your sword and hit for 55 (-8) damage!
[10:48:08] You attack Tolahealtest with your sword and hit for 45 (-7) damage!
[10:48:12] You attack Tolahealtest with your sword and hit for 58 (-9) damage!
[10:48:16] You attack Tolahealtest with your sword and hit for 41 (-6) damage!
[10:48:19] You attack Tolahealtest with your sword and hit for 52 (-8) damage!
[10:48:23] You miss!
[10:48:27] You attack Tolahealtest with your sword and hit for 57 (-9) damage!
[10:48:30] You attack Tolahealtest with your sword and hit for 53 (-8) damage!
[10:48:30] You hit Tolahealtest for 87 damage!
[10:48:34] You miss!
[10:48:38] You attack Tolahealtest with your sword and hit for 47 (-7) damage!
[10:48:38] You critical hit for an additional 22 damage!
[10:48:41] You miss!
[10:48:45] You attack Tolahealtest with your sword and hit for 49 (-7) damage!
[10:48:45] You critical hit for an additional 4 damage!
[10:48:49] You attack Tolahealtest with your sword and hit for 44 (-7) damage!
[10:48:52] You attack Tolahealtest with your sword and hit for 36 (-5) damage!
[10:48:56] You miss!
[10:48:59] You miss!
[10:49:03] You attack Tolahealtest with your sword and hit for 36 (-5) damage!
[10:49:06] You attack Tolahealtest with your sword and hit for 56 (-8) damage!
[10:49:10] You miss!
[10:49:14] You attack Tolahealtest with your sword and hit for 45 (-7) damage!
[10:49:17] You miss!
[10:49:21] You attack Tolahealtest with your sword and hit for 36 (-5) damage!
[10:49:25] You attack Tolahealtest with your sword and hit for 38 (-6) damage!
[10:49:28] You miss!
[10:49:32] You miss!
[10:49:35] You attack Tolahealtest with your sword and hit for 43 (-6) damage!
[10:49:39] You attack Tolahealtest with your sword and hit for 47 (-7) damage!
[10:49:43] You attack Tolahealtest with your sword and hit for 43 (-6) damage!
[10:49:46] You attack Tolahealtest with your sword and hit for 45 (-7) damage!
[10:49:50] You miss!
[10:49:54] You miss!
[10:49:57] You attack Tolahealtest with your sword and hit for 45 (-7) damage!
[10:50:01] You miss!
[10:50:04] You attack Tolahealtest with your sword and hit for 42 (-6) damage!
[10:50:04] Tolahealtest begins moving more slowly!
[10:50:08] You miss!
[10:50:12] You attack Tolahealtest with your sword and hit for 45 (-7) damage!
[10:50:15] Tolahealtest begins moving more quickly.
[10:50:15] You attack Tolahealtest with your sword and hit for 49 (-7) damage!
[10:50:19] You attack Tolahealtest with your sword and hit for 39 (-6) damage!
[10:50:23] You attack Tolahealtest with your sword and hit for 53 (-8) damage!
[10:50:26] You attack Tolahealtest with your sword and hit for 49 (-7) damage!
[10:50:30] You miss!
[10:50:33] You miss!
[10:50:37] You attack Tolahealtest with your sword and hit for 40 (-6) damage!
[10:50:41] You attack Tolahealtest with your sword and hit for 38 (-6) damage!
[10:50:44] You attack Tolahealtest with your sword and hit for 46 (-7) damage!
[10:50:48] You attack Tolahealtest with your sword and hit for 46 (-7) damage!
[10:50:51] You attack Tolahealtest with your sword and hit for 54 (-8) damage!
[10:50:51] Tolahealtest begins moving more slowly!
[10:50:55] You attack Tolahealtest with your sword and hit for 47 (-7) damage!
[10:50:59] You attack Tolahealtest with your sword and hit for 36 (-5) damage!
[10:50:59] You critical hit for an additional 17 damage!
[10:51:02] Tolahealtest begins moving more quickly.
[10:51:02] You attack Tolahealtest with your sword and hit for 53 (-8) damage!
[10:51:06] You attack Tolahealtest with your sword and hit for 47 (-7) damage!
[10:51:10] You attack Tolahealtest with your sword and hit for 45 (-7) damage!
[10:51:13] You attack Tolahealtest with your sword and hit for 46 (-7) damage!
[10:51:17] You fumble the attack and take time to recover!
[10:51:23] You attack Tolahealtest with your sword and hit for 56 (-8) damage!
[10:51:26] You miss!
[10:51:30] You attack Tolahealtest with your sword and hit for 51 (-8) damage!
[10:51:30] You critical hit for an additional 8 damage!
[10:51:33] You attack Tolahealtest with your sword and hit for 46 (-7) damage!
[10:51:37] You attack Tolahealtest with your sword and hit for 54 (-8) damage!
[10:51:41] You attack Tolahealtest with your sword and hit for 53 (-8) damage!
[10:51:44] You attack Tolahealtest with your sword and hit for 38 (-6) damage!
[10:51:48] You attack Tolahealtest with your sword and hit for 48 (-7) damage!
[10:51:48] Tolahealtest begins moving more slowly!
[10:51:52] You attack Tolahealtest with your sword and hit for 43 (-6) damage!
[10:51:55] You attack Tolahealtest with your sword and hit for 49 (-7) damage!
[10:51:55] You critical hit for an additional 6 damage!
[10:51:55] You hit Tolahealtest for 84 damage!
[10:51:58] Tolahealtest begins moving more quickly.
[10:51:59] You miss!
[10:52:02] You attack Tolahealtest with your sword and hit for 52 (-8) damage!
[10:52:06] You miss!
[10:52:10] You attack Tolahealtest with your sword and hit for 44 (-7) damage!
[10:52:13] You miss!
[10:52:17] You miss!
[10:52:21] You attack Tolahealtest with your sword and hit for 40 (-6) damage!
[10:52:24] You attack Tolahealtest with your sword and hit for 46 (-7) damage!
[10:52:28] You attack Tolahealtest with your sword and hit for 42 (-6) damage!
[10:52:28] You critical hit for an additional 17 damage!
[10:52:31] You attack Tolahealtest with your sword and hit for 41 (-6) damage!
[10:52:31] You hit Tolahealtest for 87 damage!
[10:52:35] You attack Tolahealtest with your sword and hit for 41 (-6) damage!
[10:52:35] Tolahealtest begins moving more slowly!
[10:52:39] You attack Tolahealtest with your sword and hit for 38 (-6) damage!
[10:52:39] You hit Tolahealtest for 65 damage!
[10:52:43] You attack Tolahealtest with your sword and hit for 56 (-8) damage!
[10:52:45] Tolahealtest begins moving more quickly.
[10:52:46] You attack Tolahealtest with your sword and hit for 39 (-6) damage!
[10:52:50] You attack Tolahealtest with your sword and hit for 43 (-6) damage!
[10:52:53] You attack Tolahealtest with your sword and hit for 48 (-7) damage!
[10:52:57] You miss!
[10:53:00] You attack Tolahealtest with your sword and hit for 44 (-7) damage!
[10:53:04] You attack Tolahealtest with your sword and hit for 54 (-8) damage!
[10:53:04] You critical hit for an additional 11 damage!
[10:53:08] You attack Tolahealtest with your sword and hit for 51 (-8) damage!
[10:53:12] You attack Tolahealtest with your sword and hit for 46 (-7) damage!
[10:53:15] You miss!
[10:53:19] You miss!
[10:53:22] You attack Tolahealtest with your sword and hit for 58 (-9) damage!
[10:53:26] You attack Tolahealtest with your sword and hit for 54 (-8) damage!
[10:53:26] You critical hit for an additional 8 damage!
[10:53:29] You attack Tolahealtest with your sword and hit for 54 (-8) damage!
[10:53:29] Tolahealtest begins moving more slowly!
[10:53:33] You miss!
[10:53:37] You miss!
[10:53:40] Tolahealtest begins moving more quickly.
[10:53:41] You attack Tolahealtest with your sword and hit for 47 (-7) damage!
[10:53:44] You miss!
[10:53:48] You attack Tolahealtest with your sword and hit for 47 (-7) damage!
[10:53:51] You miss!
[10:53:55] You miss!
[10:53:59] You attack Tolahealtest with your sword and hit for 52 (-8) damage!
[10:54:02] You attack Tolahealtest with your sword and hit for 42 (-6) damage!
[10:54:02] You critical hit for an additional 13 damage!
[10:54:06] You attack Tolahealtest with your sword and hit for 56 (-8) damage!
[10:54:10] You miss!
[10:54:13] You miss!
[10:54:17] You attack Tolahealtest with your sword and hit for 52 (-8) damage!
[10:54:20] You attack Tolahealtest with your sword and hit for 44 (-7) damage!
[10:54:24] You attack Tolahealtest with your sword and hit for 40 (-6) damage!
[10:54:28] You miss!
[10:54:31] You miss!
[10:54:35] You miss!
[10:54:39] You attack Tolahealtest with your sword and hit for 56 (-8) damage!
[10:54:42] You attack Tolahealtest with your sword and hit for 47 (-7) damage!
[10:54:46] You attack Tolahealtest with your sword and hit for 54 (-8) damage!
[10:54:46] You critical hit for an additional 14 damage!
[10:54:46] Tolahealtest begins moving more slowly!
[10:54:49] You attack Tolahealtest with your sword and hit for 49 (-7) damage!
[10:54:49] Tolahealtest begins moving more slowly!
[10:54:53] You attack Tolahealtest with your sword and hit for 39 (-6) damage!
[10:54:57] You attack Tolahealtest with your sword and hit for 53 (-8) damage!
[10:54:57] Tolahealtest begins moving more slowly!
[10:55:00] You attack Tolahealtest with your sword and hit for 41 (-6) damage!
[10:55:04] You fumble the attack and take time to recover!
[10:55:07] Tolahealtest begins moving more quickly.
[10:55:08] You miss!
[10:55:12] You attack Tolahealtest with your sword and hit for 49 (-7) damage!
[10:55:15] You attack Tolahealtest with your sword and hit for 52 (-8) damage!
[10:55:19] You miss!
[10:55:23] You attack Tolahealtest with your sword and hit for 57 (-9) damage!
[10:55:26] You miss!
[10:55:30] You attack Tolahealtest with your sword and hit for 39 (-6) damage!
[10:55:34] You attack Tolahealtest with your sword and hit for 48 (-7) damage!
[10:55:37] You attack Tolahealtest with your sword and hit for 42 (-6) damage!
[10:55:41] You attack Tolahealtest with your sword and hit for 49 (-7) damage!
[10:55:44] You attack Tolahealtest with your sword and hit for 55 (-8) damage!
[10:55:44] You critical hit for an additional 26 damage!
[10:55:48] You attack Tolahealtest with your sword and hit for 43 (-6) damage!

*** Chat Log Closed: Sat Mar 13 10:56:01 2010


