
*** Chat Log Opened: Sat Mar 13 07:26:24 2010

[07:26:24]  To stop logging, type /chatlog again.
[07:26:28] <Begin Info: Exquisite Infernal Barbed Sword>
[07:26:28]  
[07:26:28] Magical Bonuses:
[07:26:28] - Sword: 5 pts
[07:26:28] - Slash: 8%
[07:26:28] - Thrust: 8%
[07:26:28]  
[07:26:28] Level Requirement: 49 Level
[07:26:28]  
[07:26:28]  
[07:26:28] Magical Ability:
[07:26:28] Function: direct damage
[07:26:28]  
[07:26:28] Damages the target.
[07:26:28]  
[07:26:28] Damage: 71
[07:26:28] Target: Point-Blank Area
[07:26:28] Casting time: instant
[07:26:28] Radius: 350
[07:26:28] Damage: Heat
[07:26:28]  
[07:26:28] - Spell has a chance of casting when this weapon strikes an enemy.
[07:26:28]  
[07:26:28] Damage Modifiers:
[07:26:28] - 16.2 Base DPS (16.2 Clamped DPS)
[07:26:28] - 3.5 Weapon Speed
[07:26:28] - 100% Quality / 100% Condition
[07:26:28] - Damage Type: Slash
[07:26:28]  
[07:26:28] - Effective Damage: 16.2 DPS
[07:26:28]  
[07:26:28]  
[07:26:28] Bonus Level: 34
[07:26:28] <End Info>
[07:26:35] @@You say, "trained swords 50"
[07:26:59] @@You say, "STR 125, Sword +5"
[07:27:06] You challenge Tolahealtest to a duel!
[07:27:12] Tolahealtest accepts the duel.  Begin fighting!
[07:27:19]  You auto-stick Tolahealtest.
[07:27:22]  You are no longer sticking your target.
[07:27:27] You enter combat mode and target [Tolahealtest]
[07:27:27] You attack Tolahealtest with your sword and hit for 75 (-11) damage!
[07:27:31] You attack Tolahealtest with your sword and hit for 58 (-9) damage!
[07:27:34] You attack Tolahealtest with your sword and hit for 76 (-11) damage!
[07:27:38] You attack Tolahealtest with your sword and hit for 70 (-11) damage!
[07:27:41] You attack Tolahealtest with your sword and hit for 70 (-11) damage!
[07:27:45] You miss!
[07:27:49] You attack Tolahealtest with your sword and hit for 71 (-11) damage!
[07:27:49] You critical hit for an additional 10 damage!
[07:27:52] You miss!
[07:27:56] You attack Tolahealtest with your sword and hit for 76 (-11) damage!
[07:28:00] You attack Tolahealtest with your sword and hit for 65 (-10) damage!
[07:28:03] You miss!
[07:28:07] You attack Tolahealtest with your sword and hit for 65 (-10) damage!
[07:28:10] You attack Tolahealtest with your sword and hit for 74 (-11) damage!
[07:28:14] You attack Tolahealtest with your sword and hit for 60 (-9) damage!
[07:28:18] You attack Tolahealtest with your sword and hit for 70 (-10) damage!
[07:28:21] You attack Tolahealtest with your sword and hit for 71 (-11) damage!
[07:28:21] Tolahealtest begins moving more slowly!
[07:28:25] You attack Tolahealtest with your sword and hit for 65 (-10) damage!
[07:28:29] You attack Tolahealtest with your sword and hit for 69 (-10) damage!
[07:28:31] Tolahealtest begins moving more quickly.
[07:28:32] You attack Tolahealtest with your sword and hit for 72 (-11) damage!
[07:28:32] Tolahealtest begins moving more slowly!
[07:28:36] You attack Tolahealtest with your sword and hit for 56 (-8) damage!
[07:28:39] You attack Tolahealtest with your sword and hit for 67 (-10) damage!
[07:28:42] Tolahealtest begins moving more quickly.
[07:28:43] You miss!
[07:28:47] You miss!
[07:28:50] You attack Tolahealtest with your sword and hit for 62 (-9) damage!
[07:28:50] You critical hit for an additional 26 damage!
[07:28:54] You miss!
[07:28:57] You attack Tolahealtest with your sword and hit for 77 (-11) damage!
[07:29:01] You miss!
[07:29:05] You attack Tolahealtest with your sword and hit for 64 (-10) damage!
[07:29:09] You attack Tolahealtest with your sword and hit for 56 (-8) damage!
[07:29:12] You attack Tolahealtest with your sword and hit for 67 (-10) damage!
[07:29:16] You attack Tolahealtest with your sword and hit for 68 (-10) damage!
[07:29:19] You attack Tolahealtest with your sword and hit for 65 (-10) damage!
[07:29:19] You hit Tolahealtest for 72 damage!
[07:29:23] You miss!
[07:29:26] You attack Tolahealtest with your sword and hit for 61 (-9) damage!
[07:29:26] You critical hit for an additional 10 damage!
[07:29:30] You attack Tolahealtest with your sword and hit for 66 (-10) damage!
[07:29:34] You attack Tolahealtest with your sword and hit for 67 (-10) damage!
[07:29:37] You attack Tolahealtest with your sword and hit for 60 (-9) damage!
[07:29:37] You hit Tolahealtest for 61 damage!
[07:29:37] Tolahealtest begins moving more slowly!
[07:29:41] You attack Tolahealtest with your sword and hit for 79 (-12) damage!
[07:29:45] You attack Tolahealtest with your sword and hit for 63 (-9) damage!
[07:29:47] Tolahealtest begins moving more quickly.
[07:29:48] You attack Tolahealtest with your sword and hit for 78 (-12) damage!
[07:29:52] You attack Tolahealtest with your sword and hit for 77 (-12) damage!
[07:29:55] You attack Tolahealtest with your sword and hit for 69 (-10) damage!
[07:29:59] You attack Tolahealtest with your sword and hit for 79 (-12) damage!
[07:29:59] Tolahealtest begins moving more slowly!
[07:30:03] You miss!
[07:30:06] You attack Tolahealtest with your sword and hit for 78 (-12) damage!
[07:30:06] You hit Tolahealtest for 79 damage!
[07:30:09] Tolahealtest begins moving more quickly.
[07:30:10] You attack Tolahealtest with your sword and hit for 62 (-9) damage!
[07:30:10] Tolahealtest begins moving more slowly!
[07:30:14] You attack Tolahealtest with your sword and hit for 63 (-9) damage!
[07:30:14] You critical hit for an additional 29 damage!
[07:30:17] You attack Tolahealtest with your sword and hit for 78 (-12) damage!
[07:30:20] Tolahealtest begins moving more quickly.
[07:30:21] You attack Tolahealtest with your sword and hit for 70 (-10) damage!
[07:30:24] You attack Tolahealtest with your sword and hit for 69 (-10) damage!
[07:30:28] You attack Tolahealtest with your sword and hit for 56 (-8) damage!
[07:30:32] You attack Tolahealtest with your sword and hit for 64 (-10) damage!
[07:30:35] You attack Tolahealtest with your sword and hit for 68 (-10) damage!
[07:30:39] You attack Tolahealtest with your sword and hit for 59 (-9) damage!
[07:30:39] You critical hit for an additional 7 damage!
[07:30:43] You miss!
[07:30:46] You attack Tolahealtest with your sword and hit for 63 (-9) damage!
[07:30:46] Tolahealtest begins moving more slowly!
[07:30:50] You miss!
[07:30:53] You miss!
[07:30:56] Tolahealtest begins moving more quickly.
[07:30:57] You attack Tolahealtest with your sword and hit for 74 (-11) damage!
[07:31:01] You attack Tolahealtest with your sword and hit for 74 (-11) damage!
[07:31:04] You attack Tolahealtest with your sword and hit for 67 (-10) damage!
[07:31:08] You attack Tolahealtest with your sword and hit for 60 (-9) damage!
[07:31:11] You attack Tolahealtest with your sword and hit for 77 (-12) damage!
[07:31:15] You miss!
[07:31:19] You attack Tolahealtest with your sword and hit for 78 (-12) damage!
[07:31:19] Tolahealtest begins moving more slowly!
[07:31:22] You attack Tolahealtest with your sword and hit for 76 (-11) damage!
[07:31:26] You attack Tolahealtest with your sword and hit for 75 (-11) damage!
[07:31:26] You critical hit for an additional 28 damage!
[07:31:26] You hit Tolahealtest for 70 damage!
[07:31:29] Tolahealtest begins moving more quickly.
[07:31:30] You attack Tolahealtest with your sword and hit for 74 (-11) damage!
[07:31:33] You attack Tolahealtest with your sword and hit for 78 (-12) damage!
[07:31:33] Tolahealtest begins moving more slowly!
[07:31:37] You attack Tolahealtest with your sword and hit for 75 (-11) damage!
[07:31:40] You attack Tolahealtest with your sword and hit for 73 (-11) damage!
[07:31:43] Tolahealtest begins moving more quickly.
[07:31:44] You attack Tolahealtest with your sword and hit for 61 (-9) damage!
[07:31:44] You critical hit for an additional 18 damage!
[07:31:48] You attack Tolahealtest with your sword and hit for 71 (-11) damage!
[07:31:51] You attack Tolahealtest with your sword and hit for 71 (-11) damage!
[07:32:04] You enter combat mode and target [Tolahealtest]
[07:32:04] You attack Tolahealtest with your sword and hit for 58 (-9) damage!
[07:32:08] You attack Tolahealtest with your sword and hit for 57 (-8) damage!
[07:32:11] You miss!
[07:32:15] You attack Tolahealtest with your sword and hit for 69 (-10) damage!
[07:32:18] You attack Tolahealtest with your sword and hit for 60 (-9) damage!
[07:32:18] You critical hit for an additional 16 damage!
[07:32:22] You attack Tolahealtest with your sword and hit for 64 (-10) damage!
[07:32:22] You critical hit for an additional 19 damage!
[07:32:26] You attack Tolahealtest with your sword and hit for 64 (-10) damage!
[07:32:26] You critical hit for an additional 21 damage!
[07:32:29] You miss!
[07:32:33] You attack Tolahealtest with your sword and hit for 59 (-9) damage!
[07:32:37] You attack Tolahealtest with your sword and hit for 65 (-10) damage!
[07:32:37] Tolahealtest begins moving more slowly!
[07:32:40] You attack Tolahealtest with your sword and hit for 64 (-10) damage!
[07:32:44] You attack Tolahealtest with your sword and hit for 72 (-11) damage!
[07:32:47] Tolahealtest begins moving more quickly.
[07:32:47] You miss!
[07:32:51] You attack Tolahealtest with your sword and hit for 74 (-11) damage!
[07:32:55] You attack Tolahealtest with your sword and hit for 70 (-10) damage!
[07:32:55] Tolahealtest begins moving more slowly!
[07:32:58] You miss!
[07:33:02] You miss!
[07:33:05] Tolahealtest begins moving more quickly.
[07:33:06] You attack Tolahealtest with your sword and hit for 62 (-9) damage!
[07:33:09] You attack Tolahealtest with your sword and hit for 70 (-10) damage!
[07:33:13] You attack Tolahealtest with your sword and hit for 68 (-10) damage!
[07:33:16] You attack Tolahealtest with your sword and hit for 62 (-9) damage!
[07:33:20] You attack Tolahealtest with your sword and hit for 62 (-9) damage!
[07:33:20] Tolahealtest begins moving more slowly!
[07:33:24] You attack Tolahealtest with your sword and hit for 71 (-11) damage!
[07:33:24] You critical hit for an additional 16 damage!
[07:33:27] You attack Tolahealtest with your sword and hit for 65 (-10) damage!
[07:33:30] Tolahealtest begins moving more quickly.
[07:33:31] You miss!
[07:33:35] You attack Tolahealtest with your sword and hit for 70 (-10) damage!
[07:33:35] You hit Tolahealtest for 81 damage!
[07:33:38] You attack Tolahealtest with your sword and hit for 74 (-11) damage!
[07:33:51] You enter combat mode and target [Tolahealtest]
[07:33:51] You attack Tolahealtest with your sword and hit for 60 (-9) damage!
[07:33:51] You hit Tolahealtest for 82 damage!
[07:33:54] You attack Tolahealtest with your sword and hit for 71 (-11) damage!
[07:33:58] You attack Tolahealtest with your sword and hit for 59 (-9) damage!
[07:34:02] You miss!
[07:34:05] You miss!
[07:34:09] You attack Tolahealtest with your sword and hit for 73 (-11) damage!
[07:34:12] You attack Tolahealtest with your sword and hit for 68 (-10) damage!
[07:34:16] You attack Tolahealtest with your sword and hit for 61 (-9) damage!
[07:34:20] You miss!
[07:34:23] You miss!
[07:34:27] You miss!
[07:34:31] You attack Tolahealtest with your sword and hit for 74 (-11) damage!
[07:34:31] You critical hit for an additional 35 damage!
[07:34:34] You attack Tolahealtest with your sword and hit for 65 (-10) damage!
[07:34:38] You attack Tolahealtest with your sword and hit for 74 (-11) damage!
[07:34:42] You attack Tolahealtest with your sword and hit for 74 (-11) damage!
[07:34:45] You attack Tolahealtest with your sword and hit for 75 (-11) damage!
[07:34:49] You attack Tolahealtest with your sword and hit for 65 (-10) damage!
[07:34:52] You attack Tolahealtest with your sword and hit for 61 (-9) damage!
[07:34:52] Tolahealtest begins moving more slowly!
[07:34:56] You fumble the attack and take time to recover!
[07:35:02] Tolahealtest begins moving more quickly.
[07:35:03] You attack Tolahealtest with your sword and hit for 72 (-11) damage!
[07:35:06] You attack Tolahealtest with your sword and hit for 76 (-11) damage!
[07:35:10] You attack Tolahealtest with your sword and hit for 67 (-10) damage!
[07:35:14] You attack Tolahealtest with your sword and hit for 63 (-9) damage!
[07:35:14] You critical hit for an additional 13 damage!
[07:35:17] You miss!
[07:35:21] You miss!
[07:35:25] You attack Tolahealtest with your sword and hit for 71 (-11) damage!
[07:35:28] You attack Tolahealtest with your sword and hit for 64 (-10) damage!
[07:35:32] You attack Tolahealtest with your sword and hit for 79 (-12) damage!
[07:35:35] You miss!
[07:35:39] You miss!
[07:35:43] You miss!
[07:35:46] You attack Tolahealtest with your sword and hit for 66 (-10) damage!
[07:35:50] You miss!
[07:35:53] Your character has been saved.
[07:35:54] You attack Tolahealtest with your sword and hit for 68 (-10) damage!
[07:35:57] You attack Tolahealtest with your sword and hit for 76 (-11) damage!
[07:35:57] Tolahealtest begins moving more slowly!
[07:36:01] You attack Tolahealtest with your sword and hit for 58 (-9) damage!
[07:36:04] You attack Tolahealtest with your sword and hit for 76 (-11) damage!
[07:36:04] Tolahealtest begins moving more slowly!
[07:36:15] Tolahealtest begins moving more quickly.

*** Chat Log Closed: Sat Mar 13 07:36:16 2010


