
*** Chat Log Opened: Sat Mar 13 10:56:16 2010

[10:56:16]  To stop logging, type /chatlog again.
[10:56:19] You sheathe the Exquisite Infernal Barbed Sword from your right hand.
[10:56:19] Your Sword skill has decreased.
[10:56:19] Your Slash resistance has decreased.
[10:56:19] Your Thrust resistance has decreased.
[10:56:19] You wield the Exquisite Infernal Soul Blade in both hands.
[10:56:19] The magic of the Exquisite Infernal Soul Blade flows through you.
[10:56:19] Your Sword skill has increased.
[10:56:19] Your Body resistance increased.
[10:56:19] Your Spirit resistance increased.
[10:56:19] The magic of the Exquisite Infernal Soul Blade flows through you.
[10:56:19] The magic of the Exquisite Infernal Soul Blade flows through you.
[10:56:22] <Begin Info: Exquisite Infernal Soul Blade>
[10:56:22]  
[10:56:22] Magical Bonuses:
[10:56:22] - Sword: 6 pts
[10:56:22] - Body: 8%
[10:56:22] - Spirit: 8%
[10:56:22]  
[10:56:22] Level Requirement: 49 Level
[10:56:22]  
[10:56:22]  
[10:56:22] Magical Ability:
[10:56:22] Function: direct damage
[10:56:22]  
[10:56:22] Damages the target.
[10:56:22]  
[10:56:22] Damage: 71
[10:56:22] Target: Point-Blank Area
[10:56:22] Casting time: instant
[10:56:22] Radius: 350
[10:56:22] Damage: Heat
[10:56:22]  
[10:56:22] - Spell has a chance of casting when this weapon strikes an enemy.
[10:56:22]  
[10:56:22] Damage Modifiers:
[10:56:22] - 16.2 Base DPS (16.2 Clamped DPS)
[10:56:22] - 5.5 Weapon Speed
[10:56:22] - 100% Quality / 100% Condition
[10:56:22] - Damage Type: Slash
[10:56:22]  
[10:56:22] - Effective Damage: 16.2 DPS
[10:56:22]  
[10:56:22]  
[10:56:22] Bonus Level: 39
[10:56:22] <End Info>
[10:56:43] @@You say, "str 125, sword 1 + 6"
[10:56:47] You enter combat mode and target [Tolahealtest]
[10:56:48] You attack Tolahealtest with your sword and hit for 97 (-14) damage!
[10:56:53] You miss!
[10:56:59] You attack Tolahealtest with your sword and hit for 89 (-13) damage!
[10:57:05] You miss!
[10:57:10] You attack Tolahealtest with your sword and hit for 97 (-14) damage!
[10:57:16] You attack Tolahealtest with your sword and hit for 70 (-10) damage!
[10:57:16] You critical hit for an additional 13 damage!
[10:57:22] You attack Tolahealtest with your sword and hit for 73 (-11) damage!
[10:57:22] You critical hit for an additional 27 damage!
[10:57:27] You attack Tolahealtest with your sword and hit for 100 (-15) damage!
[10:57:27] You critical hit for an additional 30 damage!
[10:57:33] You attack Tolahealtest with your sword and hit for 73 (-11) damage!
[10:57:33] You hit Tolahealtest for 77 damage!
[10:57:39] You miss!
[10:57:44] You attack Tolahealtest with your sword and hit for 82 (-12) damage!
[10:57:50] You attack Tolahealtest with your sword and hit for 76 (-11) damage!
[10:57:50] Tolahealtest resists the effect!
[10:57:55] You attack Tolahealtest with your sword and hit for 86 (-13) damage!
[10:58:01] You attack Tolahealtest with your sword and hit for 97 (-14) damage!
[10:58:07] You miss!
[10:58:12] You attack Tolahealtest with your sword and hit for 71 (-11) damage!
[10:58:18] You attack Tolahealtest with your sword and hit for 95 (-14) damage!
[10:58:18] You hit Tolahealtest for 87 damage!
[10:58:24] You attack Tolahealtest with your sword and hit for 77 (-12) damage!
[10:58:24] You hit Tolahealtest for 67 damage!
[10:58:29] You attack Tolahealtest with your sword and hit for 69 (-10) damage!
[10:58:29] You critical hit for an additional 27 damage!
[10:58:29] You hit Tolahealtest for 63 damage!
[10:58:29] Tolahealtest begins moving more slowly!
[10:58:35] You attack Tolahealtest with your sword and hit for 111 (-17) damage!
[10:58:35] You critical hit for an additional 36 damage!
[10:58:40] Tolahealtest begins moving more quickly.
[10:58:41] You miss!
[10:58:46] You miss!
[10:58:52] You attack Tolahealtest with your sword and hit for 75 (-11) damage!
[10:58:58] You miss!
[10:59:03] You attack Tolahealtest with your sword and hit for 75 (-11) damage!
[10:59:09] You attack Tolahealtest with your sword and hit for 73 (-11) damage!
[10:59:15] You attack Tolahealtest with your sword and hit for 92 (-14) damage!
[10:59:20] You attack Tolahealtest with your sword and hit for 86 (-13) damage!
[10:59:26] You attack Tolahealtest with your sword and hit for 72 (-11) damage!
[10:59:32] You attack Tolahealtest with your sword and hit for 99 (-15) damage!
[10:59:37] You attack Tolahealtest with your sword and hit for 95 (-14) damage!
[10:59:43] You attack Tolahealtest with your sword and hit for 77 (-12) damage!
[10:59:49] You attack Tolahealtest with your sword and hit for 88 (-13) damage!
[10:59:54] You attack Tolahealtest with your sword and hit for 80 (-12) damage!
[10:59:54] You critical hit for an additional 18 damage!
[11:00:00] You attack Tolahealtest with your sword and hit for 75 (-11) damage!
[11:00:06] You attack Tolahealtest with your sword and hit for 69 (-10) damage!
[11:00:11] You miss!
[11:00:17] You miss!
[11:00:23] You attack Tolahealtest with your sword and hit for 105 (-16) damage!
[11:00:28] You attack Tolahealtest with your sword and hit for 75 (-11) damage!
[11:00:34] You miss!
[11:00:40] You attack Tolahealtest with your sword and hit for 102 (-15) damage!
[11:00:40] Tolahealtest begins moving more slowly!
[11:00:45] You attack Tolahealtest with your sword and hit for 83 (-12) damage!
[11:00:50] Tolahealtest begins moving more quickly.
[11:00:51] You miss!
[11:00:57] You attack Tolahealtest with your sword and hit for 81 (-12) damage!
[11:01:02] You attack Tolahealtest with your sword and hit for 87 (-13) damage!
[11:01:08] You attack Tolahealtest with your sword and hit for 76 (-11) damage!
[11:01:08] You critical hit for an additional 33 damage!
[11:01:08] Tolahealtest begins moving more slowly!
[11:01:18] Tolahealtest begins moving more quickly.
[11:01:19] You enter combat mode and target [Tolahealtest]
[11:01:20] You attack Tolahealtest with your sword and hit for 95 (-14) damage!
[11:01:25] You attack Tolahealtest with your sword and hit for 97 (-14) damage!
[11:01:31] You miss!
[11:01:36] You miss!
[11:01:42] You attack Tolahealtest with your sword and hit for 95 (-14) damage!
[11:01:48] You attack Tolahealtest with your sword and hit for 88 (-13) damage!
[11:01:48] You critical hit for an additional 29 damage!
[11:01:48] Tolahealtest begins moving more slowly!
[11:01:54] You attack Tolahealtest with your sword and hit for 106 (-16) damage!
[11:01:54] Tolahealtest begins moving more slowly!
[11:01:59] You attack Tolahealtest with your sword and hit for 79 (-12) damage!
[11:01:59] You hit Tolahealtest for 75 damage!
[11:02:04] Tolahealtest begins moving more quickly.
[11:02:05] You miss!
[11:02:11] You attack Tolahealtest with your sword and hit for 109 (-16) damage!
[11:02:16] You miss!
[11:02:22] You miss!
[11:02:28] You attack Tolahealtest with your sword and hit for 91 (-14) damage!
[11:02:33] You attack Tolahealtest with your sword and hit for 78 (-12) damage!
[11:02:39] You miss!
[11:02:45] You attack Tolahealtest with your sword and hit for 83 (-12) damage!
[11:02:50] You attack Tolahealtest with your sword and hit for 109 (-16) damage!
[11:02:56] You attack Tolahealtest with your sword and hit for 78 (-12) damage!
[11:03:02] You attack Tolahealtest with your sword and hit for 93 (-14) damage!
[11:03:07] You miss!
[11:03:13] You attack Tolahealtest with your sword and hit for 99 (-15) damage!
[11:03:13] You hit Tolahealtest for 74 damage!
[11:03:19] You miss!
[11:03:24] You attack Tolahealtest with your sword and hit for 81 (-12) damage!
[11:03:30] You miss!
[11:03:36] You attack Tolahealtest with your sword and hit for 111 (-17) damage!
[11:03:41] You attack Tolahealtest with your sword and hit for 70 (-11) damage!
[11:03:41] You critical hit for an additional 11 damage!
[11:03:41] Tolahealtest begins moving more slowly!
[11:03:47] You attack Tolahealtest with your sword and hit for 109 (-16) damage!
[11:03:51] Tolahealtest begins moving more quickly.
[11:03:53] You attack Tolahealtest with your sword and hit for 71 (-11) damage!
[11:03:58] You attack Tolahealtest with your sword and hit for 87 (-13) damage!
[11:04:04] You miss!
[11:04:10] You attack Tolahealtest with your sword and hit for 94 (-14) damage!
[11:04:15] You attack Tolahealtest with your sword and hit for 81 (-12) damage!
[11:04:21] You attack Tolahealtest with your sword and hit for 100 (-15) damage!
[11:04:21] Tolahealtest begins moving more slowly!
[11:04:27] You attack Tolahealtest with your sword and hit for 92 (-14) damage!
[11:04:27] You critical hit for an additional 20 damage!
[11:04:27] Tolahealtest begins moving more slowly!
[11:04:32] You attack Tolahealtest with your sword and hit for 92 (-14) damage!
[11:04:37] Tolahealtest begins moving more quickly.
[11:04:38] You miss!
[11:04:44] You attack Tolahealtest with your sword and hit for 80 (-12) damage!
[11:04:49] You attack Tolahealtest with your sword and hit for 103 (-15) damage!
[11:04:55] You attack Tolahealtest with your sword and hit for 106 (-16) damage!
[11:04:55] Tolahealtest resists the effect!
[11:05:01] You miss!
[11:05:06] You attack Tolahealtest with your sword and hit for 87 (-13) damage!
[11:05:12] You attack Tolahealtest with your sword and hit for 71 (-11) damage!
[11:05:18] You attack Tolahealtest with your sword and hit for 94 (-14) damage!
[11:05:23] You attack Tolahealtest with your sword and hit for 79 (-12) damage!
[11:05:29] You miss!
[11:05:35] You attack Tolahealtest with your sword and hit for 96 (-14) damage!
[11:05:40] You attack Tolahealtest with your sword and hit for 86 (-13) damage!
[11:05:46] You attack Tolahealtest with your sword and hit for 79 (-12) damage!
[11:05:52] You attack Tolahealtest with your sword and hit for 96 (-14) damage!
[11:05:57] You attack Tolahealtest with your sword and hit for 96 (-14) damage!
[11:06:03] You attack Tolahealtest with your sword and hit for 69 (-10) damage!
[11:06:09] You attack Tolahealtest with your sword and hit for 74 (-11) damage!
[11:06:12] Your character has been saved.
[11:06:14] You attack Tolahealtest with your sword and hit for 79 (-12) damage!
[11:06:31] You enter combat mode and target [Tolahealtest]
[11:06:31] You attack Tolahealtest with your sword and hit for 95 (-14) damage!
[11:06:31] You hit Tolahealtest for 65 damage!
[11:06:37] You miss!
[11:06:43] You miss!
[11:06:48] You attack Tolahealtest with your sword and hit for 94 (-14) damage!
[11:06:54] You attack Tolahealtest with your sword and hit for 95 (-14) damage!
[11:06:54] You hit Tolahealtest for 72 damage!
[11:07:00] You attack Tolahealtest with your sword and hit for 90 (-13) damage!
[11:07:05] You miss!
[11:07:11] You attack Tolahealtest with your sword and hit for 85 (-13) damage!
[11:07:17] You attack Tolahealtest with your sword and hit for 73 (-11) damage!
[11:07:17] You hit Tolahealtest for 79 damage!
[11:07:22] You miss!
[11:07:28] You attack Tolahealtest with your sword and hit for 94 (-14) damage!
[11:07:28] You critical hit for an additional 10 damage!
[11:07:34] You attack Tolahealtest with your sword and hit for 78 (-12) damage!
[11:07:34] You hit Tolahealtest for 79 damage!
[11:07:39] You attack Tolahealtest with your sword and hit for 75 (-11) damage!
[11:07:45] You attack Tolahealtest with your sword and hit for 111 (-17) damage!
[11:07:51] You attack Tolahealtest with your sword and hit for 80 (-12) damage!
[11:07:56] You attack Tolahealtest with your sword and hit for 81 (-12) damage!
[11:08:02] You attack Tolahealtest with your sword and hit for 77 (-12) damage!
[11:08:02] You hit Tolahealtest for 86 damage!
[11:08:08] You attack Tolahealtest with your sword and hit for 94 (-14) damage!
[11:08:13] You attack Tolahealtest with your sword and hit for 94 (-14) damage!

*** Chat Log Closed: Sat Mar 13 11:08:19 2010


