
*** Chat Log Opened: Sat Mar 13 07:36:31 2010

[07:36:31]  To stop logging, type /chatlog again.
[07:36:38] You sheathe the Exquisite Infernal Barbed Sword from your right hand.
[07:36:38] Your Sword skill has decreased.
[07:36:38] Your Slash resistance has decreased.
[07:36:38] Your Thrust resistance has decreased.
[07:36:38] You wield the Exquisite Infernal Soul Blade in both hands.
[07:36:38] The magic of the Exquisite Infernal Soul Blade flows through you.
[07:36:38] Your Sword skill has increased.
[07:36:38] Your Body resistance increased.
[07:36:38] Your Spirit resistance increased.
[07:36:38] The magic of the Exquisite Infernal Soul Blade flows through you.
[07:36:38] The magic of the Exquisite Infernal Soul Blade flows through you.
[07:36:40] <Begin Info: Exquisite Infernal Soul Blade>
[07:36:40]  
[07:36:40] Magical Bonuses:
[07:36:40] - Sword: 6 pts
[07:36:40] - Body: 8%
[07:36:40] - Spirit: 8%
[07:36:40]  
[07:36:40] Level Requirement: 49 Level
[07:36:40]  
[07:36:40]  
[07:36:40] Magical Ability:
[07:36:40] Function: direct damage
[07:36:40]  
[07:36:40] Damages the target.
[07:36:40]  
[07:36:40] Damage: 71
[07:36:40] Target: Point-Blank Area
[07:36:40] Casting time: instant
[07:36:40] Radius: 350
[07:36:40] Damage: Heat
[07:36:40]  
[07:36:40] - Spell has a chance of casting when this weapon strikes an enemy.
[07:36:40]  
[07:36:40] Damage Modifiers:
[07:36:40] - 16.2 Base DPS (16.2 Clamped DPS)
[07:36:40] - 5.5 Weapon Speed
[07:36:40] - 100% Quality / 100% Condition
[07:36:40] - Damage Type: Slash
[07:36:40]  
[07:36:40] - Effective Damage: 16.2 DPS
[07:36:40]  
[07:36:40]  
[07:36:40] Bonus Level: 39
[07:36:40] <End Info>
[07:36:56] @@You say, "sword +6"
[07:37:00] You enter combat mode and target [Tolahealtest]
[07:37:01] You miss!
[07:37:06] You attack Tolahealtest with your sword and hit for 171 (-26) damage!
[07:37:06] Tolahealtest begins moving more slowly!
[07:37:12] You attack Tolahealtest with your sword and hit for 138 (-21) damage!
[07:37:16] Tolahealtest begins moving more quickly.
[07:37:18] You attack Tolahealtest with your sword and hit for 159 (-24) damage!
[07:37:18] You hit Tolahealtest for 64 damage!
[07:37:23] You attack Tolahealtest with your sword and hit for 170 (-25) damage!
[07:37:29] You attack Tolahealtest with your sword and hit for 156 (-23) damage!
[07:37:29] Tolahealtest begins moving more slowly!
[07:37:34] You attack Tolahealtest with your sword and hit for 163 (-24) damage!
[07:37:39] Tolahealtest begins moving more quickly.
[07:37:40] You attack Tolahealtest with your sword and hit for 163 (-24) damage!
[07:37:40] Tolahealtest begins moving more slowly!
[07:37:50] Tolahealtest begins moving more quickly.
[07:37:51] You enter combat mode and target [Tolahealtest]
[07:37:51] You attack Tolahealtest with your sword and hit for 180 (-27) damage!
[07:37:57] You attack Tolahealtest with your sword and hit for 149 (-22) damage!
[07:38:03] You attack Tolahealtest with your sword and hit for 171 (-26) damage!
[07:38:03] Tolahealtest begins moving more slowly!
[07:38:08] You miss!
[07:38:13] Tolahealtest begins moving more quickly.
[07:38:14] You miss!
[07:38:19] You attack Tolahealtest with your sword and hit for 158 (-24) damage!
[07:38:25] You attack Tolahealtest with your sword and hit for 154 (-23) damage!
[07:38:31] You attack Tolahealtest with your sword and hit for 169 (-25) damage!
[07:38:31] You hit Tolahealtest for 78 damage!
[07:38:37] You attack Tolahealtest with your sword and hit for 152 (-23) damage!
[07:38:51] You enter combat mode and target [Tolahealtest]
[07:38:51] You attack Tolahealtest with your sword and hit for 175 (-26) damage!
[07:38:57] You attack Tolahealtest with your sword and hit for 178 (-27) damage!
[07:39:02] You attack Tolahealtest with your sword and hit for 178 (-27) damage!
[07:39:02] You hit Tolahealtest for 75 damage!
[07:39:02] Tolahealtest begins moving more slowly!
[07:39:08] You attack Tolahealtest with your sword and hit for 131 (-20) damage!
[07:39:12] Tolahealtest begins moving more quickly.
[07:39:14] You attack Tolahealtest with your sword and hit for 136 (-20) damage!
[07:39:19] You attack Tolahealtest with your sword and hit for 143 (-21) damage!
[07:39:25] You miss!
[07:39:31] You attack Tolahealtest with your sword and hit for 165 (-25) damage!
[07:39:36] You attack Tolahealtest with your sword and hit for 144 (-21) damage!
[07:39:42] You attack Tolahealtest with your sword and hit for 170 (-25) damage!
[07:39:48] You attack Tolahealtest with your sword and hit for 148 (-22) damage!
[07:39:53] You attack Tolahealtest with your sword and hit for 151 (-23) damage!
[07:39:59] You miss!
[07:40:05] You attack Tolahealtest with your sword and hit for 180 (-27) damage!
[07:40:05] Tolahealtest resists the effect!
[07:40:10] You attack Tolahealtest with your sword and hit for 153 (-23) damage!
[07:40:16] You attack Tolahealtest with your sword and hit for 137 (-21) damage!
[07:40:22] You attack Tolahealtest with your sword and hit for 179 (-27) damage!
[07:40:27] You miss!
[07:40:33] You attack Tolahealtest with your sword and hit for 139 (-21) damage!
[07:40:49] You enter combat mode and target [Tolahealtest]
[07:40:49] You attack Tolahealtest with your sword and hit for 174 (-26) damage!
[07:40:55] You attack Tolahealtest with your sword and hit for 142 (-21) damage!
[07:41:00] You attack Tolahealtest with your sword and hit for 174 (-26) damage!
[07:41:00] Tolahealtest begins moving more slowly!
[07:41:06] You attack Tolahealtest with your sword and hit for 146 (-22) damage!
[07:41:10] Tolahealtest begins moving more quickly.
[07:41:12] You miss!
[07:41:17] You attack Tolahealtest with your sword and hit for 168 (-25) damage!
[07:41:23] You attack Tolahealtest with your sword and hit for 146 (-22) damage!
[07:41:29] You attack Tolahealtest with your sword and hit for 133 (-20) damage!
[07:41:29] You critical hit for an additional 57 damage!
[07:41:29] You hit Tolahealtest for 79 damage!
[07:41:41] You enter combat mode and target [Tolahealtest]
[07:41:41] You attack Tolahealtest with your sword and hit for 132 (-20) damage!
[07:41:46] You attack Tolahealtest with your sword and hit for 145 (-22) damage!
[07:41:52] You attack Tolahealtest with your sword and hit for 131 (-20) damage!
[07:41:58] You attack Tolahealtest with your sword and hit for 134 (-20) damage!
[07:42:03] You miss!
[07:42:09] You attack Tolahealtest with your sword and hit for 136 (-20) damage!
[07:42:09] Tolahealtest begins moving more slowly!
[07:42:15] You attack Tolahealtest with your sword and hit for 167 (-25) damage!
[07:42:19] Tolahealtest begins moving more quickly.
[07:42:20] You attack Tolahealtest with your sword and hit for 142 (-21) damage!
[07:42:26] You miss!
[07:42:32] You attack Tolahealtest with your sword and hit for 134 (-20) damage!
[07:42:32] You critical hit for an additional 44 damage!
[07:42:37] You attack Tolahealtest with your sword and hit for 173 (-26) damage!
[07:42:56] You enter combat mode and target [Tolahealtest]
[07:42:56] You attack Tolahealtest with your sword and hit for 143 (-21) damage!
[07:43:01] You attack Tolahealtest with your sword and hit for 146 (-22) damage!
[07:43:07] You attack Tolahealtest with your sword and hit for 178 (-27) damage!
[07:43:13] You attack Tolahealtest with your sword and hit for 159 (-24) damage!
[07:43:18] You attack Tolahealtest with your sword and hit for 177 (-26) damage!
[07:43:18] You critical hit for an additional 63 damage!
[07:43:24] You attack Tolahealtest with your sword and hit for 169 (-25) damage!
[07:43:30] You attack Tolahealtest with your sword and hit for 169 (-25) damage!
[07:43:30] You hit Tolahealtest for 80 damage!
[07:43:30] Tolahealtest begins moving more slowly!
[07:43:40] Tolahealtest begins moving more quickly.
[07:43:50] You enter combat mode and target [Tolahealtest]
[07:43:50] You miss!
[07:43:55] You attack Tolahealtest with your sword and hit for 158 (-24) damage!
[07:43:55] You critical hit for an additional 58 damage!
[07:44:01] You attack Tolahealtest with your sword and hit for 154 (-23) damage!
[07:44:01] You critical hit for an additional 46 damage!
[07:44:07] You miss!
[07:44:12] You attack Tolahealtest with your sword and hit for 142 (-21) damage!
[07:44:18] You attack Tolahealtest with your sword and hit for 138 (-21) damage!
[07:44:24] You attack Tolahealtest with your sword and hit for 178 (-27) damage!
[07:44:29] You attack Tolahealtest with your sword and hit for 160 (-24) damage!
[07:44:29] You critical hit for an additional 72 damage!
[07:44:35] You attack Tolahealtest with your sword and hit for 158 (-24) damage!
[07:44:35] You hit Tolahealtest for 77 damage!
[07:44:53] You enter combat mode and target [Tolahealtest]
[07:44:53] You attack Tolahealtest with your sword and hit for 181 (-27) damage!
[07:44:53] Tolahealtest begins moving more slowly!
[07:44:59] You attack Tolahealtest with your sword and hit for 181 (-27) damage!
[07:45:03] Tolahealtest begins moving more quickly.
[07:45:05] You attack Tolahealtest with your sword and hit for 168 (-25) damage!
[07:45:10] You attack Tolahealtest with your sword and hit for 163 (-24) damage!
[07:45:10] Tolahealtest begins moving more slowly!
[07:45:16] You attack Tolahealtest with your sword and hit for 132 (-20) damage!
[07:45:20] Tolahealtest begins moving more quickly.
[07:45:22] You attack Tolahealtest with your sword and hit for 152 (-23) damage!
[07:45:22] You hit Tolahealtest for 72 damage!
[07:45:27] You attack Tolahealtest with your sword and hit for 131 (-20) damage!
[07:45:43] You enter combat mode and target [Tolahealtest]
[07:45:43] You attack Tolahealtest with your sword and hit for 175 (-26) damage!
[07:45:48] You attack Tolahealtest with your sword and hit for 138 (-21) damage!
[07:45:48] You hit Tolahealtest for 61 damage!
[07:45:54] You attack Tolahealtest with your sword and hit for 176 (-26) damage!
[07:45:54] Tolahealtest begins moving more slowly!
[07:45:58] Your character has been saved.
[07:46:00] You attack Tolahealtest with your sword and hit for 180 (-27) damage!
[07:46:04] Tolahealtest begins moving more quickly.
[07:46:05] You attack Tolahealtest with your sword and hit for 166 (-25) damage!
[07:46:05] Tolahealtest begins moving more slowly!
[07:46:11] You attack Tolahealtest with your sword and hit for 165 (-25) damage!
[07:46:15] Tolahealtest begins moving more quickly.
[07:46:17] You miss!
[07:46:22] You attack Tolahealtest with your sword and hit for 138 (-21) damage!
[07:46:28] You attack Tolahealtest with your sword and hit for 138 (-21) damage!
[07:46:28] Tolahealtest begins moving more slowly!
[07:46:34] You attack Tolahealtest with your sword and hit for 158 (-24) damage!
[07:46:38] Tolahealtest begins moving more quickly.
[07:46:39] You attack Tolahealtest with your sword and hit for 158 (-24) damage!
[07:46:45] You attack Tolahealtest with your sword and hit for 174 (-26) damage!
[07:46:51] You attack Tolahealtest with your sword and hit for 160 (-24) damage!
[07:46:56] You attack Tolahealtest with your sword and hit for 136 (-20) damage!
[07:47:02] You attack Tolahealtest with your sword and hit for 179 (-27) damage!
[07:47:08] You miss!
[07:47:13] You attack Tolahealtest with your sword and hit for 174 (-26) damage!
[07:47:29] You enter combat mode and target [Tolahealtest]
[07:47:29] You attack Tolahealtest with your sword and hit for 142 (-21) damage!
[07:47:29] You hit Tolahealtest for 70 damage!
[07:47:34] You attack Tolahealtest with your sword and hit for 174 (-26) damage!
[07:47:34] You critical hit for an additional 59 damage!
[07:47:40] You attack Tolahealtest with your sword and hit for 142 (-21) damage!
[07:47:46] You attack Tolahealtest with your sword and hit for 138 (-21) damage!
[07:47:51] You attack Tolahealtest with your sword and hit for 179 (-27) damage!
[07:47:57] You attack Tolahealtest with your sword and hit for 137 (-21) damage!
[07:47:57] Tolahealtest begins moving more slowly!
[07:48:03] You attack Tolahealtest with your sword and hit for 154 (-23) damage!
[07:48:03] You critical hit for an additional 60 damage!
[07:48:07] Tolahealtest begins moving more quickly.
[07:48:18] You enter combat mode and target [Tolahealtest]
[07:48:18] You miss!
[07:48:23] You attack Tolahealtest with your sword and hit for 143 (-21) damage!
[07:48:29] You miss!
[07:48:35] You attack Tolahealtest with your sword and hit for 167 (-25) damage!
[07:48:40] You attack Tolahealtest with your sword and hit for 173 (-26) damage!
[07:48:40] You hit Tolahealtest for 76 damage!
[07:48:46] You attack Tolahealtest with your sword and hit for 157 (-23) damage!
[07:48:52] You miss!
[07:48:57] You attack Tolahealtest with your sword and hit for 179 (-27) damage!
[07:49:03] You attack Tolahealtest with your sword and hit for 164 (-25) damage!
[07:49:09] You attack Tolahealtest with your sword and hit for 179 (-27) damage!
[07:49:09] You critical hit for an additional 71 damage!
[07:49:23] You enter combat mode and target [Tolahealtest]
[07:49:24] You miss!
[07:49:29] You attack Tolahealtest with your sword and hit for 179 (-27) damage!
[07:49:35] You attack Tolahealtest with your sword and hit for 180 (-27) damage!
[07:49:41] You attack Tolahealtest with your sword and hit for 169 (-25) damage!
[07:49:46] You attack Tolahealtest with your sword and hit for 177 (-26) damage!
[07:49:46] You hit Tolahealtest for 70 damage!
[07:49:52] You attack Tolahealtest with your sword and hit for 160 (-24) damage!
[07:49:58] You attack Tolahealtest with your sword and hit for 138 (-21) damage!
[07:49:58] You hit Tolahealtest for 70 damage!
[07:50:03] You attack Tolahealtest with your sword and hit for 153 (-23) damage!
[07:50:20] You enter combat mode and target [Tolahealtest]
[07:50:20] You attack Tolahealtest with your sword and hit for 181 (-27) damage!
[07:50:25] You miss!
[07:50:31] You attack Tolahealtest with your sword and hit for 146 (-22) damage!
[07:50:37] You attack Tolahealtest with your sword and hit for 144 (-21) damage!
[07:50:42] You miss!
[07:50:48] You attack Tolahealtest with your sword and hit for 160 (-24) damage!
[07:50:48] You hit Tolahealtest for 63 damage!
[07:50:54] You attack Tolahealtest with your sword and hit for 172 (-26) damage!
[07:50:59] You attack Tolahealtest with your sword and hit for 134 (-20) damage!
[07:51:05] You miss!
[07:51:11] You miss!
[07:51:16] You miss!
[07:51:22] You attack Tolahealtest with your sword and hit for 133 (-20) damage!
[07:51:28] You attack Tolahealtest with your sword and hit for 130 (-19) damage!
[07:51:33] You attack Tolahealtest with your sword and hit for 146 (-22) damage!
[07:51:39] You miss!
[07:51:45] You attack Tolahealtest with your sword and hit for 156 (-23) damage!
[07:51:50] You attack Tolahealtest with your sword and hit for 167 (-25) damage!
[07:51:56] You attack Tolahealtest with your sword and hit for 157 (-23) damage!
[07:52:02] You attack Tolahealtest with your sword and hit for 145 (-22) damage!
[07:52:07] You attack Tolahealtest with your sword and hit for 177 (-26) damage!
[07:52:13] You attack Tolahealtest with your sword and hit for 176 (-26) damage!
[07:52:18] You attack Tolahealtest with your sword and hit for 163 (-24) damage!
[07:52:18] Tolahealtest begins moving more slowly!
[07:52:24] You miss!
[07:52:28] Tolahealtest begins moving more quickly.
[07:52:30] You attack Tolahealtest with your sword and hit for 152 (-23) damage!
[07:52:36] You attack Tolahealtest with your sword and hit for 163 (-24) damage!
[07:52:50] You enter combat mode and target [Tolahealtest]
[07:52:50] You attack Tolahealtest with your sword and hit for 130 (-19) damage!
[07:52:56] You miss!
[07:53:01] You miss!
[07:53:07] You miss!
[07:53:13] You miss!
[07:53:18] You attack Tolahealtest with your sword and hit for 166 (-25) damage!
[07:53:24] You miss!
[07:53:30] You attack Tolahealtest with your sword and hit for 132 (-20) damage!
[07:53:35] You attack Tolahealtest with your sword and hit for 138 (-21) damage!
[07:53:41] You attack Tolahealtest with your sword and hit for 173 (-26) damage!
[07:53:41] You hit Tolahealtest for 73 damage!
[07:53:47] You attack Tolahealtest with your sword and hit for 165 (-25) damage!
[07:53:52] You attack Tolahealtest with your sword and hit for 170 (-25) damage!
[07:53:58] You miss!
[07:54:04] You attack Tolahealtest with your sword and hit for 155 (-23) damage!
[07:54:09] You attack Tolahealtest with your sword and hit for 163 (-24) damage!

*** Chat Log Closed: Sat Mar 13 07:54:13 2010


